Using pre-set license
Built from '2021.3/staging' branch; Version is '2021.3.22f1 (b6c551784ba3) revision 11978065'; Using compiler version '192829333'; Build Type 'Release'
OS: 'Windows 10  (10.0.19045) 64bit Professional' Language: 'ru' Physical Memory: 8044 MB
BatchMode: 1, IsHumanControllingUs: 0, StartBugReporterOnCrash: 0, Is64bit: 1, IsPro: 1

COMMAND LINE ARGUMENTS:
C:\Program Files\Unity\Hub\Editor\2021.3.22f1\Editor\Unity.exe
-adb2
-batchMode
-noUpm
-name
AssetImportWorker10
-projectPath
C:/Users/student216-4/Documents/GitHub/GoshaWeb
-logFile
Logs/AssetImportWorker10.log
-srvPort
57430
Successfully changed project path to: C:/Users/student216-4/Documents/GitHub/GoshaWeb
C:/Users/student216-4/Documents/GitHub/GoshaWeb
[UnityMemory] Configuration Parameters - Can be set up in boot.config
    "memorysetup-bucket-allocator-granularity=16"
    "memorysetup-bucket-allocator-bucket-count=8"
    "memorysetup-bucket-allocator-block-size=33554432"
    "memorysetup-bucket-allocator-block-count=8"
    "memorysetup-main-allocator-block-size=16777216"
    "memorysetup-thread-allocator-block-size=16777216"
    "memorysetup-gfx-main-allocator-block-size=16777216"
    "memorysetup-gfx-thread-allocator-block-size=16777216"
    "memorysetup-cache-allocator-block-size=4194304"
    "memorysetup-typetree-allocator-block-size=2097152"
    "memorysetup-profiler-bucket-allocator-granularity=16"
    "memorysetup-profiler-bucket-allocator-bucket-count=8"
    "memorysetup-profiler-bucket-allocator-block-size=33554432"
    "memorysetup-profiler-bucket-allocator-block-count=8"
    "memorysetup-profiler-allocator-block-size=16777216"
    "memorysetup-profiler-editor-allocator-block-size=1048576"
    "memorysetup-temp-allocator-size-main=16777216"
    "memorysetup-job-temp-allocator-block-size=2097152"
    "memorysetup-job-temp-allocator-block-size-background=1048576"
    "memorysetup-job-temp-allocator-reduction-small-platforms=262144"
    "memorysetup-temp-allocator-size-background-worker=32768"
    "memorysetup-temp-allocator-size-job-worker=262144"
    "memorysetup-temp-allocator-size-preload-manager=33554432"
    "memorysetup-temp-allocator-size-nav-mesh-worker=65536"
    "memorysetup-temp-allocator-size-audio-worker=65536"
    "memorysetup-temp-allocator-size-cloud-worker=32768"
    "memorysetup-temp-allocator-size-gi-baking-worker=262144"
    "memorysetup-temp-allocator-size-gfx=262144"
Player connection [6632] Host "[IP] 10.10.77.104 [Port] 0 [Flags] 2 [Guid] 355011035 [EditorId] 355011035 [Version] 1048832 [Id] WindowsEditor(7,PC-216-04) [Debug] 1 [PackageName] WindowsEditor [ProjectName] Editor" joined multi-casting on [225.0.0.222:54997]...

Player connection [6632] Host "[IP] 10.10.77.104 [Port] 0 [Flags] 2 [Guid] 355011035 [EditorId] 355011035 [Version] 1048832 [Id] WindowsEditor(7,PC-216-04) [Debug] 1 [PackageName] WindowsEditor [ProjectName] Editor" joined alternative multi-casting on [225.0.0.222:34997]...

Refreshing native plugins compatible for Editor in 158.04 ms, found 4 plugins.
Preloading 0 native plugins for Editor in 0.00 ms.
Initialize engine version: 2021.3.22f1 (b6c551784ba3)
[Subsystems] Discovering subsystems at path C:/Program Files/Unity/Hub/Editor/2021.3.22f1/Editor/Data/Resources/UnitySubsystems
[Subsystems] Discovering subsystems at path C:/Users/student216-4/Documents/GitHub/GoshaWeb/Assets
GfxDevice: creating device client; threaded=0; jobified=0
Direct3D:
    Version:  Direct3D 11.0 [level 11.0]
    Renderer: NVIDIA GeForce GT 730 (ID=0x1287)
    Vendor:   NVIDIA
    VRAM:     4052 MB
    Driver:   27.21.14.5671
Initialize mono
Mono path[0] = 'C:/Program Files/Unity/Hub/Editor/2021.3.22f1/Editor/Data/Managed'
Mono path[1] = 'C:/Program Files/Unity/Hub/Editor/2021.3.22f1/Editor/Data/MonoBleedingEdge/lib/mono/unityjit-win32'
Mono config path = 'C:/Program Files/Unity/Hub/Editor/2021.3.22f1/Editor/Data/MonoBleedingEdge/etc'
Using monoOptions --debugger-agent=transport=dt_socket,embedding=1,server=y,suspend=n,address=127.0.0.1:56172
Begin MonoManager ReloadAssembly
Registering precompiled unity dll's ...
Register platform support module: C:/Program Files/Unity/Hub/Editor/2021.3.22f1/Editor/Data/PlaybackEngines/WebGLSupport/UnityEditor.WebGL.Extensions.dll
Register platform support module: C:/Program Files/Unity/Hub/Editor/2021.3.22f1/Editor/Data/PlaybackEngines/WindowsStandaloneSupport/UnityEditor.WindowsStandalone.Extensions.dll
Registered in 0.010248 seconds.
Native extension for WindowsStandalone target not found
Native extension for WebGL target not found
Refreshing native plugins compatible for Editor in 127.05 ms, found 4 plugins.
Preloading 0 native plugins for Editor in 0.00 ms.
Mono: successfully reloaded assembly
- Completed reload, in  0.772 seconds
Domain Reload Profiling:
	ReloadAssembly (773ms)
		BeginReloadAssembly (176ms)
			ExecutionOrderSort (0ms)
			DisableScriptedObjects (0ms)
			BackupInstance (0ms)
			ReleaseScriptingObjects (0ms)
			CreateAndSetChildDomain (1ms)
		EndReloadAssembly (492ms)
			LoadAssemblies (175ms)
			RebuildTransferFunctionScriptingTraits (0ms)
			SetupTypeCache (99ms)
			ReleaseScriptCaches (0ms)
			RebuildScriptCaches (28ms)
			SetupLoadedEditorAssemblies (314ms)
				LogAssemblyErrors (0ms)
				InitializePlatformSupportModulesInManaged (9ms)
				SetLoadedEditorAssemblies (0ms)
				RefreshPlugins (127ms)
				BeforeProcessingInitializeOnLoad (2ms)
				ProcessInitializeOnLoadAttributes (122ms)
				ProcessInitializeOnLoadMethodAttributes (53ms)
				AfterProcessingInitializeOnLoad (0ms)
				EditorAssembliesLoaded (0ms)
			ExecutionOrderSort2 (0ms)
			AwakeInstancesAfterBackupRestoration (0ms)
Platform modules already initialized, skipping
Registering precompiled user dll's ...
Registered in 0.023270 seconds.
Begin MonoManager ReloadAssembly
Symbol file LoadedFromMemory doesn't match image C:\Users\student216-4\Documents\GitHub\GoshaWeb\Library\PackageCache\com.unity.visualscripting@1.8.0\Editor\VisualScripting.Core\Dependencies\YamlDotNet\Unity.VisualScripting.YamlDotNet.dll
Symbol file LoadedFromMemory doesn't match image C:\Users\student216-4\Documents\GitHub\GoshaWeb\Library\PackageCache\com.unity.visualscripting@1.8.0\Editor\VisualScripting.Core\Dependencies\DotNetZip\Unity.VisualScripting.IonicZip.dll
Native extension for WindowsStandalone target not found
Native extension for WebGL target not found
Refreshing native plugins compatible for Editor in 130.53 ms, found 4 plugins.
Preloading 0 native plugins for Editor in 0.00 ms.
Mono: successfully reloaded assembly
- Completed reload, in  1.440 seconds
Domain Reload Profiling:
	ReloadAssembly (1441ms)
		BeginReloadAssembly (118ms)
			ExecutionOrderSort (0ms)
			DisableScriptedObjects (6ms)
			BackupInstance (0ms)
			ReleaseScriptingObjects (0ms)
			CreateAndSetChildDomain (20ms)
		EndReloadAssembly (1202ms)
			LoadAssemblies (212ms)
			RebuildTransferFunctionScriptingTraits (0ms)
			SetupTypeCache (283ms)
			ReleaseScriptCaches (1ms)
			RebuildScriptCaches (63ms)
			SetupLoadedEditorAssemblies (614ms)
				LogAssemblyErrors (0ms)
				InitializePlatformSupportModulesInManaged (5ms)
				SetLoadedEditorAssemblies (0ms)
				RefreshPlugins (131ms)
				BeforeProcessingInitializeOnLoad (125ms)
				ProcessInitializeOnLoadAttributes (260ms)
				ProcessInitializeOnLoadMethodAttributes (87ms)
				AfterProcessingInitializeOnLoad (6ms)
				EditorAssembliesLoaded (0ms)
			ExecutionOrderSort2 (0ms)
			AwakeInstancesAfterBackupRestoration (5ms)
Platform modules already initialized, skipping
========================================================================
Worker process is ready to serve import requests
Launched and connected shader compiler UnityShaderCompiler.exe after 0.07 seconds
Refreshing native plugins compatible for Editor in 2.06 ms, found 4 plugins.
Preloading 0 native plugins for Editor in 0.00 ms.
Unloading 5245 Unused Serialized files (Serialized files now loaded: 0)
Unloading 40 unused Assets / (0.7 MB). Loaded Objects now: 5699.
Memory consumption went from 209.6 MB to 208.9 MB.
Total: 10.317200 ms (FindLiveObjects: 1.397500 ms CreateObjectMapping: 0.361100 ms MarkObjects: 7.501000 ms  DeleteObjects: 1.054600 ms)

AssetImportParameters requested are different than current active one (requested -> active):
  custom:video-decoder-ogg-theora: a1e56fd34408186e4bbccfd4996cb3dc -> 
  custom:container-muxer-webm: aa71ff27fc2769a1b78a27578f13a17b -> 
  custom:container-demuxer-webm: 4f35f7cbe854078d1ac9338744f61a02 -> 
  custom:video-encoder-webm-vp8: eb34c28f22e8b96e1ab97ce403110664 -> 
  custom:audio-encoder-webm-vorbis: bf7c407c2cedff20999df2af8eb42d56 -> 
  custom:framework-win-MediaFoundation: 216162199b28c13a410421893ffa2e32 -> 
  custom:container-demuxer-ogg: 62fdf1f143b41e24485cea50d1cbac27 -> 
  custom:video-decoder-webm-vp8: 9c59270c3fd7afecdb556c50c9e8de78 -> 
  custom:audio-decoder-ogg-vorbis: bf7c407c2cedff20999df2af8eb42d56 -> 
========================================================================
Received Import Request.
  Time since last request: 100678.012191 seconds.
  path: Assets/Sprites/Icons/Icon5.png
  artifactKey: Guid(a78044821ecea9b42846f9dec186fbeb) Importer(815301076,1909f56bfc062723c751e8b465ee728b)
Start importing Assets/Sprites/Icons/Icon5.png using Guid(a78044821ecea9b42846f9dec186fbeb) Importer(815301076,1909f56bfc062723c751e8b465ee728b)  -> (artifact id: '656529dd6cb7def3d0daf636c0e74298') in 0.252834 seconds 
========================================================================
Received Import Request.
  Time since last request: 0.000125 seconds.
  path: Assets/Sprites/GameIcons/Icon23.png
  artifactKey: Guid(3fe4d0c2f1dd1c34d94e32ecf47992b3) Importer(815301076,1909f56bfc062723c751e8b465ee728b)
Start importing Assets/Sprites/GameIcons/Icon23.png using Guid(3fe4d0c2f1dd1c34d94e32ecf47992b3) Importer(815301076,1909f56bfc062723c751e8b465ee728b)  -> (artifact id: 'f5ddf0d149841dfbaafde9969d4c8c04') in 0.033309 seconds 
========================================================================
Received Import Request.
  Time since last request: 0.000066 seconds.
  path: Assets/Sprites/GameIcons/Icon17.png
  artifactKey: Guid(6f9355e1677f7604db373e62c6b43380) Importer(815301076,1909f56bfc062723c751e8b465ee728b)
Start importing Assets/Sprites/GameIcons/Icon17.png using Guid(6f9355e1677f7604db373e62c6b43380) Importer(815301076,1909f56bfc062723c751e8b465ee728b)  -> (artifact id: 'a3fd71c95bc3f2956098a9b5e0dcc170') in 0.027866 seconds 
========================================================================
Received Import Request.
  Time since last request: 0.000029 seconds.
  path: Assets/Sprites/GameIcons/Icon33.png
  artifactKey: Guid(1be6e8cfa81575d40ad8a50b6df99f98) Importer(815301076,1909f56bfc062723c751e8b465ee728b)
Start importing Assets/Sprites/GameIcons/Icon33.png using Guid(1be6e8cfa81575d40ad8a50b6df99f98) Importer(815301076,1909f56bfc062723c751e8b465ee728b)  -> (artifact id: '27319c71a55c859bd08a61e5f6e66e1d') in 0.024380 seconds 
========================================================================
Received Import Request.
  Time since last request: 0.000031 seconds.
  path: Assets/Sprites/GameIcons/Icon34.png
  artifactKey: Guid(199500de1bc2fc345aeb18958d197425) Importer(815301076,1909f56bfc062723c751e8b465ee728b)
Start importing Assets/Sprites/GameIcons/Icon34.png using Guid(199500de1bc2fc345aeb18958d197425) Importer(815301076,1909f56bfc062723c751e8b465ee728b)  -> (artifact id: 'bd09d287cb5e84e24ad3388a26a5e64e') in 0.031523 seconds 
========================================================================
Received Import Request.
  Time since last request: 0.000026 seconds.
  path: Assets/Sprites/Icons/Icon48.png
  artifactKey: Guid(21ac732dc6e6e5e4ab9c4bda0b42a1ac) Importer(815301076,1909f56bfc062723c751e8b465ee728b)
Start importing Assets/Sprites/Icons/Icon48.png using Guid(21ac732dc6e6e5e4ab9c4bda0b42a1ac) Importer(815301076,1909f56bfc062723c751e8b465ee728b)  -> (artifact id: 'f27b8aeee2de01a39b999b29e15bb1a4') in 0.024823 seconds 
========================================================================
Received Import Request.
  Time since last request: 0.150255 seconds.
  path: Packages/com.unity.2d.psdimporter/Editor/Assets/Icons/Dark/Layers Collapsed@1x.png
  artifactKey: Guid(dd04679f252ec40a8b931fbb52bd3f8b) Importer(815301076,1909f56bfc062723c751e8b465ee728b)
Start importing Packages/com.unity.2d.psdimporter/Editor/Assets/Icons/Dark/Layers Collapsed@1x.png using Guid(dd04679f252ec40a8b931fbb52bd3f8b) Importer(815301076,1909f56bfc062723c751e8b465ee728b)  -> (artifact id: '03dc0f090baeb145f6c67a7d61206ccc') in 0.028934 seconds 
========================================================================
Received Import Request.
  Time since last request: 0.008181 seconds.
  path: Packages/com.unity.2d.psdimporter/Editor/Assets/Icons/Dark/Layers Mixed@8x.png
  artifactKey: Guid(1088bf24503634e7dbadf455fdcf78b6) Importer(815301076,1909f56bfc062723c751e8b465ee728b)
Start importing Packages/com.unity.2d.psdimporter/Editor/Assets/Icons/Dark/Layers Mixed@8x.png using Guid(1088bf24503634e7dbadf455fdcf78b6) Importer(815301076,1909f56bfc062723c751e8b465ee728b)  -> (artifact id: 'b97975d12995f43d1f29933af1ba3716') in 0.031510 seconds 
========================================================================
Received Import Request.
  Time since last request: 0.000032 seconds.
  path: Packages/com.unity.2d.psdimporter/Editor/Assets/Icons/Selected/Layers Separated@4x.png
  artifactKey: Guid(3117700da371f4f3b932c026b648284d) Importer(815301076,1909f56bfc062723c751e8b465ee728b)
Start importing Packages/com.unity.2d.psdimporter/Editor/Assets/Icons/Selected/Layers Separated@4x.png using Guid(3117700da371f4f3b932c026b648284d) Importer(815301076,1909f56bfc062723c751e8b465ee728b)  -> (artifact id: '30fd8188a3ea6f2e849a3da7872b0fed') in 0.029661 seconds 
========================================================================
Received Import Request.
  Time since last request: 0.000486 seconds.
  path: Packages/com.unity.2d.animation/Editor/Assets/SkinningModule/Icons/Light/Mesh@3x.png
  artifactKey: Guid(2d95cf258837ba44896030e25b9f2dd7) Importer(815301076,1909f56bfc062723c751e8b465ee728b)
Start importing Packages/com.unity.2d.animation/Editor/Assets/SkinningModule/Icons/Light/Mesh@3x.png using Guid(2d95cf258837ba44896030e25b9f2dd7) Importer(815301076,1909f56bfc062723c751e8b465ee728b)  -> (artifact id: '8305cfb689bd83ecd6edfed8582c105e') in 0.029106 seconds 
========================================================================
Received Import Request.
  Time since last request: 0.000034 seconds.
  path: Assets/Sprites/Trees/Assets_separately/Trees_shadow/Moss_tree3.png
  artifactKey: Guid(7466cc0b2ba174747adca2a9eb8ffa5d) Importer(815301076,1909f56bfc062723c751e8b465ee728b)
Start importing Assets/Sprites/Trees/Assets_separately/Trees_shadow/Moss_tree3.png using Guid(7466cc0b2ba174747adca2a9eb8ffa5d) Importer(815301076,1909f56bfc062723c751e8b465ee728b)  -> (artifact id: 'a93360e842b15f95705ae06355b88bbf') in 0.080766 seconds 
========================================================================
Received Import Request.
  Time since last request: 0.000023 seconds.
  path: Assets/Sprites/Trees/Assets_separately/Trees/Palm_tree1_3.png
  artifactKey: Guid(ce73b4a546575b441aa660b53bcc089e) Importer(815301076,1909f56bfc062723c751e8b465ee728b)
Start importing Assets/Sprites/Trees/Assets_separately/Trees/Palm_tree1_3.png using Guid(ce73b4a546575b441aa660b53bcc089e) Importer(815301076,1909f56bfc062723c751e8b465ee728b)  -> (artifact id: '794bd4772fd40a0f3599bf70ae3bf8a1') in 0.027680 seconds 
========================================================================
Received Import Request.
  Time since last request: 0.000045 seconds.
  path: Assets/Sprites/Trees/Assets_separately/Trees_texture_shadow/Palm_tree2_3.png
  artifactKey: Guid(a0572c8009283884a883b6626969753f) Importer(815301076,1909f56bfc062723c751e8b465ee728b)
Start importing Assets/Sprites/Trees/Assets_separately/Trees_texture_shadow/Palm_tree2_3.png using Guid(a0572c8009283884a883b6626969753f) Importer(815301076,1909f56bfc062723c751e8b465ee728b)  -> (artifact id: '1c3dc4b5dba862b0d329dd643ae2ad79') in 0.029767 seconds 
========================================================================
Received Import Request.
  Time since last request: 0.000058 seconds.
  path: Assets/Sprites/Trees/Assets_separately/Trees_texture_shadow_dark/Palm_tree1_3.png
  artifactKey: Guid(87bc37baf874fac438fa2877a2e37f42) Importer(815301076,1909f56bfc062723c751e8b465ee728b)
Start importing Assets/Sprites/Trees/Assets_separately/Trees_texture_shadow_dark/Palm_tree1_3.png using Guid(87bc37baf874fac438fa2877a2e37f42) Importer(815301076,1909f56bfc062723c751e8b465ee728b)  -> (artifact id: '1770f544fd908af0116cd4d55e9ec016') in 0.027985 seconds 
========================================================================
Received Import Request.
  Time since last request: 0.266229 seconds.
  path: Packages/com.unity.2d.animation/Editor/Assets/SkinningModule/Icons/Light/Paste.png
  artifactKey: Guid(94cc0d3ec6363a94c8802f10ef239744) Importer(815301076,1909f56bfc062723c751e8b465ee728b)
Start importing Packages/com.unity.2d.animation/Editor/Assets/SkinningModule/Icons/Light/Paste.png using Guid(94cc0d3ec6363a94c8802f10ef239744) Importer(815301076,1909f56bfc062723c751e8b465ee728b)  -> (artifact id: 'fc4db7e773dc62c9908469763c32787a') in 0.042961 seconds 
========================================================================
Received Import Request.
  Time since last request: 4.398043 seconds.
  path: Assets/Sprites/Rocks/Rock1_5_no_shadow.png
  artifactKey: Guid(2cd2801ec11f300458907ba37852d42a) Importer(815301076,1909f56bfc062723c751e8b465ee728b)
Start importing Assets/Sprites/Rocks/Rock1_5_no_shadow.png using Guid(2cd2801ec11f300458907ba37852d42a) Importer(815301076,1909f56bfc062723c751e8b465ee728b)  -> (artifact id: '85333b406901f4b804d7ff26e02b6093') in 0.023301 seconds 
========================================================================
Received Import Request.
  Time since last request: 0.000027 seconds.
  path: Assets/Sprites/Rocks/Rock4_4_no_shadow.png
  artifactKey: Guid(9fad661dbf400094a9c03dfd5f32cfbd) Importer(815301076,1909f56bfc062723c751e8b465ee728b)
Start importing Assets/Sprites/Rocks/Rock4_4_no_shadow.png using Guid(9fad661dbf400094a9c03dfd5f32cfbd) Importer(815301076,1909f56bfc062723c751e8b465ee728b)  -> (artifact id: 'b85e62b9976fd5f79c6207ffd5c97a76') in 0.018763 seconds 
========================================================================
Received Import Request.
  Time since last request: 0.000038 seconds.
  path: Assets/Sprites/Rocks/Rokc3_snow_shadow5.png
  artifactKey: Guid(70192ccf1165fd945b06bdc0974e45a7) Importer(815301076,1909f56bfc062723c751e8b465ee728b)
Start importing Assets/Sprites/Rocks/Rokc3_snow_shadow5.png using Guid(70192ccf1165fd945b06bdc0974e45a7) Importer(815301076,1909f56bfc062723c751e8b465ee728b)  -> (artifact id: '9498e4b7008168cdcbbc92a529220e3c') in 0.020962 seconds 
========================================================================
Received Import Request.
  Time since last request: 0.000044 seconds.
  path: Assets/Sprites/Trees/Assets_separately/Trees_texture_shadow/Snow_christmass_tree2.png
  artifactKey: Guid(3a8887a81c08e0049a3b85ebb1544087) Importer(815301076,1909f56bfc062723c751e8b465ee728b)
Start importing Assets/Sprites/Trees/Assets_separately/Trees_texture_shadow/Snow_christmass_tree2.png using Guid(3a8887a81c08e0049a3b85ebb1544087) Importer(815301076,1909f56bfc062723c751e8b465ee728b)  -> (artifact id: '093edb90a62766fafe20581c2e6d5f79') in 0.021379 seconds 
========================================================================
Received Import Request.
  Time since last request: 0.000023 seconds.
  path: Assets/Sprites/Rocks/Rock6_grass_shadow_dark4.png
  artifactKey: Guid(5c87bd57db903784c99b9fa92a569392) Importer(815301076,1909f56bfc062723c751e8b465ee728b)
Start importing Assets/Sprites/Rocks/Rock6_grass_shadow_dark4.png using Guid(5c87bd57db903784c99b9fa92a569392) Importer(815301076,1909f56bfc062723c751e8b465ee728b)  -> (artifact id: '015750d56ff0df5c5e7a7031fc569f91') in 0.029429 seconds 
========================================================================
Received Import Request.
  Time since last request: 0.000025 seconds.
  path: Assets/Sprites/Bushes/Assets_texture_shadow/Snow_bush2.png
  artifactKey: Guid(407d2bfa2fb7bac49ada7984e29cf3af) Importer(815301076,1909f56bfc062723c751e8b465ee728b)
Start importing Assets/Sprites/Bushes/Assets_texture_shadow/Snow_bush2.png using Guid(407d2bfa2fb7bac49ada7984e29cf3af) Importer(815301076,1909f56bfc062723c751e8b465ee728b)  -> (artifact id: 'bb6f6bfee3a3f9b3299e89097941cbb6') in 0.022638 seconds 
========================================================================
Received Import Request.
  Time since last request: 0.000045 seconds.
  path: Assets/Sprites/Garden Birds_Download_001/spritesheet_red robin.png
  artifactKey: Guid(64c9b7e357593d14cb715e2ec6cb60d8) Importer(815301076,1909f56bfc062723c751e8b465ee728b)
Start importing Assets/Sprites/Garden Birds_Download_001/spritesheet_red robin.png using Guid(64c9b7e357593d14cb715e2ec6cb60d8) Importer(815301076,1909f56bfc062723c751e8b465ee728b)  -> (artifact id: 'f53ed78cc724c2fe130b69c6697f3cf8') in 0.043151 seconds 
========================================================================
Received Import Request.
  Time since last request: 0.000053 seconds.
  path: Assets/Sprites/Rocks/Rokc3_snow_shadow_dark2.png
  artifactKey: Guid(aa3efdfd8dac3954782b927916d50375) Importer(815301076,1909f56bfc062723c751e8b465ee728b)
Start importing Assets/Sprites/Rocks/Rokc3_snow_shadow_dark2.png using Guid(aa3efdfd8dac3954782b927916d50375) Importer(815301076,1909f56bfc062723c751e8b465ee728b)  -> (artifact id: '1918e6f070ea6ad69b88206fdc12483e') in 0.028564 seconds 
========================================================================
Received Import Request.
  Time since last request: 0.000024 seconds.
  path: Assets/Sprites/Rocks/Rock2_1.png
  artifactKey: Guid(66e9daf1992c60c448c61ae29089b30c) Importer(815301076,1909f56bfc062723c751e8b465ee728b)
Start importing Assets/Sprites/Rocks/Rock2_1.png using Guid(66e9daf1992c60c448c61ae29089b30c) Importer(815301076,1909f56bfc062723c751e8b465ee728b)  -> (artifact id: 'ec1d21efe29a66d06b27f7faeab935bd') in 0.028234 seconds 
========================================================================
Received Import Request.
  Time since last request: 0.000045 seconds.
  path: Assets/Sprites/Trees/Assets_separately/Trees_shadow/Snow_christmass_tree1.png
  artifactKey: Guid(e392b8c2285ed234cbbca50665107746) Importer(815301076,1909f56bfc062723c751e8b465ee728b)
Start importing Assets/Sprites/Trees/Assets_separately/Trees_shadow/Snow_christmass_tree1.png using Guid(e392b8c2285ed234cbbca50665107746) Importer(815301076,1909f56bfc062723c751e8b465ee728b)  -> (artifact id: '8587d41ec54c36bcbfe1aa45a5048004') in 0.031143 seconds 
========================================================================
Received Import Request.
  Time since last request: 0.000035 seconds.
  path: Assets/Sprites/Trees/Assets_separately/Trees_texture_shadow_dark/Snow_christmass_tree1.png
  artifactKey: Guid(b4ae2ea7665ddbc4090a896e5e5ba5d6) Importer(815301076,1909f56bfc062723c751e8b465ee728b)
Start importing Assets/Sprites/Trees/Assets_separately/Trees_texture_shadow_dark/Snow_christmass_tree1.png using Guid(b4ae2ea7665ddbc4090a896e5e5ba5d6) Importer(815301076,1909f56bfc062723c751e8b465ee728b)  -> (artifact id: '8c59b850fa0011dc088d55437c024608') in 0.027634 seconds 
========================================================================
Received Import Request.
  Time since last request: 0.000048 seconds.
  path: Packages/com.unity.collab-proxy/Editor/PlasticSCM/Assets/Images/step1@2x.png
  artifactKey: Guid(affeade9874cf2347abb155e8d0db4d8) Importer(815301076,1909f56bfc062723c751e8b465ee728b)
Start importing Packages/com.unity.collab-proxy/Editor/PlasticSCM/Assets/Images/step1@2x.png using Guid(affeade9874cf2347abb155e8d0db4d8) Importer(815301076,1909f56bfc062723c751e8b465ee728b)  -> (artifact id: '3beeb40a373c077f31360f761184a17e') in 0.029587 seconds 
========================================================================
Received Import Request.
  Time since last request: 0.298053 seconds.
  path: Packages/com.unity.2d.animation/Editor/Assets/SkinningModule/Icons/Light/Visibility_Hidded@2x.png
  artifactKey: Guid(f3940f64802892746b2ec336d3b0c5f4) Importer(815301076,1909f56bfc062723c751e8b465ee728b)
Start importing Packages/com.unity.2d.animation/Editor/Assets/SkinningModule/Icons/Light/Visibility_Hidded@2x.png using Guid(f3940f64802892746b2ec336d3b0c5f4) Importer(815301076,1909f56bfc062723c751e8b465ee728b)  -> (artifact id: 'f78893f92aa115266ece45158343f08f') in 0.025643 seconds 
========================================================================
Received Prepare
Registering precompiled user dll's ...
Registered in 0.005415 seconds.
Begin MonoManager ReloadAssembly
Symbol file LoadedFromMemory doesn't match image C:\Users\student216-4\Documents\GitHub\GoshaWeb\Library\PackageCache\com.unity.visualscripting@1.8.0\Editor\VisualScripting.Core\Dependencies\YamlDotNet\Unity.VisualScripting.YamlDotNet.dll
Symbol file LoadedFromMemory doesn't match image C:\Users\student216-4\Documents\GitHub\GoshaWeb\Library\PackageCache\com.unity.visualscripting@1.8.0\Editor\VisualScripting.Core\Dependencies\DotNetZip\Unity.VisualScripting.IonicZip.dll
Native extension for WindowsStandalone target not found
Native extension for WebGL target not found
Refreshing native plugins compatible for Editor in 1.88 ms, found 4 plugins.
Preloading 0 native plugins for Editor in 0.00 ms.
Mono: successfully reloaded assembly
- Completed reload, in  1.487 seconds
Domain Reload Profiling:
	ReloadAssembly (1488ms)
		BeginReloadAssembly (208ms)
			ExecutionOrderSort (0ms)
			DisableScriptedObjects (9ms)
			BackupInstance (0ms)
			ReleaseScriptingObjects (0ms)
			CreateAndSetChildDomain (61ms)
		EndReloadAssembly (1151ms)
			LoadAssemblies (155ms)
			RebuildTransferFunctionScriptingTraits (0ms)
			SetupTypeCache (360ms)
			ReleaseScriptCaches (3ms)
			RebuildScriptCaches (67ms)
			SetupLoadedEditorAssemblies (540ms)
				LogAssemblyErrors (0ms)
				InitializePlatformSupportModulesInManaged (8ms)
				SetLoadedEditorAssemblies (1ms)
				RefreshPlugins (2ms)
				BeforeProcessingInitializeOnLoad (114ms)
				ProcessInitializeOnLoadAttributes (292ms)
				ProcessInitializeOnLoadMethodAttributes (116ms)
				AfterProcessingInitializeOnLoad (7ms)
				EditorAssembliesLoaded (0ms)
			ExecutionOrderSort2 (0ms)
			AwakeInstancesAfterBackupRestoration (9ms)
Platform modules already initialized, skipping
Refreshing native plugins compatible for Editor in 5.44 ms, found 4 plugins.
Preloading 0 native plugins for Editor in 0.00 ms.
Unloading 5100 Unused Serialized files (Serialized files now loaded: 0)
Unloading 27 unused Assets / (0.7 MB). Loaded Objects now: 5718.
Memory consumption went from 204.4 MB to 203.7 MB.
Total: 8.512600 ms (FindLiveObjects: 0.625300 ms CreateObjectMapping: 0.708600 ms MarkObjects: 6.290800 ms  DeleteObjects: 0.885700 ms)

AssetImportParameters requested are different than current active one (requested -> active):
  custom:video-decoder-ogg-theora: a1e56fd34408186e4bbccfd4996cb3dc -> 
  custom:container-muxer-webm: aa71ff27fc2769a1b78a27578f13a17b -> 
  custom:container-demuxer-webm: 4f35f7cbe854078d1ac9338744f61a02 -> 
  custom:video-encoder-webm-vp8: eb34c28f22e8b96e1ab97ce403110664 -> 
  custom:audio-encoder-webm-vorbis: bf7c407c2cedff20999df2af8eb42d56 -> 
  custom:framework-win-MediaFoundation: 216162199b28c13a410421893ffa2e32 -> 
  custom:container-demuxer-ogg: 62fdf1f143b41e24485cea50d1cbac27 -> 
  custom:video-decoder-webm-vp8: 9c59270c3fd7afecdb556c50c9e8de78 -> 
  custom:audio-decoder-ogg-vorbis: bf7c407c2cedff20999df2af8eb42d56 -> 
========================================================================
Received Prepare
Registering precompiled user dll's ...
Registered in 0.006285 seconds.
Begin MonoManager ReloadAssembly
Symbol file LoadedFromMemory doesn't match image C:\Users\student216-4\Documents\GitHub\GoshaWeb\Library\PackageCache\com.unity.visualscripting@1.8.0\Editor\VisualScripting.Core\Dependencies\YamlDotNet\Unity.VisualScripting.YamlDotNet.dll
Symbol file LoadedFromMemory doesn't match image C:\Users\student216-4\Documents\GitHub\GoshaWeb\Library\PackageCache\com.unity.visualscripting@1.8.0\Editor\VisualScripting.Core\Dependencies\DotNetZip\Unity.VisualScripting.IonicZip.dll
Native extension for WindowsStandalone target not found
Native extension for WebGL target not found
Refreshing native plugins compatible for Editor in 1.09 ms, found 4 plugins.
Preloading 0 native plugins for Editor in 0.00 ms.
Mono: successfully reloaded assembly
- Completed reload, in  1.071 seconds
Domain Reload Profiling:
	ReloadAssembly (1072ms)
		BeginReloadAssembly (137ms)
			ExecutionOrderSort (0ms)
			DisableScriptedObjects (7ms)
			BackupInstance (0ms)
			ReleaseScriptingObjects (0ms)
			CreateAndSetChildDomain (37ms)
		EndReloadAssembly (845ms)
			LoadAssemblies (98ms)
			RebuildTransferFunctionScriptingTraits (0ms)
			SetupTypeCache (256ms)
			ReleaseScriptCaches (2ms)
			RebuildScriptCaches (49ms)
			SetupLoadedEditorAssemblies (399ms)
				LogAssemblyErrors (0ms)
				InitializePlatformSupportModulesInManaged (6ms)
				SetLoadedEditorAssemblies (0ms)
				RefreshPlugins (1ms)
				BeforeProcessingInitializeOnLoad (89ms)
				ProcessInitializeOnLoadAttributes (213ms)
				ProcessInitializeOnLoadMethodAttributes (83ms)
				AfterProcessingInitializeOnLoad (7ms)
				EditorAssembliesLoaded (0ms)
			ExecutionOrderSort2 (0ms)
			AwakeInstancesAfterBackupRestoration (8ms)
Platform modules already initialized, skipping
Refreshing native plugins compatible for Editor in 2.56 ms, found 4 plugins.
Preloading 0 native plugins for Editor in 0.00 ms.
Unloading 5100 Unused Serialized files (Serialized files now loaded: 0)
Unloading 27 unused Assets / (0.7 MB). Loaded Objects now: 5721.
Memory consumption went from 204.5 MB to 203.8 MB.
Total: 4.126000 ms (FindLiveObjects: 0.478600 ms CreateObjectMapping: 0.374300 ms MarkObjects: 2.899800 ms  DeleteObjects: 0.372500 ms)

AssetImportParameters requested are different than current active one (requested -> active):
  custom:video-decoder-ogg-theora: a1e56fd34408186e4bbccfd4996cb3dc -> 
  custom:container-muxer-webm: aa71ff27fc2769a1b78a27578f13a17b -> 
  custom:container-demuxer-webm: 4f35f7cbe854078d1ac9338744f61a02 -> 
  custom:video-encoder-webm-vp8: eb34c28f22e8b96e1ab97ce403110664 -> 
  custom:audio-encoder-webm-vorbis: bf7c407c2cedff20999df2af8eb42d56 -> 
  custom:framework-win-MediaFoundation: 216162199b28c13a410421893ffa2e32 -> 
  custom:container-demuxer-ogg: 62fdf1f143b41e24485cea50d1cbac27 -> 
  custom:video-decoder-webm-vp8: 9c59270c3fd7afecdb556c50c9e8de78 -> 
  custom:audio-decoder-ogg-vorbis: bf7c407c2cedff20999df2af8eb42d56 -> 
========================================================================
Received Prepare
Registering precompiled user dll's ...
Registered in 0.005600 seconds.
Begin MonoManager ReloadAssembly
Symbol file LoadedFromMemory doesn't match image C:\Users\student216-4\Documents\GitHub\GoshaWeb\Library\PackageCache\com.unity.visualscripting@1.8.0\Editor\VisualScripting.Core\Dependencies\YamlDotNet\Unity.VisualScripting.YamlDotNet.dll
Symbol file LoadedFromMemory doesn't match image C:\Users\student216-4\Documents\GitHub\GoshaWeb\Library\PackageCache\com.unity.visualscripting@1.8.0\Editor\VisualScripting.Core\Dependencies\DotNetZip\Unity.VisualScripting.IonicZip.dll
Native extension for WindowsStandalone target not found
Native extension for WebGL target not found
Refreshing native plugins compatible for Editor in 1.04 ms, found 4 plugins.
Preloading 0 native plugins for Editor in 0.00 ms.
Mono: successfully reloaded assembly
- Completed reload, in  1.094 seconds
Domain Reload Profiling:
	ReloadAssembly (1094ms)
		BeginReloadAssembly (140ms)
			ExecutionOrderSort (0ms)
			DisableScriptedObjects (8ms)
			BackupInstance (0ms)
			ReleaseScriptingObjects (0ms)
			CreateAndSetChildDomain (37ms)
		EndReloadAssembly (861ms)
			LoadAssemblies (97ms)
			RebuildTransferFunctionScriptingTraits (0ms)
			SetupTypeCache (281ms)
			ReleaseScriptCaches (2ms)
			RebuildScriptCaches (50ms)
			SetupLoadedEditorAssemblies (398ms)
				LogAssemblyErrors (0ms)
				InitializePlatformSupportModulesInManaged (6ms)
				SetLoadedEditorAssemblies (0ms)
				RefreshPlugins (1ms)
				BeforeProcessingInitializeOnLoad (89ms)
				ProcessInitializeOnLoadAttributes (214ms)
				ProcessInitializeOnLoadMethodAttributes (81ms)
				AfterProcessingInitializeOnLoad (6ms)
				EditorAssembliesLoaded (0ms)
			ExecutionOrderSort2 (0ms)
			AwakeInstancesAfterBackupRestoration (7ms)
Platform modules already initialized, skipping
Refreshing native plugins compatible for Editor in 2.82 ms, found 4 plugins.
Preloading 0 native plugins for Editor in 0.00 ms.
Unloading 5100 Unused Serialized files (Serialized files now loaded: 0)
Unloading 27 unused Assets / (0.7 MB). Loaded Objects now: 5724.
Memory consumption went from 204.5 MB to 203.8 MB.
Total: 3.736600 ms (FindLiveObjects: 0.497000 ms CreateObjectMapping: 0.414900 ms MarkObjects: 2.476400 ms  DeleteObjects: 0.347300 ms)

AssetImportParameters requested are different than current active one (requested -> active):
  custom:video-decoder-ogg-theora: a1e56fd34408186e4bbccfd4996cb3dc -> 
  custom:container-muxer-webm: aa71ff27fc2769a1b78a27578f13a17b -> 
  custom:container-demuxer-webm: 4f35f7cbe854078d1ac9338744f61a02 -> 
  custom:video-encoder-webm-vp8: eb34c28f22e8b96e1ab97ce403110664 -> 
  custom:audio-encoder-webm-vorbis: bf7c407c2cedff20999df2af8eb42d56 -> 
  custom:framework-win-MediaFoundation: 216162199b28c13a410421893ffa2e32 -> 
  custom:container-demuxer-ogg: 62fdf1f143b41e24485cea50d1cbac27 -> 
  custom:video-decoder-webm-vp8: 9c59270c3fd7afecdb556c50c9e8de78 -> 
  custom:audio-decoder-ogg-vorbis: bf7c407c2cedff20999df2af8eb42d56 -> 
========================================================================
Received Import Request.
  Time since last request: 281.110286 seconds.
  path: Assets/Sprites/deaddscr.jpg
  artifactKey: Guid(49552799b249d2e4880ca325ea030a28) Importer(815301076,1909f56bfc062723c751e8b465ee728b)
Start importing Assets/Sprites/deaddscr.jpg using Guid(49552799b249d2e4880ca325ea030a28) Importer(815301076,1909f56bfc062723c751e8b465ee728b)  -> (artifact id: '6ad286e3eb73d4f3ec474f6dc0842e06') in 0.112410 seconds 
========================================================================
Received Import Request.
  Time since last request: 84.898736 seconds.
  path: Assets/Sprites/Trees/Assets_separately/Trees_texture_shadow/Broken_tree4.png
  artifactKey: Guid(aa551e5a5fda45b4691865f11a2ec20e) Importer(815301076,1909f56bfc062723c751e8b465ee728b)
Start importing Assets/Sprites/Trees/Assets_separately/Trees_texture_shadow/Broken_tree4.png using Guid(aa551e5a5fda45b4691865f11a2ec20e) Importer(815301076,1909f56bfc062723c751e8b465ee728b)  -> (artifact id: 'b55d34dbfb89d270eb70b3afd1bcce02') in 0.032219 seconds 
========================================================================
Received Import Request.
  Time since last request: 0.000027 seconds.
  path: Assets/Sprites/Trees/Assets_separately/Trees_texture_shadow_dark/Broken_tree4.png
  artifactKey: Guid(b68382994ad5bb744bf0154fe9e84ec2) Importer(815301076,1909f56bfc062723c751e8b465ee728b)
Start importing Assets/Sprites/Trees/Assets_separately/Trees_texture_shadow_dark/Broken_tree4.png using Guid(b68382994ad5bb744bf0154fe9e84ec2) Importer(815301076,1909f56bfc062723c751e8b465ee728b)  -> (artifact id: '16b56d3952eb851e45136cc709b42cb2') in 0.028800 seconds 
========================================================================
Received Import Request.
  Time since last request: 0.000044 seconds.
  path: Assets/Sprites/Trees/Assets_separately/Trees/Broken_tree4.png
  artifactKey: Guid(522082d690cd4514e98a38654d116def) Importer(815301076,1909f56bfc062723c751e8b465ee728b)
Start importing Assets/Sprites/Trees/Assets_separately/Trees/Broken_tree4.png using Guid(522082d690cd4514e98a38654d116def) Importer(815301076,1909f56bfc062723c751e8b465ee728b)  -> (artifact id: '54cfc7ba04443381886f733bdcdffcc9') in 0.028040 seconds 
========================================================================
Received Import Request.
  Time since last request: 0.000033 seconds.
  path: Assets/Sprites/Trees/Assets_separately/Trees_shadow/Broken_tree7.png
  artifactKey: Guid(580054bf5441b024b91afa0b258a0ba3) Importer(815301076,1909f56bfc062723c751e8b465ee728b)
Start importing Assets/Sprites/Trees/Assets_separately/Trees_shadow/Broken_tree7.png using Guid(580054bf5441b024b91afa0b258a0ba3) Importer(815301076,1909f56bfc062723c751e8b465ee728b)  -> (artifact id: 'ec60090a8f3869a896d7f8da1232cf7e') in 0.024714 seconds 
========================================================================
Received Import Request.
  Time since last request: 0.000060 seconds.
  path: Assets/Sprites/Bushes/Assets_texture_shadow/Bush_simple2_1.png
  artifactKey: Guid(73d0a47fe56ba4b4da9e5a0a39ee8707) Importer(815301076,1909f56bfc062723c751e8b465ee728b)
Start importing Assets/Sprites/Bushes/Assets_texture_shadow/Bush_simple2_1.png using Guid(73d0a47fe56ba4b4da9e5a0a39ee8707) Importer(815301076,1909f56bfc062723c751e8b465ee728b)  -> (artifact id: '961c7a2e775b97fd6483e7784c72c385') in 0.026856 seconds 
========================================================================
Received Import Request.
  Time since last request: 0.000048 seconds.
  path: Assets/Sprites/Trees/Assets_separately/Trees_shadow/Broken_tree4.png
  artifactKey: Guid(9e45fc21ea3edb9488f63f892d34a112) Importer(815301076,1909f56bfc062723c751e8b465ee728b)
Start importing Assets/Sprites/Trees/Assets_separately/Trees_shadow/Broken_tree4.png using Guid(9e45fc21ea3edb9488f63f892d34a112) Importer(815301076,1909f56bfc062723c751e8b465ee728b)  -> (artifact id: '40eddc9ab9ce2f406c4b5110317b615e') in 0.020997 seconds 
========================================================================
Received Import Request.
  Time since last request: 52.721875 seconds.
  path: Assets/Sprites/Bushes/Assets_shadow/Burned_tree2.png
  artifactKey: Guid(a6410f8032cb40041845cbca8e0fb448) Importer(815301076,1909f56bfc062723c751e8b465ee728b)
Start importing Assets/Sprites/Bushes/Assets_shadow/Burned_tree2.png using Guid(a6410f8032cb40041845cbca8e0fb448) Importer(815301076,1909f56bfc062723c751e8b465ee728b)  -> (artifact id: '816fd6d5fa28c8ab5be294eee842f99b') in 0.027866 seconds 
========================================================================
Received Import Request.
  Time since last request: 0.000031 seconds.
  path: Assets/Sprites/Trees/Assets_separately/Trees/Burned_tree3.png
  artifactKey: Guid(59f78e080400acb4b9a54105af96d500) Importer(815301076,1909f56bfc062723c751e8b465ee728b)
Start importing Assets/Sprites/Trees/Assets_separately/Trees/Burned_tree3.png using Guid(59f78e080400acb4b9a54105af96d500) Importer(815301076,1909f56bfc062723c751e8b465ee728b)  -> (artifact id: 'f1fe8a8a4adce787b27c5f00468f884d') in 0.023069 seconds 
========================================================================
Received Import Request.
  Time since last request: 0.000055 seconds.
  path: Assets/Sprites/Bushes/Assets/Bush_orange_flowers1.png
  artifactKey: Guid(ef397bb2759f4204497c66b9f94ec545) Importer(815301076,1909f56bfc062723c751e8b465ee728b)
Start importing Assets/Sprites/Bushes/Assets/Bush_orange_flowers1.png using Guid(ef397bb2759f4204497c66b9f94ec545) Importer(815301076,1909f56bfc062723c751e8b465ee728b)  -> (artifact id: '74c78e238b87df7cda93767fedc4a4df') in 0.023072 seconds 
========================================================================
Received Import Request.
  Time since last request: 0.000046 seconds.
  path: Assets/Sprites/Bushes/Assets_texture_shadow_dark/Cactus2_3.png
  artifactKey: Guid(ac7a8bdc2ec9c0a47bc39dd8cfc692b2) Importer(815301076,1909f56bfc062723c751e8b465ee728b)
Start importing Assets/Sprites/Bushes/Assets_texture_shadow_dark/Cactus2_3.png using Guid(ac7a8bdc2ec9c0a47bc39dd8cfc692b2) Importer(815301076,1909f56bfc062723c751e8b465ee728b)  -> (artifact id: '65e3c65e546236331d19472bb01992f5') in 0.024396 seconds 
========================================================================
Received Import Request.
  Time since last request: 0.000044 seconds.
  path: Assets/Sprites/Bushes/Assets_texture_shadow/Bush_orange_flowers2.png
  artifactKey: Guid(09af0ae6e421e494aa4cda752a8be88c) Importer(815301076,1909f56bfc062723c751e8b465ee728b)
Start importing Assets/Sprites/Bushes/Assets_texture_shadow/Bush_orange_flowers2.png using Guid(09af0ae6e421e494aa4cda752a8be88c) Importer(815301076,1909f56bfc062723c751e8b465ee728b)  -> (artifact id: 'a299045293f43529d58393d574a69648') in 0.032280 seconds 
========================================================================
Received Import Request.
  Time since last request: 0.000029 seconds.
  path: Assets/Sprites/Bushes/Assets_shadow/Bush_orange_flowers1.png
  artifactKey: Guid(3228259f24402534db21018850dff871) Importer(815301076,1909f56bfc062723c751e8b465ee728b)
Start importing Assets/Sprites/Bushes/Assets_shadow/Bush_orange_flowers1.png using Guid(3228259f24402534db21018850dff871) Importer(815301076,1909f56bfc062723c751e8b465ee728b)  -> (artifact id: '12494b0e3e20fbb13e30e4b725d235e0') in 0.020008 seconds 
========================================================================
Received Import Request.
  Time since last request: 0.000045 seconds.
  path: Assets/Sprites/Bushes/Assets/Cactus2_1.png
  artifactKey: Guid(1d239f7f0599eaf46946964459cc53fe) Importer(815301076,1909f56bfc062723c751e8b465ee728b)
Start importing Assets/Sprites/Bushes/Assets/Cactus2_1.png using Guid(1d239f7f0599eaf46946964459cc53fe) Importer(815301076,1909f56bfc062723c751e8b465ee728b)  -> (artifact id: 'a7d082a92e1cd3000545d9507177b5fa') in 0.028287 seconds 
========================================================================
Received Import Request.
  Time since last request: 0.000023 seconds.
  path: Assets/Sprites/Bushes/Assets_texture_shadow/Bush_orange_flowers1.png
  artifactKey: Guid(f64dbc685abcd1349b94415158610c37) Importer(815301076,1909f56bfc062723c751e8b465ee728b)
Start importing Assets/Sprites/Bushes/Assets_texture_shadow/Bush_orange_flowers1.png using Guid(f64dbc685abcd1349b94415158610c37) Importer(815301076,1909f56bfc062723c751e8b465ee728b)  -> (artifact id: 'f685aefe78f5b4113b1085f3fc3e50b1') in 0.019406 seconds 
========================================================================
Received Import Request.
  Time since last request: 0.000036 seconds.
  path: Assets/Sprites/Trees/Assets_separately/Trees_shadow/Burned_tree3.png
  artifactKey: Guid(6d65783e6e98df2488949b091c3d6663) Importer(815301076,1909f56bfc062723c751e8b465ee728b)
Start importing Assets/Sprites/Trees/Assets_separately/Trees_shadow/Burned_tree3.png using Guid(6d65783e6e98df2488949b091c3d6663) Importer(815301076,1909f56bfc062723c751e8b465ee728b)  -> (artifact id: '9542c66e8cd2396059dc7c2d5a7e6f0d') in 0.022095 seconds 
========================================================================
Received Import Request.
  Time since last request: 1.795439 seconds.
  path: Packages/com.unity.collab-proxy/Editor/PlasticSCM/Assets/Images/icondeletedlocaloverlay@2x.png
  artifactKey: Guid(a3e491f99ea3ad74f8731ca93e84c497) Importer(815301076,1909f56bfc062723c751e8b465ee728b)
Start importing Packages/com.unity.collab-proxy/Editor/PlasticSCM/Assets/Images/icondeletedlocaloverlay@2x.png using Guid(a3e491f99ea3ad74f8731ca93e84c497) Importer(815301076,1909f56bfc062723c751e8b465ee728b)  -> (artifact id: '5b156033d0ad0c2ece9b6aad936c5b93') in 0.036833 seconds 
========================================================================
Received Import Request.
  Time since last request: 0.000039 seconds.
  path: Packages/com.unity.collab-proxy/Editor/PlasticSCM/Assets/Images/iconoutofsync@2x.png
  artifactKey: Guid(d7094718bdac022428dd29244922d06b) Importer(815301076,1909f56bfc062723c751e8b465ee728b)
Start importing Packages/com.unity.collab-proxy/Editor/PlasticSCM/Assets/Images/iconoutofsync@2x.png using Guid(d7094718bdac022428dd29244922d06b) Importer(815301076,1909f56bfc062723c751e8b465ee728b)  -> (artifact id: '826dd8c9f05e23a05b3dc828b74b6224') in 0.033099 seconds 
========================================================================
Received Import Request.
  Time since last request: 1.085548 seconds.
  path: Assets/KrishnaPalacio/MINIFANTASY - Forgotten Plains/Sprites/Tileset/River/GIFs/River1.gif
  artifactKey: Guid(e38259821c75cee488a64f34313a3c6c) Importer(815301076,1909f56bfc062723c751e8b465ee728b)
Start importing Assets/KrishnaPalacio/MINIFANTASY - Forgotten Plains/Sprites/Tileset/River/GIFs/River1.gif using Guid(e38259821c75cee488a64f34313a3c6c) Importer(815301076,1909f56bfc062723c751e8b465ee728b)  -> (artifact id: 'f275f1cfdf2509ce5a6790224edf3ef1') in 0.043473 seconds 
========================================================================
Received Import Request.
  Time since last request: 2.773429 seconds.
  path: Assets/Sprites/Rocks/Rock2_grass_shadow5.png
  artifactKey: Guid(89d2c11574a67eb479eba45cdbb45be3) Importer(815301076,1909f56bfc062723c751e8b465ee728b)
Start importing Assets/Sprites/Rocks/Rock2_grass_shadow5.png using Guid(89d2c11574a67eb479eba45cdbb45be3) Importer(815301076,1909f56bfc062723c751e8b465ee728b)  -> (artifact id: 'dc1efaad37cee0ba28e3551e4e6fe962') in 0.028073 seconds 
========================================================================
Received Import Request.
  Time since last request: 0.000028 seconds.
  path: Assets/Sprites/Rocks/Rock3_3_no_shadow.png
  artifactKey: Guid(cb8ac753f0e32124c96ebab07b92ef59) Importer(815301076,1909f56bfc062723c751e8b465ee728b)
Start importing Assets/Sprites/Rocks/Rock3_3_no_shadow.png using Guid(cb8ac753f0e32124c96ebab07b92ef59) Importer(815301076,1909f56bfc062723c751e8b465ee728b)  -> (artifact id: 'cc016c6d477d53ab183e1ef07647c77e') in 0.028144 seconds 
========================================================================
Received Import Request.
  Time since last request: 0.566084 seconds.
  path: Assets/Sprites/Rocks/Rock8_1_no_shadow.png
  artifactKey: Guid(eef6663d96e62d04b8c959a9bbf0d10b) Importer(815301076,1909f56bfc062723c751e8b465ee728b)
Start importing Assets/Sprites/Rocks/Rock8_1_no_shadow.png using Guid(eef6663d96e62d04b8c959a9bbf0d10b) Importer(815301076,1909f56bfc062723c751e8b465ee728b)  -> (artifact id: '0ab48a8e73d08b276a2207a1396ceb16') in 0.027459 seconds 
========================================================================
Received Import Request.
  Time since last request: 0.673951 seconds.
  path: Assets/Sprites/Trees/Assets_separately/Trees_shadow/Snow_tree2.png
  artifactKey: Guid(51b707db4dd73584d890a7be439bb201) Importer(815301076,1909f56bfc062723c751e8b465ee728b)
Start importing Assets/Sprites/Trees/Assets_separately/Trees_shadow/Snow_tree2.png using Guid(51b707db4dd73584d890a7be439bb201) Importer(815301076,1909f56bfc062723c751e8b465ee728b)  -> (artifact id: '885b97895507f120ea03c60bc117acba') in 0.024760 seconds 
========================================================================
Received Import Request.
  Time since last request: 0.945523 seconds.
  path: Packages/com.unity.2d.animation/Editor/Assets/SkinningModule/Icons/Light/Sprite_Influence.png
  artifactKey: Guid(768531f76566d4b18bfe4ed7b21e5ce1) Importer(815301076,1909f56bfc062723c751e8b465ee728b)
Start importing Packages/com.unity.2d.animation/Editor/Assets/SkinningModule/Icons/Light/Sprite_Influence.png using Guid(768531f76566d4b18bfe4ed7b21e5ce1) Importer(815301076,1909f56bfc062723c751e8b465ee728b)  -> (artifact id: '064bed7fcbb2908c2443665126808a3b') in 0.027542 seconds 
========================================================================
Received Import Request.
  Time since last request: 0.022898 seconds.
  path: Packages/com.unity.2d.animation/Editor/Assets/SkinningModule/Icons/Light/Sprite_Mode@3x.png
  artifactKey: Guid(71d8b2e508f1d9947ba51013600a5eac) Importer(815301076,1909f56bfc062723c751e8b465ee728b)
Start importing Packages/com.unity.2d.animation/Editor/Assets/SkinningModule/Icons/Light/Sprite_Mode@3x.png using Guid(71d8b2e508f1d9947ba51013600a5eac) Importer(815301076,1909f56bfc062723c751e8b465ee728b)  -> (artifact id: '9a1e2e87a566d9ff54c62e14fc6bc1e4') in 0.043856 seconds 
Editor requested this worker to shutdown with reason: Scaling down because of idle timeout
AssetImportWorker is now disconnected from the server
Process exiting
Exiting without the bug reporter. Application will terminate with return code 0