Using pre-set license
Built from '2021.3/staging' branch; Version is '2021.3.22f1 (b6c551784ba3) revision 11978065'; Using compiler version '192829333'; Build Type 'Release'
OS: 'Windows 10  (10.0.19045) 64bit Professional' Language: 'ru' Physical Memory: 8044 MB
BatchMode: 1, IsHumanControllingUs: 0, StartBugReporterOnCrash: 0, Is64bit: 1, IsPro: 1

COMMAND LINE ARGUMENTS:
C:\Program Files\Unity\Hub\Editor\2021.3.22f1\Editor\Unity.exe
-adb2
-batchMode
-noUpm
-name
AssetImportWorker7
-projectPath
C:/Users/student216-4/Documents/GitHub/GoshaWeb
-logFile
Logs/AssetImportWorker7.log
-srvPort
57430
Successfully changed project path to: C:/Users/student216-4/Documents/GitHub/GoshaWeb
C:/Users/student216-4/Documents/GitHub/GoshaWeb
[UnityMemory] Configuration Parameters - Can be set up in boot.config
    "memorysetup-bucket-allocator-granularity=16"
    "memorysetup-bucket-allocator-bucket-count=8"
    "memorysetup-bucket-allocator-block-size=33554432"
    "memorysetup-bucket-allocator-block-count=8"
    "memorysetup-main-allocator-block-size=16777216"
    "memorysetup-thread-allocator-block-size=16777216"
    "memorysetup-gfx-main-allocator-block-size=16777216"
    "memorysetup-gfx-thread-allocator-block-size=16777216"
    "memorysetup-cache-allocator-block-size=4194304"
    "memorysetup-typetree-allocator-block-size=2097152"
    "memorysetup-profiler-bucket-allocator-granularity=16"
    "memorysetup-profiler-bucket-allocator-bucket-count=8"
    "memorysetup-profiler-bucket-allocator-block-size=33554432"
    "memorysetup-profiler-bucket-allocator-block-count=8"
    "memorysetup-profiler-allocator-block-size=16777216"
    "memorysetup-profiler-editor-allocator-block-size=1048576"
    "memorysetup-temp-allocator-size-main=16777216"
    "memorysetup-job-temp-allocator-block-size=2097152"
    "memorysetup-job-temp-allocator-block-size-background=1048576"
    "memorysetup-job-temp-allocator-reduction-small-platforms=262144"
    "memorysetup-temp-allocator-size-background-worker=32768"
    "memorysetup-temp-allocator-size-job-worker=262144"
    "memorysetup-temp-allocator-size-preload-manager=33554432"
    "memorysetup-temp-allocator-size-nav-mesh-worker=65536"
    "memorysetup-temp-allocator-size-audio-worker=65536"
    "memorysetup-temp-allocator-size-cloud-worker=32768"
    "memorysetup-temp-allocator-size-gi-baking-worker=262144"
    "memorysetup-temp-allocator-size-gfx=262144"
Player connection [5424] Host "[IP] 10.10.77.104 [Port] 0 [Flags] 2 [Guid] 1091280706 [EditorId] 1091280706 [Version] 1048832 [Id] WindowsEditor(7,PC-216-04) [Debug] 1 [PackageName] WindowsEditor [ProjectName] Editor" joined multi-casting on [225.0.0.222:54997]...

Player connection [5424] Host "[IP] 10.10.77.104 [Port] 0 [Flags] 2 [Guid] 1091280706 [EditorId] 1091280706 [Version] 1048832 [Id] WindowsEditor(7,PC-216-04) [Debug] 1 [PackageName] WindowsEditor [ProjectName] Editor" joined alternative multi-casting on [225.0.0.222:34997]...

Refreshing native plugins compatible for Editor in 126.17 ms, found 4 plugins.
Preloading 0 native plugins for Editor in 0.00 ms.
Initialize engine version: 2021.3.22f1 (b6c551784ba3)
[Subsystems] Discovering subsystems at path C:/Program Files/Unity/Hub/Editor/2021.3.22f1/Editor/Data/Resources/UnitySubsystems
[Subsystems] Discovering subsystems at path C:/Users/student216-4/Documents/GitHub/GoshaWeb/Assets
GfxDevice: creating device client; threaded=0; jobified=0
Direct3D:
    Version:  Direct3D 11.0 [level 11.0]
    Renderer: NVIDIA GeForce GT 730 (ID=0x1287)
    Vendor:   NVIDIA
    VRAM:     4052 MB
    Driver:   27.21.14.5671
Initialize mono
Mono path[0] = 'C:/Program Files/Unity/Hub/Editor/2021.3.22f1/Editor/Data/Managed'
Mono path[1] = 'C:/Program Files/Unity/Hub/Editor/2021.3.22f1/Editor/Data/MonoBleedingEdge/lib/mono/unityjit-win32'
Mono config path = 'C:/Program Files/Unity/Hub/Editor/2021.3.22f1/Editor/Data/MonoBleedingEdge/etc'
Using monoOptions --debugger-agent=transport=dt_socket,embedding=1,server=y,suspend=n,address=127.0.0.1:56880
Begin MonoManager ReloadAssembly
Registering precompiled unity dll's ...
Register platform support module: C:/Program Files/Unity/Hub/Editor/2021.3.22f1/Editor/Data/PlaybackEngines/WebGLSupport/UnityEditor.WebGL.Extensions.dll
Register platform support module: C:/Program Files/Unity/Hub/Editor/2021.3.22f1/Editor/Data/PlaybackEngines/WindowsStandaloneSupport/UnityEditor.WindowsStandalone.Extensions.dll
Registered in 0.006961 seconds.
Native extension for WindowsStandalone target not found
Native extension for WebGL target not found
Refreshing native plugins compatible for Editor in 140.44 ms, found 4 plugins.
Preloading 0 native plugins for Editor in 0.00 ms.
Mono: successfully reloaded assembly
- Completed reload, in  0.746 seconds
Domain Reload Profiling:
	ReloadAssembly (746ms)
		BeginReloadAssembly (87ms)
			ExecutionOrderSort (0ms)
			DisableScriptedObjects (0ms)
			BackupInstance (0ms)
			ReleaseScriptingObjects (0ms)
			CreateAndSetChildDomain (1ms)
		EndReloadAssembly (552ms)
			LoadAssemblies (86ms)
			RebuildTransferFunctionScriptingTraits (0ms)
			SetupTypeCache (125ms)
			ReleaseScriptCaches (0ms)
			RebuildScriptCaches (35ms)
			SetupLoadedEditorAssemblies (335ms)
				LogAssemblyErrors (0ms)
				InitializePlatformSupportModulesInManaged (10ms)
				SetLoadedEditorAssemblies (0ms)
				RefreshPlugins (141ms)
				BeforeProcessingInitializeOnLoad (1ms)
				ProcessInitializeOnLoadAttributes (135ms)
				ProcessInitializeOnLoadMethodAttributes (48ms)
				AfterProcessingInitializeOnLoad (0ms)
				EditorAssembliesLoaded (0ms)
			ExecutionOrderSort2 (0ms)
			AwakeInstancesAfterBackupRestoration (0ms)
Platform modules already initialized, skipping
Registering precompiled user dll's ...
Registered in 0.005675 seconds.
Begin MonoManager ReloadAssembly
Symbol file LoadedFromMemory doesn't match image C:\Users\student216-4\Documents\GitHub\GoshaWeb\Library\PackageCache\com.unity.visualscripting@1.8.0\Editor\VisualScripting.Core\Dependencies\YamlDotNet\Unity.VisualScripting.YamlDotNet.dll
Symbol file LoadedFromMemory doesn't match image C:\Users\student216-4\Documents\GitHub\GoshaWeb\Library\PackageCache\com.unity.visualscripting@1.8.0\Editor\VisualScripting.Core\Dependencies\DotNetZip\Unity.VisualScripting.IonicZip.dll
Native extension for WindowsStandalone target not found
Native extension for WebGL target not found
Refreshing native plugins compatible for Editor in 130.76 ms, found 4 plugins.
Preloading 0 native plugins for Editor in 0.00 ms.
Mono: successfully reloaded assembly
- Completed reload, in  1.456 seconds
Domain Reload Profiling:
	ReloadAssembly (1457ms)
		BeginReloadAssembly (148ms)
			ExecutionOrderSort (0ms)
			DisableScriptedObjects (9ms)
			BackupInstance (0ms)
			ReleaseScriptingObjects (0ms)
			CreateAndSetChildDomain (25ms)
		EndReloadAssembly (1194ms)
			LoadAssemblies (120ms)
			RebuildTransferFunctionScriptingTraits (0ms)
			SetupTypeCache (341ms)
			ReleaseScriptCaches (2ms)
			RebuildScriptCaches (77ms)
			SetupLoadedEditorAssemblies (612ms)
				LogAssemblyErrors (0ms)
				InitializePlatformSupportModulesInManaged (5ms)
				SetLoadedEditorAssemblies (0ms)
				RefreshPlugins (131ms)
				BeforeProcessingInitializeOnLoad (124ms)
				ProcessInitializeOnLoadAttributes (258ms)
				ProcessInitializeOnLoadMethodAttributes (86ms)
				AfterProcessingInitializeOnLoad (7ms)
				EditorAssembliesLoaded (0ms)
			ExecutionOrderSort2 (0ms)
			AwakeInstancesAfterBackupRestoration (6ms)
Platform modules already initialized, skipping
========================================================================
Worker process is ready to serve import requests
Launched and connected shader compiler UnityShaderCompiler.exe after 0.06 seconds
Refreshing native plugins compatible for Editor in 1.35 ms, found 4 plugins.
Preloading 0 native plugins for Editor in 0.00 ms.
Unloading 5245 Unused Serialized files (Serialized files now loaded: 0)
Unloading 40 unused Assets / (0.7 MB). Loaded Objects now: 5699.
Memory consumption went from 209.6 MB to 208.9 MB.
Total: 5.182700 ms (FindLiveObjects: 0.663400 ms CreateObjectMapping: 0.572400 ms MarkObjects: 3.612700 ms  DeleteObjects: 0.333000 ms)

AssetImportParameters requested are different than current active one (requested -> active):
  custom:video-decoder-ogg-theora: a1e56fd34408186e4bbccfd4996cb3dc -> 
  custom:container-muxer-webm: aa71ff27fc2769a1b78a27578f13a17b -> 
  custom:container-demuxer-webm: 4f35f7cbe854078d1ac9338744f61a02 -> 
  custom:video-encoder-webm-vp8: eb34c28f22e8b96e1ab97ce403110664 -> 
  custom:audio-encoder-webm-vorbis: bf7c407c2cedff20999df2af8eb42d56 -> 
  custom:framework-win-MediaFoundation: 216162199b28c13a410421893ffa2e32 -> 
  custom:container-demuxer-ogg: 62fdf1f143b41e24485cea50d1cbac27 -> 
  custom:video-decoder-webm-vp8: 9c59270c3fd7afecdb556c50c9e8de78 -> 
  custom:audio-decoder-ogg-vorbis: bf7c407c2cedff20999df2af8eb42d56 -> 
========================================================================
Received Import Request.
  Time since last request: 99637.865249 seconds.
  path: Assets/Prefabs/Enemy.prefab
  artifactKey: Guid(6b3c16732aa5f1b40b68d5aba38e5e5f) Importer(815301076,1909f56bfc062723c751e8b465ee728b)
Start importing Assets/Prefabs/Enemy.prefab using Guid(6b3c16732aa5f1b40b68d5aba38e5e5f) Importer(815301076,1909f56bfc062723c751e8b465ee728b)  -> (artifact id: '3b5780f8843c3a0292c892a69ce40766') in 0.347783 seconds 
========================================================================
Received Prepare
Registering precompiled user dll's ...
Registered in 0.005272 seconds.
Begin MonoManager ReloadAssembly
Symbol file LoadedFromMemory doesn't match image C:\Users\student216-4\Documents\GitHub\GoshaWeb\Library\PackageCache\com.unity.visualscripting@1.8.0\Editor\VisualScripting.Core\Dependencies\YamlDotNet\Unity.VisualScripting.YamlDotNet.dll
Symbol file LoadedFromMemory doesn't match image C:\Users\student216-4\Documents\GitHub\GoshaWeb\Library\PackageCache\com.unity.visualscripting@1.8.0\Editor\VisualScripting.Core\Dependencies\DotNetZip\Unity.VisualScripting.IonicZip.dll
Native extension for WindowsStandalone target not found
Native extension for WebGL target not found
Refreshing native plugins compatible for Editor in 1.06 ms, found 4 plugins.
Preloading 0 native plugins for Editor in 0.00 ms.
Mono: successfully reloaded assembly
- Completed reload, in  1.161 seconds
Domain Reload Profiling:
	ReloadAssembly (1161ms)
		BeginReloadAssembly (174ms)
			ExecutionOrderSort (0ms)
			DisableScriptedObjects (12ms)
			BackupInstance (0ms)
			ReleaseScriptingObjects (0ms)
			CreateAndSetChildDomain (55ms)
		EndReloadAssembly (894ms)
			LoadAssemblies (110ms)
			RebuildTransferFunctionScriptingTraits (0ms)
			SetupTypeCache (249ms)
			ReleaseScriptCaches (2ms)
			RebuildScriptCaches (51ms)
			SetupLoadedEditorAssemblies (423ms)
				LogAssemblyErrors (0ms)
				InitializePlatformSupportModulesInManaged (6ms)
				SetLoadedEditorAssemblies (0ms)
				RefreshPlugins (1ms)
				BeforeProcessingInitializeOnLoad (90ms)
				ProcessInitializeOnLoadAttributes (234ms)
				ProcessInitializeOnLoadMethodAttributes (84ms)
				AfterProcessingInitializeOnLoad (7ms)
				EditorAssembliesLoaded (0ms)
			ExecutionOrderSort2 (0ms)
			AwakeInstancesAfterBackupRestoration (14ms)
Platform modules already initialized, skipping
Refreshing native plugins compatible for Editor in 3.58 ms, found 4 plugins.
Preloading 0 native plugins for Editor in 0.00 ms.
Unloading 5107 Unused Serialized files (Serialized files now loaded: 0)
Unloading 27 unused Assets / (0.7 MB). Loaded Objects now: 5754.
Memory consumption went from 207.3 MB to 206.6 MB.
Total: 4.699100 ms (FindLiveObjects: 0.475000 ms CreateObjectMapping: 0.454400 ms MarkObjects: 3.428600 ms  DeleteObjects: 0.339900 ms)

AssetImportParameters requested are different than current active one (requested -> active):
  custom:video-decoder-ogg-theora: a1e56fd34408186e4bbccfd4996cb3dc -> 
  custom:container-muxer-webm: aa71ff27fc2769a1b78a27578f13a17b -> 
  custom:container-demuxer-webm: 4f35f7cbe854078d1ac9338744f61a02 -> 
  custom:video-encoder-webm-vp8: eb34c28f22e8b96e1ab97ce403110664 -> 
  custom:audio-encoder-webm-vorbis: bf7c407c2cedff20999df2af8eb42d56 -> 
  custom:framework-win-MediaFoundation: 216162199b28c13a410421893ffa2e32 -> 
  custom:container-demuxer-ogg: 62fdf1f143b41e24485cea50d1cbac27 -> 
  custom:video-decoder-webm-vp8: 9c59270c3fd7afecdb556c50c9e8de78 -> 
  custom:audio-decoder-ogg-vorbis: bf7c407c2cedff20999df2af8eb42d56 -> 
========================================================================
Received Import Request.
  Time since last request: 117.471080 seconds.
  path: Assets/Sprites/FB002.png
  artifactKey: Guid(d80bdaa52949856409bcfa44b539cc4b) Importer(815301076,1909f56bfc062723c751e8b465ee728b)
Start importing Assets/Sprites/FB002.png using Guid(d80bdaa52949856409bcfa44b539cc4b) Importer(815301076,1909f56bfc062723c751e8b465ee728b)  -> (artifact id: '67acda16650c90bc9d87e1da3c1a7616') in 0.100921 seconds 
========================================================================
Received Import Request.
  Time since last request: 0.000024 seconds.
  path: Assets/Sprites/FB004.png
  artifactKey: Guid(317a4ff229a44414caf19a1c671f5459) Importer(815301076,1909f56bfc062723c751e8b465ee728b)
Start importing Assets/Sprites/FB004.png using Guid(317a4ff229a44414caf19a1c671f5459) Importer(815301076,1909f56bfc062723c751e8b465ee728b)  -> (artifact id: '73f0d9b3b77b75e695d2e147cf0b52d8') in 0.013150 seconds 
========================================================================
Received Import Request.
  Time since last request: 0.000032 seconds.
  path: Assets/Sprites/FB005.png
  artifactKey: Guid(0de49b872eb1e2d4b8368eaf6417906b) Importer(815301076,1909f56bfc062723c751e8b465ee728b)
Start importing Assets/Sprites/FB005.png using Guid(0de49b872eb1e2d4b8368eaf6417906b) Importer(815301076,1909f56bfc062723c751e8b465ee728b)  -> (artifact id: '9d4471fc586212eeba4174fa9f1cd1af') in 0.010476 seconds 
========================================================================
Received Import Request.
  Time since last request: 116.336346 seconds.
  path: Assets/Sprites/fx/1_1.png
  artifactKey: Guid(1547b6cbbdfb35e43a02baa271b74e59) Importer(815301076,1909f56bfc062723c751e8b465ee728b)
Start importing Assets/Sprites/fx/1_1.png using Guid(1547b6cbbdfb35e43a02baa271b74e59) Importer(815301076,1909f56bfc062723c751e8b465ee728b)  -> (artifact id: '9c42cba255739ffc5d8d9091c349d246') in 0.038462 seconds 
========================================================================
Received Import Request.
  Time since last request: 0.000042 seconds.
  path: Assets/Sprites/fx/1_20.png
  artifactKey: Guid(ad61602125138f947b860a6265747a23) Importer(815301076,1909f56bfc062723c751e8b465ee728b)
Start importing Assets/Sprites/fx/1_20.png using Guid(ad61602125138f947b860a6265747a23) Importer(815301076,1909f56bfc062723c751e8b465ee728b)  -> (artifact id: 'c325f526d97760643cfa7f450904fe3d') in 0.014287 seconds 
========================================================================
Received Import Request.
  Time since last request: 0.000031 seconds.
  path: Assets/Sprites/fx/1_44.png
  artifactKey: Guid(f7cc31e744304a64e9b0b23f145f7ea7) Importer(815301076,1909f56bfc062723c751e8b465ee728b)
Start importing Assets/Sprites/fx/1_44.png using Guid(f7cc31e744304a64e9b0b23f145f7ea7) Importer(815301076,1909f56bfc062723c751e8b465ee728b)  -> (artifact id: '200a781261aa027f767d3a0ab0dab102') in 0.019604 seconds 
========================================================================
Received Import Request.
  Time since last request: 0.000041 seconds.
  path: Assets/Sprites/fx/1_8.png
  artifactKey: Guid(5552169cd7b0f2e4db43cbb48689fbe9) Importer(815301076,1909f56bfc062723c751e8b465ee728b)
Start importing Assets/Sprites/fx/1_8.png using Guid(5552169cd7b0f2e4db43cbb48689fbe9) Importer(815301076,1909f56bfc062723c751e8b465ee728b)  -> (artifact id: 'fd1be82824c104083b6058ad4d822aa0') in 0.015562 seconds 
========================================================================
Received Import Request.
  Time since last request: 0.000030 seconds.
  path: Assets/Sprites/fx/1_15.png
  artifactKey: Guid(c978511f35c99df42a9dc57c0435e115) Importer(815301076,1909f56bfc062723c751e8b465ee728b)
Start importing Assets/Sprites/fx/1_15.png using Guid(c978511f35c99df42a9dc57c0435e115) Importer(815301076,1909f56bfc062723c751e8b465ee728b)  -> (artifact id: '0db6cd575a2efc715e36671c880c41dc') in 0.017387 seconds 
========================================================================
Received Import Request.
  Time since last request: 0.000024 seconds.
  path: Assets/Sprites/fx/1_43.png
  artifactKey: Guid(38d1e50e83cd66a41ab4fc8da00f294c) Importer(815301076,1909f56bfc062723c751e8b465ee728b)
Start importing Assets/Sprites/fx/1_43.png using Guid(38d1e50e83cd66a41ab4fc8da00f294c) Importer(815301076,1909f56bfc062723c751e8b465ee728b)  -> (artifact id: 'b9dad33ac7701be675608bb3becb5e86') in 0.018044 seconds 
========================================================================
Received Import Request.
  Time since last request: 0.000025 seconds.
  path: Assets/Sprites/fx/1_4.png
  artifactKey: Guid(142999e02f72520448cd8f7eed7c0f10) Importer(815301076,1909f56bfc062723c751e8b465ee728b)
Start importing Assets/Sprites/fx/1_4.png using Guid(142999e02f72520448cd8f7eed7c0f10) Importer(815301076,1909f56bfc062723c751e8b465ee728b)  -> (artifact id: '480ef507ce695f2beddb5e5c95dddc85') in 0.019998 seconds 
========================================================================
Received Import Request.
  Time since last request: 0.000060 seconds.
  path: Assets/Sprites/fx/1_28.png
  artifactKey: Guid(1cc14ab28973f25438722803e543d4dd) Importer(815301076,1909f56bfc062723c751e8b465ee728b)
Start importing Assets/Sprites/fx/1_28.png using Guid(1cc14ab28973f25438722803e543d4dd) Importer(815301076,1909f56bfc062723c751e8b465ee728b)  -> (artifact id: '2946b914f7c3b934e0187769ad56d793') in 0.022062 seconds 
========================================================================
Received Import Request.
  Time since last request: 0.000058 seconds.
  path: Assets/Sprites/fx/1_9.png
  artifactKey: Guid(9f05e754f1f111b4eba212113b42bcbd) Importer(815301076,1909f56bfc062723c751e8b465ee728b)
Start importing Assets/Sprites/fx/1_9.png using Guid(9f05e754f1f111b4eba212113b42bcbd) Importer(815301076,1909f56bfc062723c751e8b465ee728b)  -> (artifact id: '79f477b63bff349d912fcbd2a1bd322c') in 0.022772 seconds 
========================================================================
Received Import Request.
  Time since last request: 0.000039 seconds.
  path: Assets/Sprites/fx/1_33.png
  artifactKey: Guid(ac1e30038b60502488031d85186e3517) Importer(815301076,1909f56bfc062723c751e8b465ee728b)
Start importing Assets/Sprites/fx/1_33.png using Guid(ac1e30038b60502488031d85186e3517) Importer(815301076,1909f56bfc062723c751e8b465ee728b)  -> (artifact id: '1dc6d4cf18b743b900e8c42b3717e7d0') in 0.015022 seconds 
========================================================================
Received Import Request.
  Time since last request: 0.000047 seconds.
  path: Assets/Sprites/fx/1_23.png
  artifactKey: Guid(c309fa643c07b754c8c61618d6602182) Importer(815301076,1909f56bfc062723c751e8b465ee728b)
Start importing Assets/Sprites/fx/1_23.png using Guid(c309fa643c07b754c8c61618d6602182) Importer(815301076,1909f56bfc062723c751e8b465ee728b)  -> (artifact id: '877bffdccf222347edd92616172f7b57') in 0.014493 seconds 
========================================================================
Received Import Request.
  Time since last request: 0.000020 seconds.
  path: Assets/Sprites/fx/1_5.png
  artifactKey: Guid(9c150b03b76ee504e8199aa7d43dc1e0) Importer(815301076,1909f56bfc062723c751e8b465ee728b)
Start importing Assets/Sprites/fx/1_5.png using Guid(9c150b03b76ee504e8199aa7d43dc1e0) Importer(815301076,1909f56bfc062723c751e8b465ee728b)  -> (artifact id: 'b37f4f92048ae834ba11c8c19efe164e') in 0.016052 seconds 
========================================================================
Received Import Request.
  Time since last request: 0.000025 seconds.
  path: Assets/Sprites/fx/1_42.png
  artifactKey: Guid(c989f1d899ba1f0448f69b89e9d9ac4f) Importer(815301076,1909f56bfc062723c751e8b465ee728b)
Start importing Assets/Sprites/fx/1_42.png using Guid(c989f1d899ba1f0448f69b89e9d9ac4f) Importer(815301076,1909f56bfc062723c751e8b465ee728b)  -> (artifact id: 'd75f8646781f85068f74cf94bc27ad45') in 0.015682 seconds 
========================================================================
Received Import Request.
  Time since last request: 0.000026 seconds.
  path: Assets/Sprites/fx/1_3.png
  artifactKey: Guid(23ee5ed481069c94d97562096a79c728) Importer(815301076,1909f56bfc062723c751e8b465ee728b)
Start importing Assets/Sprites/fx/1_3.png using Guid(23ee5ed481069c94d97562096a79c728) Importer(815301076,1909f56bfc062723c751e8b465ee728b)  -> (artifact id: 'be995b5276afbdd2ff23207aa13df25a') in 0.019140 seconds 
========================================================================
Received Import Request.
  Time since last request: 0.000024 seconds.
  path: Assets/Sprites/fx/1_21.png
  artifactKey: Guid(59c2981c55cee894cb1dee2b0bc0723b) Importer(815301076,1909f56bfc062723c751e8b465ee728b)
Start importing Assets/Sprites/fx/1_21.png using Guid(59c2981c55cee894cb1dee2b0bc0723b) Importer(815301076,1909f56bfc062723c751e8b465ee728b)  -> (artifact id: '96dbf96389a088e283a92805b4ecbeb6') in 0.017106 seconds 
========================================================================
Received Import Request.
  Time since last request: 0.000030 seconds.
  path: Assets/Sprites/fx/1_29.png
  artifactKey: Guid(00ae546976078a549b3ea863ee552960) Importer(815301076,1909f56bfc062723c751e8b465ee728b)
Start importing Assets/Sprites/fx/1_29.png using Guid(00ae546976078a549b3ea863ee552960) Importer(815301076,1909f56bfc062723c751e8b465ee728b)  -> (artifact id: 'd255fbfa23b158fe061388c4fecb8f76') in 0.017483 seconds 
========================================================================
Received Import Request.
  Time since last request: 0.000054 seconds.
  path: Assets/Sprites/fx/1_31.png
  artifactKey: Guid(f2d3ab220f315d74982b53dfea83a70b) Importer(815301076,1909f56bfc062723c751e8b465ee728b)
Start importing Assets/Sprites/fx/1_31.png using Guid(f2d3ab220f315d74982b53dfea83a70b) Importer(815301076,1909f56bfc062723c751e8b465ee728b)  -> (artifact id: '7dc457c3f821105e87b96e51f03d426c') in 0.016120 seconds 
========================================================================
Received Import Request.
  Time since last request: 0.000060 seconds.
  path: Assets/Sprites/fx/1_12.png
  artifactKey: Guid(6b7ae16f54da0c34ba4643f9d5755bcf) Importer(815301076,1909f56bfc062723c751e8b465ee728b)
Start importing Assets/Sprites/fx/1_12.png using Guid(6b7ae16f54da0c34ba4643f9d5755bcf) Importer(815301076,1909f56bfc062723c751e8b465ee728b)  -> (artifact id: '2ad7d6c4c281176315225e7dc2c19562') in 0.017892 seconds 
========================================================================
Received Import Request.
  Time since last request: 0.000034 seconds.
  path: Assets/Sprites/fx/1_26.png
  artifactKey: Guid(49a7e146044b8184581c4a25f408b984) Importer(815301076,1909f56bfc062723c751e8b465ee728b)
Start importing Assets/Sprites/fx/1_26.png using Guid(49a7e146044b8184581c4a25f408b984) Importer(815301076,1909f56bfc062723c751e8b465ee728b)  -> (artifact id: '251f82faa385ab8c773f1404bfd52c6c') in 0.018877 seconds 
========================================================================
Received Import Request.
  Time since last request: 0.000039 seconds.
  path: Assets/Sprites/fx/1_30.png
  artifactKey: Guid(acc4c44d74c92c74490c60a0df371467) Importer(815301076,1909f56bfc062723c751e8b465ee728b)
Start importing Assets/Sprites/fx/1_30.png using Guid(acc4c44d74c92c74490c60a0df371467) Importer(815301076,1909f56bfc062723c751e8b465ee728b)  -> (artifact id: 'a10187c31093e09cf148df7ade2ad479') in 0.018112 seconds 
========================================================================
Received Import Request.
  Time since last request: 0.000019 seconds.
  path: Assets/Sprites/fx/1_7.png
  artifactKey: Guid(5098c7321965d334bbc61c5f2061c104) Importer(815301076,1909f56bfc062723c751e8b465ee728b)
Start importing Assets/Sprites/fx/1_7.png using Guid(5098c7321965d334bbc61c5f2061c104) Importer(815301076,1909f56bfc062723c751e8b465ee728b)  -> (artifact id: 'f28f84ccffe3a6397989f59867a7d83a') in 0.012469 seconds 
========================================================================
Received Import Request.
  Time since last request: 0.000018 seconds.
  path: Assets/Sprites/fx/1_6.png
  artifactKey: Guid(df4f26b8f6952b94e9a065dc114a5afd) Importer(815301076,1909f56bfc062723c751e8b465ee728b)
Start importing Assets/Sprites/fx/1_6.png using Guid(df4f26b8f6952b94e9a065dc114a5afd) Importer(815301076,1909f56bfc062723c751e8b465ee728b)  -> (artifact id: 'bc9e22436bd2e9e6229190e7194c68db') in 0.015674 seconds 
========================================================================
Received Import Request.
  Time since last request: 0.000072 seconds.
  path: Assets/Sprites/fx/1_10.png
  artifactKey: Guid(a8295118316114641b10c1f139340389) Importer(815301076,1909f56bfc062723c751e8b465ee728b)
Start importing Assets/Sprites/fx/1_10.png using Guid(a8295118316114641b10c1f139340389) Importer(815301076,1909f56bfc062723c751e8b465ee728b)  -> (artifact id: 'd04d9a6b04946be1acafca1dc7ece4f1') in 0.019697 seconds 
========================================================================
Received Import Request.
  Time since last request: 0.000056 seconds.
  path: Assets/Sprites/fx/1_17.png
  artifactKey: Guid(d292c13e18aeaac4fa3b9de4c3d5a244) Importer(815301076,1909f56bfc062723c751e8b465ee728b)
Start importing Assets/Sprites/fx/1_17.png using Guid(d292c13e18aeaac4fa3b9de4c3d5a244) Importer(815301076,1909f56bfc062723c751e8b465ee728b)  -> (artifact id: 'e0418d7fe0eb1aaaa950948809bfc1f2') in 0.017586 seconds 
========================================================================
Received Import Request.
  Time since last request: 0.351349 seconds.
  path: Assets/Sprites/fx/1_46.png
  artifactKey: Guid(b62d8d670ec2ea54c8bfffd8087bee03) Importer(815301076,1909f56bfc062723c751e8b465ee728b)
Start importing Assets/Sprites/fx/1_46.png using Guid(b62d8d670ec2ea54c8bfffd8087bee03) Importer(815301076,1909f56bfc062723c751e8b465ee728b)  -> (artifact id: 'da0b4bfb54edb3c5c8bec45e6c808254') in 0.012860 seconds 
========================================================================
Received Import Request.
  Time since last request: 0.000022 seconds.
  path: Assets/Sprites/fx/1_48.png
  artifactKey: Guid(4c469303708f75c49801eeccbab483c6) Importer(815301076,1909f56bfc062723c751e8b465ee728b)
Start importing Assets/Sprites/fx/1_48.png using Guid(4c469303708f75c49801eeccbab483c6) Importer(815301076,1909f56bfc062723c751e8b465ee728b)  -> (artifact id: 'd55e63c043ef5e4e6429c83f1fdba740') in 0.015010 seconds 
========================================================================
Received Import Request.
  Time since last request: 0.000024 seconds.
  path: Assets/Sprites/fx/1_51.png
  artifactKey: Guid(e1d974cc8ffc42a479c424291b86bb5b) Importer(815301076,1909f56bfc062723c751e8b465ee728b)
Start importing Assets/Sprites/fx/1_51.png using Guid(e1d974cc8ffc42a479c424291b86bb5b) Importer(815301076,1909f56bfc062723c751e8b465ee728b)  -> (artifact id: 'c23ab4be572f4ffa87b4395fc8e66d85') in 0.013460 seconds 
========================================================================
Received Import Request.
  Time since last request: 0.000023 seconds.
  path: Assets/Sprites/fx/1_55.png
  artifactKey: Guid(87548e48491034641bdcee391b4fd386) Importer(815301076,1909f56bfc062723c751e8b465ee728b)
Start importing Assets/Sprites/fx/1_55.png using Guid(87548e48491034641bdcee391b4fd386) Importer(815301076,1909f56bfc062723c751e8b465ee728b)  -> (artifact id: '998fd40aadb0eb74149ba2b4f7c33298') in 0.014571 seconds 
========================================================================
Received Import Request.
  Time since last request: 0.000028 seconds.
  path: Assets/Sprites/fx/1_56.png
  artifactKey: Guid(3a1933ba13c1a754e88e5e84e78f2960) Importer(815301076,1909f56bfc062723c751e8b465ee728b)
Start importing Assets/Sprites/fx/1_56.png using Guid(3a1933ba13c1a754e88e5e84e78f2960) Importer(815301076,1909f56bfc062723c751e8b465ee728b)  -> (artifact id: '04dd6ae027ed6633537bdff891622f72') in 0.019256 seconds 
========================================================================
Received Import Request.
  Time since last request: 0.000022 seconds.
  path: Assets/Sprites/fx/1_59.png
  artifactKey: Guid(76528b1450abdbc41916b22a0fbab029) Importer(815301076,1909f56bfc062723c751e8b465ee728b)
Start importing Assets/Sprites/fx/1_59.png using Guid(76528b1450abdbc41916b22a0fbab029) Importer(815301076,1909f56bfc062723c751e8b465ee728b)  -> (artifact id: '805fe22b747d3f24f12641c15043c550') in 0.014642 seconds 
========================================================================
Received Import Request.
  Time since last request: 0.000026 seconds.
  path: Assets/Sprites/fx/1_57.png
  artifactKey: Guid(fedbce4427f437d4a9a27a0e6c130f7a) Importer(815301076,1909f56bfc062723c751e8b465ee728b)
Start importing Assets/Sprites/fx/1_57.png using Guid(fedbce4427f437d4a9a27a0e6c130f7a) Importer(815301076,1909f56bfc062723c751e8b465ee728b)  -> (artifact id: '7a8eae1bfdf9bdbc60c022f357161d3e') in 0.014984 seconds 
========================================================================
Received Import Request.
  Time since last request: 0.000047 seconds.
  path: Assets/Sprites/fx/1_53.png
  artifactKey: Guid(b7c37caaed70d65459ebeb08db4c10b0) Importer(815301076,1909f56bfc062723c751e8b465ee728b)
Start importing Assets/Sprites/fx/1_53.png using Guid(b7c37caaed70d65459ebeb08db4c10b0) Importer(815301076,1909f56bfc062723c751e8b465ee728b)  -> (artifact id: '2eb54c28daab5d1641ce45f0c283331f') in 0.014491 seconds 
========================================================================
Received Import Request.
  Time since last request: 24.118684 seconds.
  path: Packages/com.unity.2d.sprite/Editor/ObjectMenuCreation/DefaultAssets/Textures/Circle.png
  artifactKey: Guid(ebe73ca9363db456bacf42c025bb4847) Importer(815301076,1909f56bfc062723c751e8b465ee728b)
Start importing Packages/com.unity.2d.sprite/Editor/ObjectMenuCreation/DefaultAssets/Textures/Circle.png using Guid(ebe73ca9363db456bacf42c025bb4847) Importer(815301076,1909f56bfc062723c751e8b465ee728b)  -> (artifact id: 'e27be00dc84f3ba062c1a04d04b57ad5') in 0.030827 seconds 
========================================================================
Received Import Request.
  Time since last request: 1.984240 seconds.
  path: Packages/com.unity.2d.tilemap/Editor/Icons/d_Grid.FlipX.png
  artifactKey: Guid(238833eb2176e7d429d5020dc9232155) Importer(815301076,1909f56bfc062723c751e8b465ee728b)
Start importing Packages/com.unity.2d.tilemap/Editor/Icons/d_Grid.FlipX.png using Guid(238833eb2176e7d429d5020dc9232155) Importer(815301076,1909f56bfc062723c751e8b465ee728b)  -> (artifact id: '3919d3762059cae2f029defb3f2c1067') in 0.030635 seconds 
========================================================================
Received Import Request.
  Time since last request: 0.000019 seconds.
  path: Packages/com.unity.2d.tilemap/Editor/Icons/d_Grid.FlipY@2x.png
  artifactKey: Guid(a3c4ea29a117e3f418ded11a50e4d52d) Importer(815301076,1909f56bfc062723c751e8b465ee728b)
Start importing Packages/com.unity.2d.tilemap/Editor/Icons/d_Grid.FlipY@2x.png using Guid(a3c4ea29a117e3f418ded11a50e4d52d) Importer(815301076,1909f56bfc062723c751e8b465ee728b)  -> (artifact id: '2e66f3cab6199fed6c6e9fa04bdbd365') in 0.024760 seconds 
========================================================================
Received Import Request.
  Time since last request: 0.000023 seconds.
  path: Packages/com.unity.2d.animation/Editor/Assets/SkinningModule/Icons/Light/Generate_Weights.png
  artifactKey: Guid(007c4dbed3f8be9429c39de72ee3c2d7) Importer(815301076,1909f56bfc062723c751e8b465ee728b)
Start importing Packages/com.unity.2d.animation/Editor/Assets/SkinningModule/Icons/Light/Generate_Weights.png using Guid(007c4dbed3f8be9429c39de72ee3c2d7) Importer(815301076,1909f56bfc062723c751e8b465ee728b)  -> (artifact id: '9124b0db1a20c2c7572c99b688e74cd1') in 0.026868 seconds 
========================================================================
Received Import Request.
  Time since last request: 0.000037 seconds.
  path: Packages/com.unity.2d.psdimporter/Editor/Assets/Icons/Selected/Layers Collapsed@16x.png
  artifactKey: Guid(7ffc8f310c89c47679285e29d8583529) Importer(815301076,1909f56bfc062723c751e8b465ee728b)
Start importing Packages/com.unity.2d.psdimporter/Editor/Assets/Icons/Selected/Layers Collapsed@16x.png using Guid(7ffc8f310c89c47679285e29d8583529) Importer(815301076,1909f56bfc062723c751e8b465ee728b)  -> (artifact id: '2b87f15b77402227b57de560d602e8de') in 0.031988 seconds 
========================================================================
Received Import Request.
  Time since last request: 0.000026 seconds.
  path: Packages/com.unity.2d.psdimporter/Editor/Assets/Icons/Light/Layers Collapsed@16x.png
  artifactKey: Guid(cf195ec1f698d488fb3fdeebc2b3ad33) Importer(815301076,1909f56bfc062723c751e8b465ee728b)
Start importing Packages/com.unity.2d.psdimporter/Editor/Assets/Icons/Light/Layers Collapsed@16x.png using Guid(cf195ec1f698d488fb3fdeebc2b3ad33) Importer(815301076,1909f56bfc062723c751e8b465ee728b)  -> (artifact id: 'a9f282c98d8faa52efd0e8f41de34012') in 0.026339 seconds 
========================================================================
Received Import Request.
  Time since last request: 0.054323 seconds.
  path: Assets/Sprites/Rocks/Rock5_grass_shadow4.png
  artifactKey: Guid(d3c42188b3fe567459b11ab0789b427f) Importer(815301076,1909f56bfc062723c751e8b465ee728b)
Start importing Assets/Sprites/Rocks/Rock5_grass_shadow4.png using Guid(d3c42188b3fe567459b11ab0789b427f) Importer(815301076,1909f56bfc062723c751e8b465ee728b)  -> (artifact id: '3038630f3620232a9a867e8530e3002b') in 0.023309 seconds 
========================================================================
Received Import Request.
  Time since last request: 0.004612 seconds.
  path: Assets/Sprites/Rocks/Rock8_ground_shadow3.png
  artifactKey: Guid(c5bbbaa17b775504dbe1fa94da2b474a) Importer(815301076,1909f56bfc062723c751e8b465ee728b)
Start importing Assets/Sprites/Rocks/Rock8_ground_shadow3.png using Guid(c5bbbaa17b775504dbe1fa94da2b474a) Importer(815301076,1909f56bfc062723c751e8b465ee728b)  -> (artifact id: '8e857813f6ab86523ebc67f0aef0ccbc') in 0.022448 seconds 
========================================================================
Received Import Request.
  Time since last request: 0.000028 seconds.
  path: Packages/com.unity.render-pipelines.universal/Editor/2D/Resources/Sparkle.png
  artifactKey: Guid(4a0aca3a5f2effb41b43cc0a1661d845) Importer(815301076,1909f56bfc062723c751e8b465ee728b)
Start importing Packages/com.unity.render-pipelines.universal/Editor/2D/Resources/Sparkle.png using Guid(4a0aca3a5f2effb41b43cc0a1661d845) Importer(815301076,1909f56bfc062723c751e8b465ee728b)  -> (artifact id: 'd616572488ff0d70cb1725d5288a02e7') in 0.029093 seconds 
========================================================================
Received Import Request.
  Time since last request: 0.000061 seconds.
  path: Packages/com.unity.2d.animation/Editor/Assets/SkinningModule/Icons/Selected/Split Bones@2x.png
  artifactKey: Guid(652f381007a2d2247a40aa63c91c2565) Importer(815301076,1909f56bfc062723c751e8b465ee728b)
Start importing Packages/com.unity.2d.animation/Editor/Assets/SkinningModule/Icons/Selected/Split Bones@2x.png using Guid(652f381007a2d2247a40aa63c91c2565) Importer(815301076,1909f56bfc062723c751e8b465ee728b)  -> (artifact id: '1e218e13877663174b89d6ef37371550') in 0.020293 seconds 
========================================================================
Received Prepare
Registering precompiled user dll's ...
Registered in 0.004998 seconds.
Begin MonoManager ReloadAssembly
Symbol file LoadedFromMemory doesn't match image C:\Users\student216-4\Documents\GitHub\GoshaWeb\Library\PackageCache\com.unity.visualscripting@1.8.0\Editor\VisualScripting.Core\Dependencies\YamlDotNet\Unity.VisualScripting.YamlDotNet.dll
Symbol file LoadedFromMemory doesn't match image C:\Users\student216-4\Documents\GitHub\GoshaWeb\Library\PackageCache\com.unity.visualscripting@1.8.0\Editor\VisualScripting.Core\Dependencies\DotNetZip\Unity.VisualScripting.IonicZip.dll
Native extension for WindowsStandalone target not found
Native extension for WebGL target not found
Refreshing native plugins compatible for Editor in 1.10 ms, found 4 plugins.
Preloading 0 native plugins for Editor in 0.00 ms.
Mono: successfully reloaded assembly
- Completed reload, in  1.124 seconds
Domain Reload Profiling:
	ReloadAssembly (1125ms)
		BeginReloadAssembly (142ms)
			ExecutionOrderSort (0ms)
			DisableScriptedObjects (8ms)
			BackupInstance (0ms)
			ReleaseScriptingObjects (0ms)
			CreateAndSetChildDomain (40ms)
		EndReloadAssembly (890ms)
			LoadAssemblies (100ms)
			RebuildTransferFunctionScriptingTraits (0ms)
			SetupTypeCache (253ms)
			ReleaseScriptCaches (2ms)
			RebuildScriptCaches (49ms)
			SetupLoadedEditorAssemblies (408ms)
				LogAssemblyErrors (0ms)
				InitializePlatformSupportModulesInManaged (6ms)
				SetLoadedEditorAssemblies (0ms)
				RefreshPlugins (1ms)
				BeforeProcessingInitializeOnLoad (92ms)
				ProcessInitializeOnLoadAttributes (220ms)
				ProcessInitializeOnLoadMethodAttributes (81ms)
				AfterProcessingInitializeOnLoad (6ms)
				EditorAssembliesLoaded (0ms)
			ExecutionOrderSort2 (0ms)
			AwakeInstancesAfterBackupRestoration (11ms)
Platform modules already initialized, skipping
Refreshing native plugins compatible for Editor in 3.49 ms, found 4 plugins.
Preloading 0 native plugins for Editor in 0.00 ms.
Unloading 5108 Unused Serialized files (Serialized files now loaded: 0)
Unloading 27 unused Assets / (0.7 MB). Loaded Objects now: 5768.
Memory consumption went from 207.5 MB to 206.8 MB.
Total: 5.174600 ms (FindLiveObjects: 0.477700 ms CreateObjectMapping: 0.497800 ms MarkObjects: 3.847900 ms  DeleteObjects: 0.350000 ms)

AssetImportParameters requested are different than current active one (requested -> active):
  custom:video-decoder-ogg-theora: a1e56fd34408186e4bbccfd4996cb3dc -> 
  custom:container-muxer-webm: aa71ff27fc2769a1b78a27578f13a17b -> 
  custom:container-demuxer-webm: 4f35f7cbe854078d1ac9338744f61a02 -> 
  custom:video-encoder-webm-vp8: eb34c28f22e8b96e1ab97ce403110664 -> 
  custom:audio-encoder-webm-vorbis: bf7c407c2cedff20999df2af8eb42d56 -> 
  custom:framework-win-MediaFoundation: 216162199b28c13a410421893ffa2e32 -> 
  custom:container-demuxer-ogg: 62fdf1f143b41e24485cea50d1cbac27 -> 
  custom:video-decoder-webm-vp8: 9c59270c3fd7afecdb556c50c9e8de78 -> 
  custom:audio-decoder-ogg-vorbis: bf7c407c2cedff20999df2af8eb42d56 -> 
========================================================================
Received Prepare
Registering precompiled user dll's ...
Registered in 0.005041 seconds.
Begin MonoManager ReloadAssembly
Symbol file LoadedFromMemory doesn't match image C:\Users\student216-4\Documents\GitHub\GoshaWeb\Library\PackageCache\com.unity.visualscripting@1.8.0\Editor\VisualScripting.Core\Dependencies\YamlDotNet\Unity.VisualScripting.YamlDotNet.dll
Symbol file LoadedFromMemory doesn't match image C:\Users\student216-4\Documents\GitHub\GoshaWeb\Library\PackageCache\com.unity.visualscripting@1.8.0\Editor\VisualScripting.Core\Dependencies\DotNetZip\Unity.VisualScripting.IonicZip.dll
Native extension for WindowsStandalone target not found
Native extension for WebGL target not found
Refreshing native plugins compatible for Editor in 1.07 ms, found 4 plugins.
Preloading 0 native plugins for Editor in 0.00 ms.
Mono: successfully reloaded assembly
- Completed reload, in  1.105 seconds
Domain Reload Profiling:
	ReloadAssembly (1106ms)
		BeginReloadAssembly (155ms)
			ExecutionOrderSort (0ms)
			DisableScriptedObjects (8ms)
			BackupInstance (0ms)
			ReleaseScriptingObjects (0ms)
			CreateAndSetChildDomain (39ms)
		EndReloadAssembly (860ms)
			LoadAssemblies (107ms)
			RebuildTransferFunctionScriptingTraits (0ms)
			SetupTypeCache (249ms)
			ReleaseScriptCaches (2ms)
			RebuildScriptCaches (48ms)
			SetupLoadedEditorAssemblies (403ms)
				LogAssemblyErrors (0ms)
				InitializePlatformSupportModulesInManaged (6ms)
				SetLoadedEditorAssemblies (0ms)
				RefreshPlugins (1ms)
				BeforeProcessingInitializeOnLoad (90ms)
				ProcessInitializeOnLoadAttributes (217ms)
				ProcessInitializeOnLoadMethodAttributes (81ms)
				AfterProcessingInitializeOnLoad (6ms)
				EditorAssembliesLoaded (0ms)
			ExecutionOrderSort2 (0ms)
			AwakeInstancesAfterBackupRestoration (11ms)
Platform modules already initialized, skipping
Refreshing native plugins compatible for Editor in 3.20 ms, found 4 plugins.
Preloading 0 native plugins for Editor in 0.00 ms.
Unloading 5108 Unused Serialized files (Serialized files now loaded: 0)
Unloading 27 unused Assets / (0.7 MB). Loaded Objects now: 5771.
Memory consumption went from 207.5 MB to 206.8 MB.
Total: 4.754100 ms (FindLiveObjects: 0.652800 ms CreateObjectMapping: 0.713300 ms MarkObjects: 3.046500 ms  DeleteObjects: 0.340200 ms)

AssetImportParameters requested are different than current active one (requested -> active):
  custom:video-decoder-ogg-theora: a1e56fd34408186e4bbccfd4996cb3dc -> 
  custom:container-muxer-webm: aa71ff27fc2769a1b78a27578f13a17b -> 
  custom:container-demuxer-webm: 4f35f7cbe854078d1ac9338744f61a02 -> 
  custom:video-encoder-webm-vp8: eb34c28f22e8b96e1ab97ce403110664 -> 
  custom:audio-encoder-webm-vorbis: bf7c407c2cedff20999df2af8eb42d56 -> 
  custom:framework-win-MediaFoundation: 216162199b28c13a410421893ffa2e32 -> 
  custom:container-demuxer-ogg: 62fdf1f143b41e24485cea50d1cbac27 -> 
  custom:video-decoder-webm-vp8: 9c59270c3fd7afecdb556c50c9e8de78 -> 
  custom:audio-decoder-ogg-vorbis: bf7c407c2cedff20999df2af8eb42d56 -> 
========================================================================
Received Prepare
Registering precompiled user dll's ...
Registered in 0.005238 seconds.
Begin MonoManager ReloadAssembly
Symbol file LoadedFromMemory doesn't match image C:\Users\student216-4\Documents\GitHub\GoshaWeb\Library\PackageCache\com.unity.visualscripting@1.8.0\Editor\VisualScripting.Core\Dependencies\YamlDotNet\Unity.VisualScripting.YamlDotNet.dll
Symbol file LoadedFromMemory doesn't match image C:\Users\student216-4\Documents\GitHub\GoshaWeb\Library\PackageCache\com.unity.visualscripting@1.8.0\Editor\VisualScripting.Core\Dependencies\DotNetZip\Unity.VisualScripting.IonicZip.dll
Native extension for WindowsStandalone target not found
Native extension for WebGL target not found
Refreshing native plugins compatible for Editor in 1.83 ms, found 4 plugins.
Preloading 0 native plugins for Editor in 0.00 ms.
Mono: successfully reloaded assembly
- Completed reload, in  1.378 seconds
Domain Reload Profiling:
	ReloadAssembly (1379ms)
		BeginReloadAssembly (157ms)
			ExecutionOrderSort (0ms)
			DisableScriptedObjects (8ms)
			BackupInstance (0ms)
			ReleaseScriptingObjects (0ms)
			CreateAndSetChildDomain (42ms)
		EndReloadAssembly (1059ms)
			LoadAssemblies (108ms)
			RebuildTransferFunctionScriptingTraits (0ms)
			SetupTypeCache (354ms)
			ReleaseScriptCaches (2ms)
			RebuildScriptCaches (56ms)
			SetupLoadedEditorAssemblies (467ms)
				LogAssemblyErrors (0ms)
				InitializePlatformSupportModulesInManaged (6ms)
				SetLoadedEditorAssemblies (0ms)
				RefreshPlugins (2ms)
				BeforeProcessingInitializeOnLoad (97ms)
				ProcessInitializeOnLoadAttributes (276ms)
				ProcessInitializeOnLoadMethodAttributes (78ms)
				AfterProcessingInitializeOnLoad (6ms)
				EditorAssembliesLoaded (0ms)
			ExecutionOrderSort2 (0ms)
			AwakeInstancesAfterBackupRestoration (11ms)
Platform modules already initialized, skipping
Refreshing native plugins compatible for Editor in 4.67 ms, found 4 plugins.
Preloading 0 native plugins for Editor in 0.00 ms.
Unloading 5108 Unused Serialized files (Serialized files now loaded: 0)
Unloading 27 unused Assets / (0.7 MB). Loaded Objects now: 5774.
Memory consumption went from 207.6 MB to 206.9 MB.
Total: 3.951300 ms (FindLiveObjects: 0.409800 ms CreateObjectMapping: 0.322200 ms MarkObjects: 2.924900 ms  DeleteObjects: 0.293800 ms)

AssetImportParameters requested are different than current active one (requested -> active):
  custom:video-decoder-ogg-theora: a1e56fd34408186e4bbccfd4996cb3dc -> 
  custom:container-muxer-webm: aa71ff27fc2769a1b78a27578f13a17b -> 
  custom:container-demuxer-webm: 4f35f7cbe854078d1ac9338744f61a02 -> 
  custom:video-encoder-webm-vp8: eb34c28f22e8b96e1ab97ce403110664 -> 
  custom:audio-encoder-webm-vorbis: bf7c407c2cedff20999df2af8eb42d56 -> 
  custom:framework-win-MediaFoundation: 216162199b28c13a410421893ffa2e32 -> 
  custom:container-demuxer-ogg: 62fdf1f143b41e24485cea50d1cbac27 -> 
  custom:video-decoder-webm-vp8: 9c59270c3fd7afecdb556c50c9e8de78 -> 
  custom:audio-decoder-ogg-vorbis: bf7c407c2cedff20999df2af8eb42d56 -> 
========================================================================
Received Prepare
Registering precompiled user dll's ...
Registered in 0.006473 seconds.
Begin MonoManager ReloadAssembly
Symbol file LoadedFromMemory doesn't match image C:\Users\student216-4\Documents\GitHub\GoshaWeb\Library\PackageCache\com.unity.visualscripting@1.8.0\Editor\VisualScripting.Core\Dependencies\YamlDotNet\Unity.VisualScripting.YamlDotNet.dll
Symbol file LoadedFromMemory doesn't match image C:\Users\student216-4\Documents\GitHub\GoshaWeb\Library\PackageCache\com.unity.visualscripting@1.8.0\Editor\VisualScripting.Core\Dependencies\DotNetZip\Unity.VisualScripting.IonicZip.dll
Native extension for WindowsStandalone target not found
Native extension for WebGL target not found
Refreshing native plugins compatible for Editor in 1.38 ms, found 4 plugins.
Preloading 0 native plugins for Editor in 0.00 ms.
Mono: successfully reloaded assembly
- Completed reload, in  1.346 seconds
Domain Reload Profiling:
	ReloadAssembly (1347ms)
		BeginReloadAssembly (154ms)
			ExecutionOrderSort (0ms)
			DisableScriptedObjects (8ms)
			BackupInstance (0ms)
			ReleaseScriptingObjects (0ms)
			CreateAndSetChildDomain (36ms)
		EndReloadAssembly (1095ms)
			LoadAssemblies (114ms)
			RebuildTransferFunctionScriptingTraits (0ms)
			SetupTypeCache (268ms)
			ReleaseScriptCaches (2ms)
			RebuildScriptCaches (49ms)
			SetupLoadedEditorAssemblies (601ms)
				LogAssemblyErrors (0ms)
				InitializePlatformSupportModulesInManaged (7ms)
				SetLoadedEditorAssemblies (1ms)
				RefreshPlugins (1ms)
				BeforeProcessingInitializeOnLoad (104ms)
				ProcessInitializeOnLoadAttributes (358ms)
				ProcessInitializeOnLoadMethodAttributes (121ms)
				AfterProcessingInitializeOnLoad (8ms)
				EditorAssembliesLoaded (0ms)
			ExecutionOrderSort2 (0ms)
			AwakeInstancesAfterBackupRestoration (12ms)
Platform modules already initialized, skipping
Refreshing native plugins compatible for Editor in 2.50 ms, found 4 plugins.
Preloading 0 native plugins for Editor in 0.00 ms.
Unloading 5108 Unused Serialized files (Serialized files now loaded: 0)
Unloading 27 unused Assets / (0.7 MB). Loaded Objects now: 5777.
Memory consumption went from 207.6 MB to 206.9 MB.
Total: 4.146700 ms (FindLiveObjects: 0.510500 ms CreateObjectMapping: 0.357300 ms MarkObjects: 2.897100 ms  DeleteObjects: 0.381000 ms)

AssetImportParameters requested are different than current active one (requested -> active):
  custom:video-decoder-ogg-theora: a1e56fd34408186e4bbccfd4996cb3dc -> 
  custom:container-muxer-webm: aa71ff27fc2769a1b78a27578f13a17b -> 
  custom:container-demuxer-webm: 4f35f7cbe854078d1ac9338744f61a02 -> 
  custom:video-encoder-webm-vp8: eb34c28f22e8b96e1ab97ce403110664 -> 
  custom:audio-encoder-webm-vorbis: bf7c407c2cedff20999df2af8eb42d56 -> 
  custom:framework-win-MediaFoundation: 216162199b28c13a410421893ffa2e32 -> 
  custom:container-demuxer-ogg: 62fdf1f143b41e24485cea50d1cbac27 -> 
  custom:video-decoder-webm-vp8: 9c59270c3fd7afecdb556c50c9e8de78 -> 
  custom:audio-decoder-ogg-vorbis: bf7c407c2cedff20999df2af8eb42d56 -> 
========================================================================
Received Prepare
Registering precompiled user dll's ...
Registered in 0.005780 seconds.
Begin MonoManager ReloadAssembly
Symbol file LoadedFromMemory doesn't match image C:\Users\student216-4\Documents\GitHub\GoshaWeb\Library\PackageCache\com.unity.visualscripting@1.8.0\Editor\VisualScripting.Core\Dependencies\YamlDotNet\Unity.VisualScripting.YamlDotNet.dll
Symbol file LoadedFromMemory doesn't match image C:\Users\student216-4\Documents\GitHub\GoshaWeb\Library\PackageCache\com.unity.visualscripting@1.8.0\Editor\VisualScripting.Core\Dependencies\DotNetZip\Unity.VisualScripting.IonicZip.dll
Native extension for WindowsStandalone target not found
Native extension for WebGL target not found
Refreshing native plugins compatible for Editor in 2.39 ms, found 4 plugins.
Preloading 0 native plugins for Editor in 0.00 ms.
Mono: successfully reloaded assembly
- Completed reload, in  1.703 seconds
Domain Reload Profiling:
	ReloadAssembly (1704ms)
		BeginReloadAssembly (328ms)
			ExecutionOrderSort (0ms)
			DisableScriptedObjects (18ms)
			BackupInstance (0ms)
			ReleaseScriptingObjects (0ms)
			CreateAndSetChildDomain (141ms)
		EndReloadAssembly (1253ms)
			LoadAssemblies (152ms)
			RebuildTransferFunctionScriptingTraits (0ms)
			SetupTypeCache (285ms)
			ReleaseScriptCaches (2ms)
			RebuildScriptCaches (85ms)
			SetupLoadedEditorAssemblies (570ms)
				LogAssemblyErrors (0ms)
				InitializePlatformSupportModulesInManaged (11ms)
				SetLoadedEditorAssemblies (1ms)
				RefreshPlugins (2ms)
				BeforeProcessingInitializeOnLoad (187ms)
				ProcessInitializeOnLoadAttributes (278ms)
				ProcessInitializeOnLoadMethodAttributes (83ms)
				AfterProcessingInitializeOnLoad (7ms)
				EditorAssembliesLoaded (0ms)
			ExecutionOrderSort2 (0ms)
			AwakeInstancesAfterBackupRestoration (16ms)
Platform modules already initialized, skipping
Refreshing native plugins compatible for Editor in 2.62 ms, found 4 plugins.
Preloading 0 native plugins for Editor in 0.00 ms.
Unloading 5108 Unused Serialized files (Serialized files now loaded: 0)
Unloading 27 unused Assets / (0.7 MB). Loaded Objects now: 5780.
Memory consumption went from 207.6 MB to 206.9 MB.
Total: 3.620400 ms (FindLiveObjects: 0.432300 ms CreateObjectMapping: 0.318400 ms MarkObjects: 2.556500 ms  DeleteObjects: 0.312200 ms)

AssetImportParameters requested are different than current active one (requested -> active):
  custom:video-decoder-ogg-theora: a1e56fd34408186e4bbccfd4996cb3dc -> 
  custom:container-muxer-webm: aa71ff27fc2769a1b78a27578f13a17b -> 
  custom:container-demuxer-webm: 4f35f7cbe854078d1ac9338744f61a02 -> 
  custom:video-encoder-webm-vp8: eb34c28f22e8b96e1ab97ce403110664 -> 
  custom:audio-encoder-webm-vorbis: bf7c407c2cedff20999df2af8eb42d56 -> 
  custom:framework-win-MediaFoundation: 216162199b28c13a410421893ffa2e32 -> 
  custom:container-demuxer-ogg: 62fdf1f143b41e24485cea50d1cbac27 -> 
  custom:video-decoder-webm-vp8: 9c59270c3fd7afecdb556c50c9e8de78 -> 
  custom:audio-decoder-ogg-vorbis: bf7c407c2cedff20999df2af8eb42d56 -> 
========================================================================
Received Prepare
Registering precompiled user dll's ...
Registered in 0.005014 seconds.
Begin MonoManager ReloadAssembly
Symbol file LoadedFromMemory doesn't match image C:\Users\student216-4\Documents\GitHub\GoshaWeb\Library\PackageCache\com.unity.visualscripting@1.8.0\Editor\VisualScripting.Core\Dependencies\YamlDotNet\Unity.VisualScripting.YamlDotNet.dll
Symbol file LoadedFromMemory doesn't match image C:\Users\student216-4\Documents\GitHub\GoshaWeb\Library\PackageCache\com.unity.visualscripting@1.8.0\Editor\VisualScripting.Core\Dependencies\DotNetZip\Unity.VisualScripting.IonicZip.dll
Native extension for WindowsStandalone target not found
Native extension for WebGL target not found
Refreshing native plugins compatible for Editor in 1.10 ms, found 4 plugins.
Preloading 0 native plugins for Editor in 0.00 ms.
Mono: successfully reloaded assembly
- Completed reload, in  1.128 seconds
Domain Reload Profiling:
	ReloadAssembly (1129ms)
		BeginReloadAssembly (136ms)
			ExecutionOrderSort (0ms)
			DisableScriptedObjects (8ms)
			BackupInstance (0ms)
			ReleaseScriptingObjects (0ms)
			CreateAndSetChildDomain (36ms)
		EndReloadAssembly (897ms)
			LoadAssemblies (95ms)
			RebuildTransferFunctionScriptingTraits (0ms)
			SetupTypeCache (262ms)
			ReleaseScriptCaches (2ms)
			RebuildScriptCaches (49ms)
			SetupLoadedEditorAssemblies (421ms)
				LogAssemblyErrors (0ms)
				InitializePlatformSupportModulesInManaged (6ms)
				SetLoadedEditorAssemblies (0ms)
				RefreshPlugins (1ms)
				BeforeProcessingInitializeOnLoad (95ms)
				ProcessInitializeOnLoadAttributes (229ms)
				ProcessInitializeOnLoadMethodAttributes (82ms)
				AfterProcessingInitializeOnLoad (7ms)
				EditorAssembliesLoaded (0ms)
			ExecutionOrderSort2 (0ms)
			AwakeInstancesAfterBackupRestoration (13ms)
Platform modules already initialized, skipping
Refreshing native plugins compatible for Editor in 2.49 ms, found 4 plugins.
Preloading 0 native plugins for Editor in 0.00 ms.
Unloading 5108 Unused Serialized files (Serialized files now loaded: 0)
Unloading 27 unused Assets / (0.7 MB). Loaded Objects now: 5783.
Memory consumption went from 207.6 MB to 206.9 MB.
Total: 4.770000 ms (FindLiveObjects: 0.438000 ms CreateObjectMapping: 0.361600 ms MarkObjects: 3.631100 ms  DeleteObjects: 0.338500 ms)

AssetImportParameters requested are different than current active one (requested -> active):
  custom:video-decoder-ogg-theora: a1e56fd34408186e4bbccfd4996cb3dc -> 
  custom:container-muxer-webm: aa71ff27fc2769a1b78a27578f13a17b -> 
  custom:container-demuxer-webm: 4f35f7cbe854078d1ac9338744f61a02 -> 
  custom:video-encoder-webm-vp8: eb34c28f22e8b96e1ab97ce403110664 -> 
  custom:audio-encoder-webm-vorbis: bf7c407c2cedff20999df2af8eb42d56 -> 
  custom:framework-win-MediaFoundation: 216162199b28c13a410421893ffa2e32 -> 
  custom:container-demuxer-ogg: 62fdf1f143b41e24485cea50d1cbac27 -> 
  custom:video-decoder-webm-vp8: 9c59270c3fd7afecdb556c50c9e8de78 -> 
  custom:audio-decoder-ogg-vorbis: bf7c407c2cedff20999df2af8eb42d56 -> 
========================================================================
Received Prepare
Registering precompiled user dll's ...
Registered in 0.004927 seconds.
Begin MonoManager ReloadAssembly
Symbol file LoadedFromMemory doesn't match image C:\Users\student216-4\Documents\GitHub\GoshaWeb\Library\PackageCache\com.unity.visualscripting@1.8.0\Editor\VisualScripting.Core\Dependencies\YamlDotNet\Unity.VisualScripting.YamlDotNet.dll
Symbol file LoadedFromMemory doesn't match image C:\Users\student216-4\Documents\GitHub\GoshaWeb\Library\PackageCache\com.unity.visualscripting@1.8.0\Editor\VisualScripting.Core\Dependencies\DotNetZip\Unity.VisualScripting.IonicZip.dll
Native extension for WindowsStandalone target not found
Native extension for WebGL target not found
Refreshing native plugins compatible for Editor in 1.07 ms, found 4 plugins.
Preloading 0 native plugins for Editor in 0.00 ms.
Mono: successfully reloaded assembly
- Completed reload, in  1.132 seconds
Domain Reload Profiling:
	ReloadAssembly (1132ms)
		BeginReloadAssembly (139ms)
			ExecutionOrderSort (0ms)
			DisableScriptedObjects (7ms)
			BackupInstance (0ms)
			ReleaseScriptingObjects (0ms)
			CreateAndSetChildDomain (38ms)
		EndReloadAssembly (902ms)
			LoadAssemblies (98ms)
			RebuildTransferFunctionScriptingTraits (0ms)
			SetupTypeCache (261ms)
			ReleaseScriptCaches (2ms)
			RebuildScriptCaches (49ms)
			SetupLoadedEditorAssemblies (430ms)
				LogAssemblyErrors (0ms)
				InitializePlatformSupportModulesInManaged (6ms)
				SetLoadedEditorAssemblies (0ms)
				RefreshPlugins (1ms)
				BeforeProcessingInitializeOnLoad (90ms)
				ProcessInitializeOnLoadAttributes (223ms)
				ProcessInitializeOnLoadMethodAttributes (101ms)
				AfterProcessingInitializeOnLoad (9ms)
				EditorAssembliesLoaded (0ms)
			ExecutionOrderSort2 (0ms)
			AwakeInstancesAfterBackupRestoration (13ms)
Platform modules already initialized, skipping
Refreshing native plugins compatible for Editor in 3.22 ms, found 4 plugins.
Preloading 0 native plugins for Editor in 0.00 ms.
Unloading 5108 Unused Serialized files (Serialized files now loaded: 0)
Unloading 27 unused Assets / (0.7 MB). Loaded Objects now: 5786.
Memory consumption went from 207.5 MB to 206.8 MB.
Total: 3.699900 ms (FindLiveObjects: 0.439100 ms CreateObjectMapping: 0.324600 ms MarkObjects: 2.596300 ms  DeleteObjects: 0.339000 ms)

AssetImportParameters requested are different than current active one (requested -> active):
  custom:video-decoder-ogg-theora: a1e56fd34408186e4bbccfd4996cb3dc -> 
  custom:container-muxer-webm: aa71ff27fc2769a1b78a27578f13a17b -> 
  custom:container-demuxer-webm: 4f35f7cbe854078d1ac9338744f61a02 -> 
  custom:video-encoder-webm-vp8: eb34c28f22e8b96e1ab97ce403110664 -> 
  custom:audio-encoder-webm-vorbis: bf7c407c2cedff20999df2af8eb42d56 -> 
  custom:framework-win-MediaFoundation: 216162199b28c13a410421893ffa2e32 -> 
  custom:container-demuxer-ogg: 62fdf1f143b41e24485cea50d1cbac27 -> 
  custom:video-decoder-webm-vp8: 9c59270c3fd7afecdb556c50c9e8de78 -> 
  custom:audio-decoder-ogg-vorbis: bf7c407c2cedff20999df2af8eb42d56 -> 
========================================================================
Received Prepare
Registering precompiled user dll's ...
Registered in 0.005080 seconds.
Begin MonoManager ReloadAssembly
Symbol file LoadedFromMemory doesn't match image C:\Users\student216-4\Documents\GitHub\GoshaWeb\Library\PackageCache\com.unity.visualscripting@1.8.0\Editor\VisualScripting.Core\Dependencies\YamlDotNet\Unity.VisualScripting.YamlDotNet.dll
Symbol file LoadedFromMemory doesn't match image C:\Users\student216-4\Documents\GitHub\GoshaWeb\Library\PackageCache\com.unity.visualscripting@1.8.0\Editor\VisualScripting.Core\Dependencies\DotNetZip\Unity.VisualScripting.IonicZip.dll
Native extension for WindowsStandalone target not found
Native extension for WebGL target not found
Refreshing native plugins compatible for Editor in 1.55 ms, found 4 plugins.
Preloading 0 native plugins for Editor in 0.00 ms.
Mono: successfully reloaded assembly
- Completed reload, in  1.145 seconds
Domain Reload Profiling:
	ReloadAssembly (1146ms)
		BeginReloadAssembly (162ms)
			ExecutionOrderSort (0ms)
			DisableScriptedObjects (7ms)
			BackupInstance (0ms)
			ReleaseScriptingObjects (0ms)
			CreateAndSetChildDomain (42ms)
		EndReloadAssembly (891ms)
			LoadAssemblies (115ms)
			RebuildTransferFunctionScriptingTraits (0ms)
			SetupTypeCache (261ms)
			ReleaseScriptCaches (2ms)
			RebuildScriptCaches (49ms)
			SetupLoadedEditorAssemblies (409ms)
				LogAssemblyErrors (0ms)
				InitializePlatformSupportModulesInManaged (7ms)
				SetLoadedEditorAssemblies (0ms)
				RefreshPlugins (2ms)
				BeforeProcessingInitializeOnLoad (91ms)
				ProcessInitializeOnLoadAttributes (218ms)
				ProcessInitializeOnLoadMethodAttributes (84ms)
				AfterProcessingInitializeOnLoad (7ms)
				EditorAssembliesLoaded (0ms)
			ExecutionOrderSort2 (0ms)
			AwakeInstancesAfterBackupRestoration (14ms)
Platform modules already initialized, skipping
Refreshing native plugins compatible for Editor in 2.62 ms, found 4 plugins.
Preloading 0 native plugins for Editor in 0.00 ms.
Unloading 5108 Unused Serialized files (Serialized files now loaded: 0)
Unloading 27 unused Assets / (0.7 MB). Loaded Objects now: 5789.
Memory consumption went from 207.5 MB to 206.8 MB.
Total: 3.622300 ms (FindLiveObjects: 0.442800 ms CreateObjectMapping: 0.336700 ms MarkObjects: 2.522500 ms  DeleteObjects: 0.319700 ms)

AssetImportParameters requested are different than current active one (requested -> active):
  custom:video-decoder-ogg-theora: a1e56fd34408186e4bbccfd4996cb3dc -> 
  custom:container-muxer-webm: aa71ff27fc2769a1b78a27578f13a17b -> 
  custom:container-demuxer-webm: 4f35f7cbe854078d1ac9338744f61a02 -> 
  custom:video-encoder-webm-vp8: eb34c28f22e8b96e1ab97ce403110664 -> 
  custom:audio-encoder-webm-vorbis: bf7c407c2cedff20999df2af8eb42d56 -> 
  custom:framework-win-MediaFoundation: 216162199b28c13a410421893ffa2e32 -> 
  custom:container-demuxer-ogg: 62fdf1f143b41e24485cea50d1cbac27 -> 
  custom:video-decoder-webm-vp8: 9c59270c3fd7afecdb556c50c9e8de78 -> 
  custom:audio-decoder-ogg-vorbis: bf7c407c2cedff20999df2af8eb42d56 -> 
========================================================================
Received Prepare
Registering precompiled user dll's ...
Registered in 0.004938 seconds.
Begin MonoManager ReloadAssembly
Symbol file LoadedFromMemory doesn't match image C:\Users\student216-4\Documents\GitHub\GoshaWeb\Library\PackageCache\com.unity.visualscripting@1.8.0\Editor\VisualScripting.Core\Dependencies\YamlDotNet\Unity.VisualScripting.YamlDotNet.dll
Symbol file LoadedFromMemory doesn't match image C:\Users\student216-4\Documents\GitHub\GoshaWeb\Library\PackageCache\com.unity.visualscripting@1.8.0\Editor\VisualScripting.Core\Dependencies\DotNetZip\Unity.VisualScripting.IonicZip.dll
Native extension for WindowsStandalone target not found
Native extension for WebGL target not found
Refreshing native plugins compatible for Editor in 1.08 ms, found 4 plugins.
Preloading 0 native plugins for Editor in 0.00 ms.
Mono: successfully reloaded assembly
- Completed reload, in  1.110 seconds
Domain Reload Profiling:
	ReloadAssembly (1111ms)
		BeginReloadAssembly (147ms)
			ExecutionOrderSort (0ms)
			DisableScriptedObjects (8ms)
			BackupInstance (0ms)
			ReleaseScriptingObjects (0ms)
			CreateAndSetChildDomain (40ms)
		EndReloadAssembly (871ms)
			LoadAssemblies (105ms)
			RebuildTransferFunctionScriptingTraits (0ms)
			SetupTypeCache (263ms)
			ReleaseScriptCaches (2ms)
			RebuildScriptCaches (49ms)
			SetupLoadedEditorAssemblies (393ms)
				LogAssemblyErrors (0ms)
				InitializePlatformSupportModulesInManaged (6ms)
				SetLoadedEditorAssemblies (0ms)
				RefreshPlugins (1ms)
				BeforeProcessingInitializeOnLoad (90ms)
				ProcessInitializeOnLoadAttributes (212ms)
				ProcessInitializeOnLoadMethodAttributes (77ms)
				AfterProcessingInitializeOnLoad (6ms)
				EditorAssembliesLoaded (0ms)
			ExecutionOrderSort2 (0ms)
			AwakeInstancesAfterBackupRestoration (13ms)
Platform modules already initialized, skipping
Refreshing native plugins compatible for Editor in 4.88 ms, found 4 plugins.
Preloading 0 native plugins for Editor in 0.00 ms.
Unloading 5108 Unused Serialized files (Serialized files now loaded: 0)
Unloading 27 unused Assets / (0.7 MB). Loaded Objects now: 5792.
Memory consumption went from 207.5 MB to 206.8 MB.
Total: 3.494300 ms (FindLiveObjects: 0.424300 ms CreateObjectMapping: 0.321800 ms MarkObjects: 2.444400 ms  DeleteObjects: 0.303300 ms)

AssetImportParameters requested are different than current active one (requested -> active):
  custom:video-decoder-ogg-theora: a1e56fd34408186e4bbccfd4996cb3dc -> 
  custom:container-muxer-webm: aa71ff27fc2769a1b78a27578f13a17b -> 
  custom:container-demuxer-webm: 4f35f7cbe854078d1ac9338744f61a02 -> 
  custom:video-encoder-webm-vp8: eb34c28f22e8b96e1ab97ce403110664 -> 
  custom:audio-encoder-webm-vorbis: bf7c407c2cedff20999df2af8eb42d56 -> 
  custom:framework-win-MediaFoundation: 216162199b28c13a410421893ffa2e32 -> 
  custom:container-demuxer-ogg: 62fdf1f143b41e24485cea50d1cbac27 -> 
  custom:video-decoder-webm-vp8: 9c59270c3fd7afecdb556c50c9e8de78 -> 
  custom:audio-decoder-ogg-vorbis: bf7c407c2cedff20999df2af8eb42d56 -> 
========================================================================
Received Import Request.
  Time since last request: 770.487408 seconds.
  path: Assets/Sprites/Trees/Assets_separately/Trees_shadow/Autumn_tree2.png
  artifactKey: Guid(b6fbfeb121323e242a6c62c2d4d7279b) Importer(815301076,1909f56bfc062723c751e8b465ee728b)
Start importing Assets/Sprites/Trees/Assets_separately/Trees_shadow/Autumn_tree2.png using Guid(b6fbfeb121323e242a6c62c2d4d7279b) Importer(815301076,1909f56bfc062723c751e8b465ee728b)  -> (artifact id: 'e10a39e7ca2091fb63e942d179782f5e') in 0.281005 seconds 
========================================================================
Received Import Request.
  Time since last request: 0.000046 seconds.
  path: Assets/Sprites/Trees/Assets_separately/Trees_shadow/Christmas_tree1.png
  artifactKey: Guid(afcc47c1ce4a4304ea419b7c01d69c51) Importer(815301076,1909f56bfc062723c751e8b465ee728b)
Start importing Assets/Sprites/Trees/Assets_separately/Trees_shadow/Christmas_tree1.png using Guid(afcc47c1ce4a4304ea419b7c01d69c51) Importer(815301076,1909f56bfc062723c751e8b465ee728b)  -> (artifact id: 'db1cc02b20abd4f06524d2e4001f48ea') in 0.040862 seconds 
========================================================================
Received Import Request.
  Time since last request: 0.000037 seconds.
  path: Assets/Sprites/Bushes/Assets/Broken_tree2.png
  artifactKey: Guid(a39753b99ad6b3f4186e19eac889d66e) Importer(815301076,1909f56bfc062723c751e8b465ee728b)
Start importing Assets/Sprites/Bushes/Assets/Broken_tree2.png using Guid(a39753b99ad6b3f4186e19eac889d66e) Importer(815301076,1909f56bfc062723c751e8b465ee728b)  -> (artifact id: 'df07f28c87065367e031005f34cb1921') in 0.020767 seconds 
========================================================================
Received Import Request.
  Time since last request: 0.000036 seconds.
  path: Assets/Sprites/Trees/Assets_separately/Trees_texture_shadow_dark/Broken_tree2.png
  artifactKey: Guid(c758ff88a2bcfae4da3a23667dc93cbc) Importer(815301076,1909f56bfc062723c751e8b465ee728b)
Start importing Assets/Sprites/Trees/Assets_separately/Trees_texture_shadow_dark/Broken_tree2.png using Guid(c758ff88a2bcfae4da3a23667dc93cbc) Importer(815301076,1909f56bfc062723c751e8b465ee728b)  -> (artifact id: '0caee3cccc63e3b05d1266252842afa8') in 0.021718 seconds 
========================================================================
Received Import Request.
  Time since last request: 0.000018 seconds.
  path: Assets/Sprites/Trees/Assets_separately/Trees_shadow/Broken_tree2.png
  artifactKey: Guid(7cf830d9c9042484abc62f545eacd970) Importer(815301076,1909f56bfc062723c751e8b465ee728b)
Start importing Assets/Sprites/Trees/Assets_separately/Trees_shadow/Broken_tree2.png using Guid(7cf830d9c9042484abc62f545eacd970) Importer(815301076,1909f56bfc062723c751e8b465ee728b)  -> (artifact id: '6bb2b23550c36ff8f2e847cc3cce6876') in 0.019786 seconds 
========================================================================
Received Import Request.
  Time since last request: 0.000045 seconds.
  path: Assets/Sprites/Bushes/Assets_texture_shadow_dark/Bush_pink_flowers2.png
  artifactKey: Guid(35942da49c250d542b806f939ef95e7c) Importer(815301076,1909f56bfc062723c751e8b465ee728b)
Start importing Assets/Sprites/Bushes/Assets_texture_shadow_dark/Bush_pink_flowers2.png using Guid(35942da49c250d542b806f939ef95e7c) Importer(815301076,1909f56bfc062723c751e8b465ee728b)  -> (artifact id: '75eedcd1c57166a8106928876040cd96') in 0.020543 seconds 
========================================================================
Received Import Request.
  Time since last request: 0.000027 seconds.
  path: Assets/Sprites/Trees/Assets_separately/Trees_texture_shadow/Broken_tree2.png
  artifactKey: Guid(76b11637d6c7c6547b6645a93cac3373) Importer(815301076,1909f56bfc062723c751e8b465ee728b)
Start importing Assets/Sprites/Trees/Assets_separately/Trees_texture_shadow/Broken_tree2.png using Guid(76b11637d6c7c6547b6645a93cac3373) Importer(815301076,1909f56bfc062723c751e8b465ee728b)  -> (artifact id: '0b25dea4f995df28128515ac45ef667e') in 0.023072 seconds 
========================================================================
Received Import Request.
  Time since last request: 0.000022 seconds.
  path: Assets/Sprites/Bushes/Assets_texture_shadow/Bush_simple1_1.png
  artifactKey: Guid(6982062d39d39f84ca9cef4e75e93c98) Importer(815301076,1909f56bfc062723c751e8b465ee728b)
Start importing Assets/Sprites/Bushes/Assets_texture_shadow/Bush_simple1_1.png using Guid(6982062d39d39f84ca9cef4e75e93c98) Importer(815301076,1909f56bfc062723c751e8b465ee728b)  -> (artifact id: 'e36ff6bb42786557c7810f3a971e6403') in 0.020446 seconds 
========================================================================
Received Import Request.
  Time since last request: 0.000034 seconds.
  path: Assets/Sprites/Bushes/Assets_texture_shadow/Bush_pink_flowers2.png
  artifactKey: Guid(a42ddf18d4db42f418ec62ddd64b3014) Importer(815301076,1909f56bfc062723c751e8b465ee728b)
Start importing Assets/Sprites/Bushes/Assets_texture_shadow/Bush_pink_flowers2.png using Guid(a42ddf18d4db42f418ec62ddd64b3014) Importer(815301076,1909f56bfc062723c751e8b465ee728b)  -> (artifact id: 'aa7d2d30e1d79e6b7f709575b5952cfd') in 0.024839 seconds 
========================================================================
Received Import Request.
  Time since last request: 0.000047 seconds.
  path: Assets/Sprites/Bushes/Assets_texture_shadow_dark/Bush_red_flowers2.png
  artifactKey: Guid(87cf4c5f493eb1044aa365cedbf0b1cf) Importer(815301076,1909f56bfc062723c751e8b465ee728b)
Start importing Assets/Sprites/Bushes/Assets_texture_shadow_dark/Bush_red_flowers2.png using Guid(87cf4c5f493eb1044aa365cedbf0b1cf) Importer(815301076,1909f56bfc062723c751e8b465ee728b)  -> (artifact id: '578292776fbbd68615a247bfc69ddd64') in 0.020601 seconds 
========================================================================
Received Import Request.
  Time since last request: 0.000060 seconds.
  path: Assets/Sprites/Trees/Assets_separately/Trees_texture_shadow/Broken_tree3.png
  artifactKey: Guid(faff18d4e31eeda4a87f190d5b43ba4a) Importer(815301076,1909f56bfc062723c751e8b465ee728b)
Start importing Assets/Sprites/Trees/Assets_separately/Trees_texture_shadow/Broken_tree3.png using Guid(faff18d4e31eeda4a87f190d5b43ba4a) Importer(815301076,1909f56bfc062723c751e8b465ee728b)  -> (artifact id: '668309d9b238a50e79ae5e8df21ee274') in 0.023501 seconds 
========================================================================
Received Import Request.
  Time since last request: 5.798908 seconds.
  path: Packages/com.unity.2d.animation/Editor/Assets/SkinningModule/Icons/Light/Create_Edge@2x.png
  artifactKey: Guid(3b4e88f5705085042a95960cdcef2561) Importer(815301076,1909f56bfc062723c751e8b465ee728b)
Start importing Packages/com.unity.2d.animation/Editor/Assets/SkinningModule/Icons/Light/Create_Edge@2x.png using Guid(3b4e88f5705085042a95960cdcef2561) Importer(815301076,1909f56bfc062723c751e8b465ee728b)  -> (artifact id: 'eca38b5ca3493320349c0b69492f6ef5') in 0.027258 seconds 
========================================================================
Received Import Request.
  Time since last request: 0.000038 seconds.
  path: Packages/com.unity.2d.animation/Editor/Assets/SkinningModule/Icons/Selected/Create_Edge@3x.png
  artifactKey: Guid(374643871a39dd44880f1c0eff14f46c) Importer(815301076,1909f56bfc062723c751e8b465ee728b)
Start importing Packages/com.unity.2d.animation/Editor/Assets/SkinningModule/Icons/Selected/Create_Edge@3x.png using Guid(374643871a39dd44880f1c0eff14f46c) Importer(815301076,1909f56bfc062723c751e8b465ee728b)  -> (artifact id: '590c9e8d1fb583720ac9b94026566f4b') in 0.031408 seconds 
========================================================================
Received Import Request.
  Time since last request: 0.000038 seconds.
  path: Packages/com.unity.2d.animation/Editor/Assets/SkinningModule/Icons/Selected/Create_Edge@2x.png
  artifactKey: Guid(e5da66fa63839274dbffb877e43e888b) Importer(815301076,1909f56bfc062723c751e8b465ee728b)
Start importing Packages/com.unity.2d.animation/Editor/Assets/SkinningModule/Icons/Selected/Create_Edge@2x.png using Guid(e5da66fa63839274dbffb877e43e888b) Importer(815301076,1909f56bfc062723c751e8b465ee728b)  -> (artifact id: 'ce4a21bee3bfdbaf534dadae4c6db013') in 0.025420 seconds 
========================================================================
Received Import Request.
  Time since last request: 0.108991 seconds.
  path: Assets/Sprites/Trees/Assets_separately/Trees/Fruit_tree3.png
  artifactKey: Guid(dedf8552448852b4d990af9039ff1a65) Importer(815301076,1909f56bfc062723c751e8b465ee728b)
Start importing Assets/Sprites/Trees/Assets_separately/Trees/Fruit_tree3.png using Guid(dedf8552448852b4d990af9039ff1a65) Importer(815301076,1909f56bfc062723c751e8b465ee728b)  -> (artifact id: 'd12517de093369be87232edc6d255f3e') in 0.023502 seconds 
========================================================================
Received Import Request.
  Time since last request: 0.000036 seconds.
  path: Assets/Sprites/Trees/Assets_separately/Trees_texture_shadow_dark/Fruit_tree3.png
  artifactKey: Guid(da03a2f0657471a4d8c0b3e3716f959c) Importer(815301076,1909f56bfc062723c751e8b465ee728b)
Start importing Assets/Sprites/Trees/Assets_separately/Trees_texture_shadow_dark/Fruit_tree3.png using Guid(da03a2f0657471a4d8c0b3e3716f959c) Importer(815301076,1909f56bfc062723c751e8b465ee728b)  -> (artifact id: 'aae5a89fe057fac8b97d594a14d858ce') in 0.028116 seconds 
========================================================================
Received Import Request.
  Time since last request: 0.845793 seconds.
  path: Assets/Sprites/Icons/Icon6.png
  artifactKey: Guid(61ee92ede0dc479409ad4aa5527fe12b) Importer(815301076,1909f56bfc062723c751e8b465ee728b)
Start importing Assets/Sprites/Icons/Icon6.png using Guid(61ee92ede0dc479409ad4aa5527fe12b) Importer(815301076,1909f56bfc062723c751e8b465ee728b)  -> (artifact id: '57d4de3fd0d8849f2667577fd6d85fc2') in 0.027155 seconds 
========================================================================
Received Import Request.
  Time since last request: 0.000048 seconds.
  path: Assets/Sprites/GameIcons/Icon11.png
  artifactKey: Guid(c42793afe68a64b45bff7c4e851a74da) Importer(815301076,1909f56bfc062723c751e8b465ee728b)
Start importing Assets/Sprites/GameIcons/Icon11.png using Guid(c42793afe68a64b45bff7c4e851a74da) Importer(815301076,1909f56bfc062723c751e8b465ee728b)  -> (artifact id: '0ed17dd322b76b9df8cd1a234c4201b7') in 0.026520 seconds 
========================================================================
Received Import Request.
  Time since last request: 0.000040 seconds.
  path: Assets/Sprites/Icons/Icon24.png
  artifactKey: Guid(cf3dbbf7e6d5a9344b1e2d18e302f81d) Importer(815301076,1909f56bfc062723c751e8b465ee728b)
Start importing Assets/Sprites/Icons/Icon24.png using Guid(cf3dbbf7e6d5a9344b1e2d18e302f81d) Importer(815301076,1909f56bfc062723c751e8b465ee728b)  -> (artifact id: '30d2973e490a3e4bac36d039239287cc') in 0.028397 seconds 
========================================================================
Received Import Request.
  Time since last request: 0.000029 seconds.
  path: Assets/Sprites/GameIcons/Icon18.png
  artifactKey: Guid(d071a3cf55e3ba84ba489f8a610156c0) Importer(815301076,1909f56bfc062723c751e8b465ee728b)
Start importing Assets/Sprites/GameIcons/Icon18.png using Guid(d071a3cf55e3ba84ba489f8a610156c0) Importer(815301076,1909f56bfc062723c751e8b465ee728b)  -> (artifact id: '95ba18c62e6affa0cf8942d0254a555e') in 0.025978 seconds 
========================================================================
Received Import Request.
  Time since last request: 0.000048 seconds.
  path: Assets/Sprites/Icons/Icon35.png
  artifactKey: Guid(de1277faed5c3e0468518199032e9a06) Importer(815301076,1909f56bfc062723c751e8b465ee728b)
Start importing Assets/Sprites/Icons/Icon35.png using Guid(de1277faed5c3e0468518199032e9a06) Importer(815301076,1909f56bfc062723c751e8b465ee728b)  -> (artifact id: 'f32a0ab6a14840e69f96118d53a96c8c') in 0.028133 seconds 
========================================================================
Received Import Request.
  Time since last request: 0.000030 seconds.
  path: Assets/Sprites/Icons/Icon34.png
  artifactKey: Guid(90acb3d200f3e524fbc371ccc8cab3d3) Importer(815301076,1909f56bfc062723c751e8b465ee728b)
Start importing Assets/Sprites/Icons/Icon34.png using Guid(90acb3d200f3e524fbc371ccc8cab3d3) Importer(815301076,1909f56bfc062723c751e8b465ee728b)  -> (artifact id: 'c44aa39ce685d592142b7bacf61f8813') in 0.036078 seconds 
========================================================================
Received Import Request.
  Time since last request: 0.000078 seconds.
  path: Packages/com.unity.collab-proxy/Editor/PlasticSCM/Assets/Images/iconaddedlocal.png
  artifactKey: Guid(9a1ab8af8c446204e989a90f18305caf) Importer(815301076,1909f56bfc062723c751e8b465ee728b)
Start importing Packages/com.unity.collab-proxy/Editor/PlasticSCM/Assets/Images/iconaddedlocal.png using Guid(9a1ab8af8c446204e989a90f18305caf) Importer(815301076,1909f56bfc062723c751e8b465ee728b)  -> (artifact id: 'cc1d3e6f50a079183a5a9f921d0a3848') in 0.037326 seconds 
========================================================================
Received Import Request.
  Time since last request: 0.000038 seconds.
  path: Assets/Sprites/Icons/Icon42.png
  artifactKey: Guid(02b8381f9a0acfb4c8771118b806ee41) Importer(815301076,1909f56bfc062723c751e8b465ee728b)
Start importing Assets/Sprites/Icons/Icon42.png using Guid(02b8381f9a0acfb4c8771118b806ee41) Importer(815301076,1909f56bfc062723c751e8b465ee728b)  -> (artifact id: 'd8a5bd7a8523957748fa1e813c97666b') in 0.029874 seconds 
========================================================================
Received Import Request.
  Time since last request: 0.000044 seconds.
  path: Assets/Sprites/Icons/Icon12.png
  artifactKey: Guid(e73ebe347b0044e4f8af10d4b0d4df44) Importer(815301076,1909f56bfc062723c751e8b465ee728b)
Start importing Assets/Sprites/Icons/Icon12.png using Guid(e73ebe347b0044e4f8af10d4b0d4df44) Importer(815301076,1909f56bfc062723c751e8b465ee728b)  -> (artifact id: '7bbbb7bc41da16b66417ebd18fc38a73') in 0.029539 seconds 
========================================================================
Received Import Request.
  Time since last request: 0.000029 seconds.
  path: Assets/Sprites/Icons/Icon17.png
  artifactKey: Guid(eec1ac126060d744980c0adf6c7361f9) Importer(815301076,1909f56bfc062723c751e8b465ee728b)
Start importing Assets/Sprites/Icons/Icon17.png using Guid(eec1ac126060d744980c0adf6c7361f9) Importer(815301076,1909f56bfc062723c751e8b465ee728b)  -> (artifact id: 'd55619356765fe0fdd3cb92037cfad12') in 0.026294 seconds 
========================================================================
Received Import Request.
  Time since last request: 0.000055 seconds.
  path: Packages/com.unity.collab-proxy/Editor/PlasticSCM/Assets/Images/iconoutofsyncoverlay@2x.png
  artifactKey: Guid(3728580c149181a44b359e89f6edacae) Importer(815301076,1909f56bfc062723c751e8b465ee728b)
Start importing Packages/com.unity.collab-proxy/Editor/PlasticSCM/Assets/Images/iconoutofsyncoverlay@2x.png using Guid(3728580c149181a44b359e89f6edacae) Importer(815301076,1909f56bfc062723c751e8b465ee728b)  -> (artifact id: '2508b4ac38cb8264baa8eb22a41383f4') in 0.027778 seconds 
========================================================================
Received Import Request.
  Time since last request: 0.160824 seconds.
  path: Packages/com.unity.2d.psdimporter/Editor/Assets/Icons/Selected/Layers Collapsed@1x.png
  artifactKey: Guid(2870bda067c0e4d58911767e41709dd2) Importer(815301076,1909f56bfc062723c751e8b465ee728b)
Start importing Packages/com.unity.2d.psdimporter/Editor/Assets/Icons/Selected/Layers Collapsed@1x.png using Guid(2870bda067c0e4d58911767e41709dd2) Importer(815301076,1909f56bfc062723c751e8b465ee728b)  -> (artifact id: '8886f5b0bbc2b701cb65f0b7d0e0d90d') in 0.028240 seconds 
========================================================================
Received Import Request.
  Time since last request: 0.011960 seconds.
  path: Packages/com.unity.2d.psdimporter/Editor/Assets/Icons/Light/Layers Mixed@8x.png
  artifactKey: Guid(0e6407347fc834e6a8b46f9528bcf7b3) Importer(815301076,1909f56bfc062723c751e8b465ee728b)
Start importing Packages/com.unity.2d.psdimporter/Editor/Assets/Icons/Light/Layers Mixed@8x.png using Guid(0e6407347fc834e6a8b46f9528bcf7b3) Importer(815301076,1909f56bfc062723c751e8b465ee728b)  -> (artifact id: 'd60df2dcb1754546ab7f572bc69f22c7') in 0.030775 seconds 
========================================================================
Received Import Request.
  Time since last request: 0.000026 seconds.
  path: Packages/com.unity.2d.psdimporter/Editor/Assets/Icons/Dark/Layers Separated@4x.png
  artifactKey: Guid(03a0f27e9b08047889b3f5e7f0c23ff7) Importer(815301076,1909f56bfc062723c751e8b465ee728b)
Start importing Packages/com.unity.2d.psdimporter/Editor/Assets/Icons/Dark/Layers Separated@4x.png using Guid(03a0f27e9b08047889b3f5e7f0c23ff7) Importer(815301076,1909f56bfc062723c751e8b465ee728b)  -> (artifact id: 'e435824464c6068e28723bd05a057dbb') in 0.026587 seconds 
========================================================================
Received Import Request.
  Time since last request: 0.001202 seconds.
  path: Packages/com.unity.2d.animation/Editor/Assets/SkinningModule/Icons/Light/Mesh@4x.png
  artifactKey: Guid(953b8abb3b6548c4294b547c2f473be0) Importer(815301076,1909f56bfc062723c751e8b465ee728b)
Start importing Packages/com.unity.2d.animation/Editor/Assets/SkinningModule/Icons/Light/Mesh@4x.png using Guid(953b8abb3b6548c4294b547c2f473be0) Importer(815301076,1909f56bfc062723c751e8b465ee728b)  -> (artifact id: 'b08158aed05bac810cac9438bf1526a2') in 0.029359 seconds 
========================================================================
Received Import Request.
  Time since last request: 0.000028 seconds.
  path: Assets/Sprites/Trees/Assets_separately/Trees/Moss_tree3.png
  artifactKey: Guid(eaac0ad21fb07ab479a91c336a68943f) Importer(815301076,1909f56bfc062723c751e8b465ee728b)
Start importing Assets/Sprites/Trees/Assets_separately/Trees/Moss_tree3.png using Guid(eaac0ad21fb07ab479a91c336a68943f) Importer(815301076,1909f56bfc062723c751e8b465ee728b)  -> (artifact id: 'e77372bc0ebbf4b157b9e7a44f27373c') in 0.019934 seconds 
========================================================================
Received Import Request.
  Time since last request: 0.000018 seconds.
  path: Assets/Sprites/Trees/Assets_separately/Trees_shadow/Palm_tree1_3.png
  artifactKey: Guid(f77484dfddcb8674aadc2d049bb02b21) Importer(815301076,1909f56bfc062723c751e8b465ee728b)
Start importing Assets/Sprites/Trees/Assets_separately/Trees_shadow/Palm_tree1_3.png using Guid(f77484dfddcb8674aadc2d049bb02b21) Importer(815301076,1909f56bfc062723c751e8b465ee728b)  -> (artifact id: '48b205d6a0907373059f15ca8ce02797') in 0.087500 seconds 
========================================================================
Received Import Request.
  Time since last request: 0.000054 seconds.
  path: Assets/Sprites/Trees/Assets_separately/Trees_shadow/Palm_tree2_3.png
  artifactKey: Guid(f2e0ecf0ee252c74398d22c467e97a05) Importer(815301076,1909f56bfc062723c751e8b465ee728b)
Start importing Assets/Sprites/Trees/Assets_separately/Trees_shadow/Palm_tree2_3.png using Guid(f2e0ecf0ee252c74398d22c467e97a05) Importer(815301076,1909f56bfc062723c751e8b465ee728b)  -> (artifact id: 'eec4d2fffeeb9b6c323a7654c94c50cf') in 0.028101 seconds 
========================================================================
Received Import Request.
  Time since last request: 0.000047 seconds.
  path: Assets/Sprites/Trees/Assets_separately/Trees/Palm_tree1_2.png
  artifactKey: Guid(6adf527466d04ca449129e6fd8ac67ee) Importer(815301076,1909f56bfc062723c751e8b465ee728b)
Start importing Assets/Sprites/Trees/Assets_separately/Trees/Palm_tree1_2.png using Guid(6adf527466d04ca449129e6fd8ac67ee) Importer(815301076,1909f56bfc062723c751e8b465ee728b)  -> (artifact id: '3a7132f1957fcb91f51b61a20636e7c8') in 0.031365 seconds 
========================================================================
Received Import Request.
  Time since last request: 0.274766 seconds.
  path: Packages/com.unity.2d.animation/Editor/Assets/SkinningModule/Icons/Light/Paste@2x.png
  artifactKey: Guid(54b8604d8a7085842917d5b83ca73854) Importer(815301076,1909f56bfc062723c751e8b465ee728b)
Start importing Packages/com.unity.2d.animation/Editor/Assets/SkinningModule/Icons/Light/Paste@2x.png using Guid(54b8604d8a7085842917d5b83ca73854) Importer(815301076,1909f56bfc062723c751e8b465ee728b)  -> (artifact id: '9c7a6d00b63c9fb3740d2c012e105229') in 0.043391 seconds 
========================================================================
Received Import Request.
  Time since last request: 4.397830 seconds.
  path: Assets/Sprites/Rocks/Rock1_grass_shadow1.png
  artifactKey: Guid(fb17f9585d3be10458fbed7832142305) Importer(815301076,1909f56bfc062723c751e8b465ee728b)
Start importing Assets/Sprites/Rocks/Rock1_grass_shadow1.png using Guid(fb17f9585d3be10458fbed7832142305) Importer(815301076,1909f56bfc062723c751e8b465ee728b)  -> (artifact id: '6a8a885eeb47f5b6af2ff72ba2a9a654') in 0.022282 seconds 
========================================================================
Received Import Request.
  Time since last request: 0.000033 seconds.
  path: Assets/Sprites/Rocks/Rock4_4.png
  artifactKey: Guid(8588f3afa05832b4792c05dc72944445) Importer(815301076,1909f56bfc062723c751e8b465ee728b)
Start importing Assets/Sprites/Rocks/Rock4_4.png using Guid(8588f3afa05832b4792c05dc72944445) Importer(815301076,1909f56bfc062723c751e8b465ee728b)  -> (artifact id: '8e23bc1f4864752fc856bcc4bc160791') in 0.024386 seconds 
========================================================================
Received Import Request.
  Time since last request: 0.000034 seconds.
  path: Assets/Sprites/Bushes/Assets_texture_shadow/Snow_bush1.png
  artifactKey: Guid(46e8ba4cdfcfa7a498e48a66f26dd592) Importer(815301076,1909f56bfc062723c751e8b465ee728b)
Start importing Assets/Sprites/Bushes/Assets_texture_shadow/Snow_bush1.png using Guid(46e8ba4cdfcfa7a498e48a66f26dd592) Importer(815301076,1909f56bfc062723c751e8b465ee728b)  -> (artifact id: '10eb1c0692e088e326d0361484546b93') in 0.023222 seconds 
========================================================================
Received Import Request.
  Time since last request: 0.000028 seconds.
  path: Assets/Sprites/Rocks/Rock4_grass_shadow_dark4.png
  artifactKey: Guid(2e661787aad558243ad1e5b708e72239) Importer(815301076,1909f56bfc062723c751e8b465ee728b)
Start importing Assets/Sprites/Rocks/Rock4_grass_shadow_dark4.png using Guid(2e661787aad558243ad1e5b708e72239) Importer(815301076,1909f56bfc062723c751e8b465ee728b)  -> (artifact id: '6e10afca2fe8fddba4246d1b449cc7c6') in 0.034462 seconds 
========================================================================
Received Import Request.
  Time since last request: 0.000038 seconds.
  path: Assets/Sprites/Rocks/Rock6_grass_shadow_dark2.png
  artifactKey: Guid(655f06308d0e92e4285c65534f69b32b) Importer(815301076,1909f56bfc062723c751e8b465ee728b)
Start importing Assets/Sprites/Rocks/Rock6_grass_shadow_dark2.png using Guid(655f06308d0e92e4285c65534f69b32b) Importer(815301076,1909f56bfc062723c751e8b465ee728b)  -> (artifact id: 'df9b22402ca99f0ac102fb571672b114') in 0.027765 seconds 
========================================================================
Received Import Request.
  Time since last request: 0.000061 seconds.
  path: Assets/Sprites/Garden Birds_Download_001/spritesheet_hummingbird.png
  artifactKey: Guid(b78b66cd4d5d1b648968c25c307dbe14) Importer(815301076,1909f56bfc062723c751e8b465ee728b)
Start importing Assets/Sprites/Garden Birds_Download_001/spritesheet_hummingbird.png using Guid(b78b66cd4d5d1b648968c25c307dbe14) Importer(815301076,1909f56bfc062723c751e8b465ee728b)  -> (artifact id: 'f74656902d9b25caeae609c90d121a33') in 0.025343 seconds 
========================================================================
Received Import Request.
  Time since last request: 0.000034 seconds.
  path: Assets/Sprites/Rocks/Rock4_5.png
  artifactKey: Guid(6281e8d6d62b40347b22c0c3b28ee113) Importer(815301076,1909f56bfc062723c751e8b465ee728b)
Start importing Assets/Sprites/Rocks/Rock4_5.png using Guid(6281e8d6d62b40347b22c0c3b28ee113) Importer(815301076,1909f56bfc062723c751e8b465ee728b)  -> (artifact id: 'b8a45ddc1b2405a1d0e1343fdcc2a2b1') in 0.024552 seconds 
========================================================================
Received Import Request.
  Time since last request: 0.000028 seconds.
  path: Packages/com.unity.collab-proxy/Editor/PlasticSCM/Assets/Images/step2.png
  artifactKey: Guid(cd0b17b71a5c498428ee91dee8a78a88) Importer(815301076,1909f56bfc062723c751e8b465ee728b)
Start importing Packages/com.unity.collab-proxy/Editor/PlasticSCM/Assets/Images/step2.png using Guid(cd0b17b71a5c498428ee91dee8a78a88) Importer(815301076,1909f56bfc062723c751e8b465ee728b)  -> (artifact id: '9a8c43a946d63d2ac4258755e30b35ba') in 0.032891 seconds 
========================================================================
Received Import Request.
  Time since last request: 0.000026 seconds.
  path: Assets/Sprites/Rocks/Rock6_3.png
  artifactKey: Guid(57ab19fb07039a04ba07a629508bdcda) Importer(815301076,1909f56bfc062723c751e8b465ee728b)
Start importing Assets/Sprites/Rocks/Rock6_3.png using Guid(57ab19fb07039a04ba07a629508bdcda) Importer(815301076,1909f56bfc062723c751e8b465ee728b)  -> (artifact id: '0c03f6ab811f300d52d410c2ef95d435') in 0.027283 seconds 
========================================================================
Received Import Request.
  Time since last request: 0.000045 seconds.
  path: Assets/Sprites/Bushes/Assets_shadow/Snow_bush1.png
  artifactKey: Guid(888731c82c875e1458ea08b515f09b13) Importer(815301076,1909f56bfc062723c751e8b465ee728b)
Start importing Assets/Sprites/Bushes/Assets_shadow/Snow_bush1.png using Guid(888731c82c875e1458ea08b515f09b13) Importer(815301076,1909f56bfc062723c751e8b465ee728b)  -> (artifact id: '0c031b9ba552cfbe4bd8617b16c5822b') in 0.030053 seconds 
========================================================================
Received Import Request.
  Time since last request: 0.000047 seconds.
  path: Packages/com.unity.collab-proxy/Editor/PlasticSCM/Assets/Images/step1.png
  artifactKey: Guid(9ce84ff0fdeb13d4a83f077d075dd9a5) Importer(815301076,1909f56bfc062723c751e8b465ee728b)
Start importing Packages/com.unity.collab-proxy/Editor/PlasticSCM/Assets/Images/step1.png using Guid(9ce84ff0fdeb13d4a83f077d075dd9a5) Importer(815301076,1909f56bfc062723c751e8b465ee728b)  -> (artifact id: '9a13fec70be47a3de77e3c2fd83fee0b') in 0.028218 seconds 
========================================================================
Received Import Request.
  Time since last request: 0.000041 seconds.
  path: Assets/Sprites/Rocks/Rock6_3_no_shadow.png
  artifactKey: Guid(c022e189a0371284b811c1a8c9952898) Importer(815301076,1909f56bfc062723c751e8b465ee728b)
Start importing Assets/Sprites/Rocks/Rock6_3_no_shadow.png using Guid(c022e189a0371284b811c1a8c9952898) Importer(815301076,1909f56bfc062723c751e8b465ee728b)  -> (artifact id: '61d035cadc41c8b50d5fc3b49bda92d9') in 0.032272 seconds 
========================================================================
Received Import Request.
  Time since last request: 0.286172 seconds.
  path: Packages/com.unity.2d.animation/Editor/Assets/SkinningModule/Icons/Light/Visibility_Hidded@3x.png
  artifactKey: Guid(89930da27dfbbc64ba1f3baf0ae416bb) Importer(815301076,1909f56bfc062723c751e8b465ee728b)
Start importing Packages/com.unity.2d.animation/Editor/Assets/SkinningModule/Icons/Light/Visibility_Hidded@3x.png using Guid(89930da27dfbbc64ba1f3baf0ae416bb) Importer(815301076,1909f56bfc062723c751e8b465ee728b)  -> (artifact id: '20c6839eee155848207053224ae51594') in 0.025398 seconds 
========================================================================
Received Prepare
Registering precompiled user dll's ...
Registered in 0.005244 seconds.
Begin MonoManager ReloadAssembly
Symbol file LoadedFromMemory doesn't match image C:\Users\student216-4\Documents\GitHub\GoshaWeb\Library\PackageCache\com.unity.visualscripting@1.8.0\Editor\VisualScripting.Core\Dependencies\YamlDotNet\Unity.VisualScripting.YamlDotNet.dll
Symbol file LoadedFromMemory doesn't match image C:\Users\student216-4\Documents\GitHub\GoshaWeb\Library\PackageCache\com.unity.visualscripting@1.8.0\Editor\VisualScripting.Core\Dependencies\DotNetZip\Unity.VisualScripting.IonicZip.dll
Native extension for WindowsStandalone target not found
Native extension for WebGL target not found
Refreshing native plugins compatible for Editor in 1.20 ms, found 4 plugins.
Preloading 0 native plugins for Editor in 0.00 ms.
Mono: successfully reloaded assembly
- Completed reload, in  1.502 seconds
Domain Reload Profiling:
	ReloadAssembly (1503ms)
		BeginReloadAssembly (231ms)
			ExecutionOrderSort (0ms)
			DisableScriptedObjects (9ms)
			BackupInstance (0ms)
			ReleaseScriptingObjects (0ms)
			CreateAndSetChildDomain (64ms)
		EndReloadAssembly (1148ms)
			LoadAssemblies (172ms)
			RebuildTransferFunctionScriptingTraits (0ms)
			SetupTypeCache (344ms)
			ReleaseScriptCaches (2ms)
			RebuildScriptCaches (66ms)
			SetupLoadedEditorAssemblies (522ms)
				LogAssemblyErrors (0ms)
				InitializePlatformSupportModulesInManaged (10ms)
				SetLoadedEditorAssemblies (1ms)
				RefreshPlugins (1ms)
				BeforeProcessingInitializeOnLoad (114ms)
				ProcessInitializeOnLoadAttributes (294ms)
				ProcessInitializeOnLoadMethodAttributes (96ms)
				AfterProcessingInitializeOnLoad (7ms)
				EditorAssembliesLoaded (0ms)
			ExecutionOrderSort2 (0ms)
			AwakeInstancesAfterBackupRestoration (13ms)
Platform modules already initialized, skipping
Refreshing native plugins compatible for Editor in 5.42 ms, found 4 plugins.
Preloading 0 native plugins for Editor in 0.00 ms.
Unloading 5108 Unused Serialized files (Serialized files now loaded: 0)
Unloading 27 unused Assets / (0.7 MB). Loaded Objects now: 5804.
Memory consumption went from 207.8 MB to 207.1 MB.
Total: 6.833900 ms (FindLiveObjects: 0.741400 ms CreateObjectMapping: 0.975500 ms MarkObjects: 4.749300 ms  DeleteObjects: 0.365900 ms)

AssetImportParameters requested are different than current active one (requested -> active):
  custom:video-decoder-ogg-theora: a1e56fd34408186e4bbccfd4996cb3dc -> 
  custom:container-muxer-webm: aa71ff27fc2769a1b78a27578f13a17b -> 
  custom:container-demuxer-webm: 4f35f7cbe854078d1ac9338744f61a02 -> 
  custom:video-encoder-webm-vp8: eb34c28f22e8b96e1ab97ce403110664 -> 
  custom:audio-encoder-webm-vorbis: bf7c407c2cedff20999df2af8eb42d56 -> 
  custom:framework-win-MediaFoundation: 216162199b28c13a410421893ffa2e32 -> 
  custom:container-demuxer-ogg: 62fdf1f143b41e24485cea50d1cbac27 -> 
  custom:video-decoder-webm-vp8: 9c59270c3fd7afecdb556c50c9e8de78 -> 
  custom:audio-decoder-ogg-vorbis: bf7c407c2cedff20999df2af8eb42d56 -> 
Editor requested this worker to shutdown with reason: Scaling down because of idle timeout
AssetImportWorker is now disconnected from the server
Process exiting
Exiting without the bug reporter. Application will terminate with return code 0