Using pre-set license
Built from '2021.3/staging' branch; Version is '2021.3.22f1 (b6c551784ba3) revision 11978065'; Using compiler version '192829333'; Build Type 'Release'
OS: 'Windows 10  (10.0.19044) 64bit Professional' Language: 'ru' Physical Memory: 8123 MB
BatchMode: 1, IsHumanControllingUs: 0, StartBugReporterOnCrash: 0, Is64bit: 1, IsPro: 1

COMMAND LINE ARGUMENTS:
C:\Program Files\Unity\Hub\Editor\2021.3.22f1\Editor\Unity.exe
-adb2
-batchMode
-noUpm
-name
AssetImportWorker4
-projectPath
E:/git/GoshaWeb
-logFile
Logs/AssetImportWorker4.log
-srvPort
50766
Successfully changed project path to: E:/git/GoshaWeb
E:/git/GoshaWeb
[UnityMemory] Configuration Parameters - Can be set up in boot.config
    "memorysetup-bucket-allocator-granularity=16"
    "memorysetup-bucket-allocator-bucket-count=8"
    "memorysetup-bucket-allocator-block-size=33554432"
    "memorysetup-bucket-allocator-block-count=8"
    "memorysetup-main-allocator-block-size=16777216"
    "memorysetup-thread-allocator-block-size=16777216"
    "memorysetup-gfx-main-allocator-block-size=16777216"
    "memorysetup-gfx-thread-allocator-block-size=16777216"
    "memorysetup-cache-allocator-block-size=4194304"
    "memorysetup-typetree-allocator-block-size=2097152"
    "memorysetup-profiler-bucket-allocator-granularity=16"
    "memorysetup-profiler-bucket-allocator-bucket-count=8"
    "memorysetup-profiler-bucket-allocator-block-size=33554432"
    "memorysetup-profiler-bucket-allocator-block-count=8"
    "memorysetup-profiler-allocator-block-size=16777216"
    "memorysetup-profiler-editor-allocator-block-size=1048576"
    "memorysetup-temp-allocator-size-main=16777216"
    "memorysetup-job-temp-allocator-block-size=2097152"
    "memorysetup-job-temp-allocator-block-size-background=1048576"
    "memorysetup-job-temp-allocator-reduction-small-platforms=262144"
    "memorysetup-temp-allocator-size-background-worker=32768"
    "memorysetup-temp-allocator-size-job-worker=262144"
    "memorysetup-temp-allocator-size-preload-manager=33554432"
    "memorysetup-temp-allocator-size-nav-mesh-worker=65536"
    "memorysetup-temp-allocator-size-audio-worker=65536"
    "memorysetup-temp-allocator-size-cloud-worker=32768"
    "memorysetup-temp-allocator-size-gi-baking-worker=262144"
    "memorysetup-temp-allocator-size-gfx=262144"
Player connection [19916] Host "[IP] 192.168.10.103 [Port] 0 [Flags] 2 [Guid] 3984243886 [EditorId] 3984243886 [Version] 1048832 [Id] WindowsEditor(7,PC-3) [Debug] 1 [PackageName] WindowsEditor [ProjectName] Editor" joined multi-casting on [225.0.0.222:54997]...

Player connection [19916] Host "[IP] 192.168.10.103 [Port] 0 [Flags] 2 [Guid] 3984243886 [EditorId] 3984243886 [Version] 1048832 [Id] WindowsEditor(7,PC-3) [Debug] 1 [PackageName] WindowsEditor [ProjectName] Editor" joined alternative multi-casting on [225.0.0.222:34997]...

Refreshing native plugins compatible for Editor in 136.25 ms, found 4 plugins.
Preloading 0 native plugins for Editor in 0.00 ms.
Initialize engine version: 2021.3.22f1 (b6c551784ba3)
[Subsystems] Discovering subsystems at path C:/Program Files/Unity/Hub/Editor/2021.3.22f1/Editor/Data/Resources/UnitySubsystems
[Subsystems] Discovering subsystems at path E:/git/GoshaWeb/Assets
GfxDevice: creating device client; threaded=0; jobified=0
Direct3D:
    Version:  Direct3D 11.0 [level 11.1]
    Renderer: NVIDIA GeForce GTX 1080 (ID=0x1b80)
    Vendor:   NVIDIA
    VRAM:     8079 MB
    Driver:   31.0.15.1694
Initialize mono
Mono path[0] = 'C:/Program Files/Unity/Hub/Editor/2021.3.22f1/Editor/Data/Managed'
Mono path[1] = 'C:/Program Files/Unity/Hub/Editor/2021.3.22f1/Editor/Data/MonoBleedingEdge/lib/mono/unityjit-win32'
Mono config path = 'C:/Program Files/Unity/Hub/Editor/2021.3.22f1/Editor/Data/MonoBleedingEdge/etc'
Using monoOptions --debugger-agent=transport=dt_socket,embedding=1,server=y,suspend=n,address=127.0.0.1:56828
Begin MonoManager ReloadAssembly
Registering precompiled unity dll's ...
Register platform support module: C:/Program Files/Unity/Hub/Editor/2021.3.22f1/Editor/Data/PlaybackEngines/WindowsStandaloneSupport/UnityEditor.WindowsStandalone.Extensions.dll
Registered in 0.007700 seconds.
Native extension for WindowsStandalone target not found
Refreshing native plugins compatible for Editor in 113.53 ms, found 4 plugins.
Preloading 0 native plugins for Editor in 0.00 ms.
Mono: successfully reloaded assembly
- Completed reload, in  0.680 seconds
Domain Reload Profiling:
	ReloadAssembly (681ms)
		BeginReloadAssembly (126ms)
			ExecutionOrderSort (0ms)
			DisableScriptedObjects (0ms)
			BackupInstance (0ms)
			ReleaseScriptingObjects (0ms)
			CreateAndSetChildDomain (1ms)
		EndReloadAssembly (456ms)
			LoadAssemblies (124ms)
			RebuildTransferFunctionScriptingTraits (0ms)
			SetupTypeCache (101ms)
			ReleaseScriptCaches (0ms)
			RebuildScriptCaches (28ms)
			SetupLoadedEditorAssemblies (279ms)
				LogAssemblyErrors (0ms)
				InitializePlatformSupportModulesInManaged (7ms)
				SetLoadedEditorAssemblies (0ms)
				RefreshPlugins (114ms)
				BeforeProcessingInitializeOnLoad (1ms)
				ProcessInitializeOnLoadAttributes (115ms)
				ProcessInitializeOnLoadMethodAttributes (42ms)
				AfterProcessingInitializeOnLoad (0ms)
				EditorAssembliesLoaded (0ms)
			ExecutionOrderSort2 (0ms)
			AwakeInstancesAfterBackupRestoration (0ms)
Platform modules already initialized, skipping
Registering precompiled user dll's ...
Registered in 0.005519 seconds.
Begin MonoManager ReloadAssembly
Symbol file LoadedFromMemory doesn't match image E:\git\GoshaWeb\Library\PackageCache\com.unity.visualscripting@1.8.0\Editor\VisualScripting.Core\Dependencies\YamlDotNet\Unity.VisualScripting.YamlDotNet.dll
Symbol file LoadedFromMemory doesn't match image E:\git\GoshaWeb\Library\PackageCache\com.unity.visualscripting@1.8.0\Editor\VisualScripting.Core\Dependencies\DotNetZip\Unity.VisualScripting.IonicZip.dll
Native extension for WindowsStandalone target not found
Refreshing native plugins compatible for Editor in 118.41 ms, found 4 plugins.
Preloading 0 native plugins for Editor in 0.00 ms.
Mono: successfully reloaded assembly
- Completed reload, in  1.274 seconds
Domain Reload Profiling:
	ReloadAssembly (1274ms)
		BeginReloadAssembly (138ms)
			ExecutionOrderSort (0ms)
			DisableScriptedObjects (5ms)
			BackupInstance (0ms)
			ReleaseScriptingObjects (0ms)
			CreateAndSetChildDomain (18ms)
		EndReloadAssembly (1033ms)
			LoadAssemblies (121ms)
			RebuildTransferFunctionScriptingTraits (0ms)
			SetupTypeCache (273ms)
			ReleaseScriptCaches (1ms)
			RebuildScriptCaches (63ms)
			SetupLoadedEditorAssemblies (565ms)
				LogAssemblyErrors (0ms)
				InitializePlatformSupportModulesInManaged (4ms)
				SetLoadedEditorAssemblies (0ms)
				RefreshPlugins (118ms)
				BeforeProcessingInitializeOnLoad (120ms)
				ProcessInitializeOnLoadAttributes (230ms)
				ProcessInitializeOnLoadMethodAttributes (83ms)
				AfterProcessingInitializeOnLoad (9ms)
				EditorAssembliesLoaded (0ms)
			ExecutionOrderSort2 (0ms)
			AwakeInstancesAfterBackupRestoration (7ms)
Platform modules already initialized, skipping
========================================================================
Worker process is ready to serve import requests
Launched and connected shader compiler UnityShaderCompiler.exe after 0.06 seconds
Refreshing native plugins compatible for Editor in 0.78 ms, found 4 plugins.
Preloading 0 native plugins for Editor in 0.00 ms.
Unloading 5220 Unused Serialized files (Serialized files now loaded: 0)
Unloading 40 unused Assets / (0.7 MB). Loaded Objects now: 5673.
Memory consumption went from 206.5 MB to 205.7 MB.
Total: 4.709500 ms (FindLiveObjects: 0.387100 ms CreateObjectMapping: 0.333700 ms MarkObjects: 3.693700 ms  DeleteObjects: 0.293700 ms)

AssetImportParameters requested are different than current active one (requested -> active):
  custom:video-decoder-ogg-theora: a1e56fd34408186e4bbccfd4996cb3dc -> 
  custom:container-muxer-webm: aa71ff27fc2769a1b78a27578f13a17b -> 
  custom:container-demuxer-webm: 4f35f7cbe854078d1ac9338744f61a02 -> 
  custom:video-encoder-webm-vp8: eb34c28f22e8b96e1ab97ce403110664 -> 
  custom:audio-encoder-webm-vorbis: bf7c407c2cedff20999df2af8eb42d56 -> 
  custom:framework-win-MediaFoundation: 216162199b28c13a410421893ffa2e32 -> 
  custom:container-demuxer-ogg: 62fdf1f143b41e24485cea50d1cbac27 -> 
  custom:video-decoder-webm-vp8: 9c59270c3fd7afecdb556c50c9e8de78 -> 
  custom:audio-decoder-ogg-vorbis: bf7c407c2cedff20999df2af8eb42d56 -> 
========================================================================
Received Import Request.
  Time since last request: 951942.931533 seconds.
  path: Packages/com.unity.render-pipelines.universal/Runtime/Materials/Decal.mat
  artifactKey: Guid(31d0dcc6f2dd4e4408d18036a2c93862) Importer(815301076,1909f56bfc062723c751e8b465ee728b)
Start importing Packages/com.unity.render-pipelines.universal/Runtime/Materials/Decal.mat using Guid(31d0dcc6f2dd4e4408d18036a2c93862) Importer(815301076,1909f56bfc062723c751e8b465ee728b)  -> (artifact id: '8b6066bfddc995f5e9f434bb9a4f6fd5') in 0.386980 seconds 
========================================================================
Received Import Request.
  Time since last request: 0.000032 seconds.
  path: Packages/com.unity.render-pipelines.universal/Runtime/Materials/TerrainLit.mat
  artifactKey: Guid(594ea882c5a793440b60ff72d896021e) Importer(815301076,1909f56bfc062723c751e8b465ee728b)
Start importing Packages/com.unity.render-pipelines.universal/Runtime/Materials/TerrainLit.mat using Guid(594ea882c5a793440b60ff72d896021e) Importer(815301076,1909f56bfc062723c751e8b465ee728b)  -> (artifact id: '7a18f4d9f6718ae2cc6f72b4e8e3d978') in 0.253819 seconds 
========================================================================
Received Prepare
Registering precompiled user dll's ...
Registered in 0.008116 seconds.
Begin MonoManager ReloadAssembly
Symbol file LoadedFromMemory doesn't match image E:\git\GoshaWeb\Library\PackageCache\com.unity.visualscripting@1.8.0\Editor\VisualScripting.Core\Dependencies\YamlDotNet\Unity.VisualScripting.YamlDotNet.dll
Symbol file LoadedFromMemory doesn't match image E:\git\GoshaWeb\Library\PackageCache\com.unity.visualscripting@1.8.0\Editor\VisualScripting.Core\Dependencies\DotNetZip\Unity.VisualScripting.IonicZip.dll
Native extension for WindowsStandalone target not found
Refreshing native plugins compatible for Editor in 0.82 ms, found 4 plugins.
Preloading 0 native plugins for Editor in 0.00 ms.
Mono: successfully reloaded assembly
- Completed reload, in  1.269 seconds
Domain Reload Profiling:
	ReloadAssembly (1269ms)
		BeginReloadAssembly (154ms)
			ExecutionOrderSort (0ms)
			DisableScriptedObjects (9ms)
			BackupInstance (0ms)
			ReleaseScriptingObjects (0ms)
			CreateAndSetChildDomain (41ms)
		EndReloadAssembly (1004ms)
			LoadAssemblies (103ms)
			RebuildTransferFunctionScriptingTraits (0ms)
			SetupTypeCache (270ms)
			ReleaseScriptCaches (2ms)
			RebuildScriptCaches (50ms)
			SetupLoadedEditorAssemblies (401ms)
				LogAssemblyErrors (0ms)
				InitializePlatformSupportModulesInManaged (6ms)
				SetLoadedEditorAssemblies (0ms)
				RefreshPlugins (1ms)
				BeforeProcessingInitializeOnLoad (89ms)
				ProcessInitializeOnLoadAttributes (215ms)
				ProcessInitializeOnLoadMethodAttributes (81ms)
				AfterProcessingInitializeOnLoad (9ms)
				EditorAssembliesLoaded (0ms)
			ExecutionOrderSort2 (0ms)
			AwakeInstancesAfterBackupRestoration (14ms)
Platform modules already initialized, skipping
Refreshing native plugins compatible for Editor in 2.66 ms, found 4 plugins.
Preloading 0 native plugins for Editor in 0.00 ms.
Unloading 5101 Unused Serialized files (Serialized files now loaded: 0)
Unloading 24 unused Assets / (309.9 KB). Loaded Objects now: 5771.
Memory consumption went from 204.6 MB to 204.3 MB.
Total: 4.442700 ms (FindLiveObjects: 0.476900 ms CreateObjectMapping: 0.314200 ms MarkObjects: 3.572500 ms  DeleteObjects: 0.078300 ms)

AssetImportParameters requested are different than current active one (requested -> active):
  custom:video-decoder-ogg-theora: a1e56fd34408186e4bbccfd4996cb3dc -> 
  custom:container-muxer-webm: aa71ff27fc2769a1b78a27578f13a17b -> 
  custom:container-demuxer-webm: 4f35f7cbe854078d1ac9338744f61a02 -> 
  custom:video-encoder-webm-vp8: eb34c28f22e8b96e1ab97ce403110664 -> 
  custom:audio-encoder-webm-vorbis: bf7c407c2cedff20999df2af8eb42d56 -> 
  custom:framework-win-MediaFoundation: 216162199b28c13a410421893ffa2e32 -> 
  custom:container-demuxer-ogg: 62fdf1f143b41e24485cea50d1cbac27 -> 
  custom:video-decoder-webm-vp8: 9c59270c3fd7afecdb556c50c9e8de78 -> 
  custom:audio-decoder-ogg-vorbis: bf7c407c2cedff20999df2af8eb42d56 -> 
========================================================================
Received Import Request.
  Time since last request: 687.948850 seconds.
  path: Assets/KrishnaPalacio/MINIFANTASY - Forgotten Plains/Scenes/Demo - Forgotten Plains (Rule + Animated Tiles).unity
  artifactKey: Guid(4142834df4509c441b045fa16134992d) Importer(815301076,1909f56bfc062723c751e8b465ee728b)
Start importing Assets/KrishnaPalacio/MINIFANTASY - Forgotten Plains/Scenes/Demo - Forgotten Plains (Rule + Animated Tiles).unity using Guid(4142834df4509c441b045fa16134992d) Importer(815301076,1909f56bfc062723c751e8b465ee728b)  -> (artifact id: 'c12752910099ebd7d74d4b0a42d7b786') in 0.012709 seconds 
========================================================================
Received Import Request.
  Time since last request: 0.000036 seconds.
  path: Assets/KrishnaPalacio/MINIFANTASY - Forgotten Plains/Scenes
  artifactKey: Guid(d4955501db07def49b7477fdf2ea02f4) Importer(815301076,1909f56bfc062723c751e8b465ee728b)
Start importing Assets/KrishnaPalacio/MINIFANTASY - Forgotten Plains/Scenes using Guid(d4955501db07def49b7477fdf2ea02f4) Importer(815301076,1909f56bfc062723c751e8b465ee728b)  -> (artifact id: '517f1b4de61cb1ab1262417ae6c91e96') in 0.003888 seconds 
========================================================================
Received Import Request.
  Time since last request: 0.000025 seconds.
  path: Assets/KrishnaPalacio/MINIFANTASY - Forgotten Plains/Scenes/Demo - Forgotten Plains River (Animated Tiles).unity
  artifactKey: Guid(f1fa73b67409bc849928dd49e981d948) Importer(815301076,1909f56bfc062723c751e8b465ee728b)
Start importing Assets/KrishnaPalacio/MINIFANTASY - Forgotten Plains/Scenes/Demo - Forgotten Plains River (Animated Tiles).unity using Guid(f1fa73b67409bc849928dd49e981d948) Importer(815301076,1909f56bfc062723c751e8b465ee728b)  -> (artifact id: '7a4f85e5d7ae5bba09be09d4c4012950') in 0.005679 seconds 
========================================================================
Received Import Request.
  Time since last request: 0.000029 seconds.
  path: Assets/KrishnaPalacio/MINIFANTASY - Forgotten Plains/Scripts
  artifactKey: Guid(645063ec7f1dc2949a5e60ffc4f50ddc) Importer(815301076,1909f56bfc062723c751e8b465ee728b)
Start importing Assets/KrishnaPalacio/MINIFANTASY - Forgotten Plains/Scripts using Guid(645063ec7f1dc2949a5e60ffc4f50ddc) Importer(815301076,1909f56bfc062723c751e8b465ee728b)  -> (artifact id: '3b72fe87ca823fd93d63ea3bcf31dfe5') in 0.004963 seconds 
========================================================================
Received Prepare
Registering precompiled user dll's ...
Registered in 0.006795 seconds.
Begin MonoManager ReloadAssembly
Symbol file LoadedFromMemory doesn't match image E:\git\GoshaWeb\Library\PackageCache\com.unity.visualscripting@1.8.0\Editor\VisualScripting.Core\Dependencies\YamlDotNet\Unity.VisualScripting.YamlDotNet.dll
Symbol file LoadedFromMemory doesn't match image E:\git\GoshaWeb\Library\PackageCache\com.unity.visualscripting@1.8.0\Editor\VisualScripting.Core\Dependencies\DotNetZip\Unity.VisualScripting.IonicZip.dll
Native extension for WindowsStandalone target not found
Refreshing native plugins compatible for Editor in 1.41 ms, found 4 plugins.
Preloading 0 native plugins for Editor in 0.00 ms.
Mono: successfully reloaded assembly
- Completed reload, in  1.553 seconds
Domain Reload Profiling:
	ReloadAssembly (1554ms)
		BeginReloadAssembly (191ms)
			ExecutionOrderSort (0ms)
			DisableScriptedObjects (7ms)
			BackupInstance (0ms)
			ReleaseScriptingObjects (0ms)
			CreateAndSetChildDomain (44ms)
		EndReloadAssembly (1237ms)
			LoadAssemblies (153ms)
			RebuildTransferFunctionScriptingTraits (0ms)
			SetupTypeCache (397ms)
			ReleaseScriptCaches (2ms)
			RebuildScriptCaches (65ms)
			SetupLoadedEditorAssemblies (548ms)
				LogAssemblyErrors (0ms)
				InitializePlatformSupportModulesInManaged (7ms)
				SetLoadedEditorAssemblies (1ms)
				RefreshPlugins (2ms)
				BeforeProcessingInitializeOnLoad (116ms)
				ProcessInitializeOnLoadAttributes (291ms)
				ProcessInitializeOnLoadMethodAttributes (118ms)
				AfterProcessingInitializeOnLoad (13ms)
				EditorAssembliesLoaded (0ms)
			ExecutionOrderSort2 (0ms)
			AwakeInstancesAfterBackupRestoration (20ms)
Platform modules already initialized, skipping
Refreshing native plugins compatible for Editor in 2.63 ms, found 4 plugins.
Preloading 0 native plugins for Editor in 0.00 ms.
Unloading 5099 Unused Serialized files (Serialized files now loaded: 0)
Unloading 24 unused Assets / (309.8 KB). Loaded Objects now: 5774.
Memory consumption went from 204.3 MB to 204.0 MB.
Total: 4.192200 ms (FindLiveObjects: 0.412100 ms CreateObjectMapping: 0.494400 ms MarkObjects: 3.212000 ms  DeleteObjects: 0.072700 ms)

AssetImportParameters requested are different than current active one (requested -> active):
  custom:video-decoder-ogg-theora: a1e56fd34408186e4bbccfd4996cb3dc -> 
  custom:container-muxer-webm: aa71ff27fc2769a1b78a27578f13a17b -> 
  custom:container-demuxer-webm: 4f35f7cbe854078d1ac9338744f61a02 -> 
  custom:video-encoder-webm-vp8: eb34c28f22e8b96e1ab97ce403110664 -> 
  custom:audio-encoder-webm-vorbis: bf7c407c2cedff20999df2af8eb42d56 -> 
  custom:framework-win-MediaFoundation: 216162199b28c13a410421893ffa2e32 -> 
  custom:container-demuxer-ogg: 62fdf1f143b41e24485cea50d1cbac27 -> 
  custom:video-decoder-webm-vp8: 9c59270c3fd7afecdb556c50c9e8de78 -> 
  custom:audio-decoder-ogg-vorbis: bf7c407c2cedff20999df2af8eb42d56 -> 
========================================================================
Received Prepare
Registering precompiled user dll's ...
Registered in 0.004147 seconds.
Begin MonoManager ReloadAssembly
Symbol file LoadedFromMemory doesn't match image E:\git\GoshaWeb\Library\PackageCache\com.unity.visualscripting@1.8.0\Editor\VisualScripting.Core\Dependencies\YamlDotNet\Unity.VisualScripting.YamlDotNet.dll
Symbol file LoadedFromMemory doesn't match image E:\git\GoshaWeb\Library\PackageCache\com.unity.visualscripting@1.8.0\Editor\VisualScripting.Core\Dependencies\DotNetZip\Unity.VisualScripting.IonicZip.dll
Native extension for WindowsStandalone target not found
Refreshing native plugins compatible for Editor in 1.22 ms, found 4 plugins.
Preloading 0 native plugins for Editor in 0.00 ms.
Mono: successfully reloaded assembly
- Completed reload, in  1.477 seconds
Domain Reload Profiling:
	ReloadAssembly (1477ms)
		BeginReloadAssembly (152ms)
			ExecutionOrderSort (0ms)
			DisableScriptedObjects (9ms)
			BackupInstance (0ms)
			ReleaseScriptingObjects (0ms)
			CreateAndSetChildDomain (39ms)
		EndReloadAssembly (1209ms)
			LoadAssemblies (97ms)
			RebuildTransferFunctionScriptingTraits (0ms)
			SetupTypeCache (368ms)
			ReleaseScriptCaches (3ms)
			RebuildScriptCaches (80ms)
			SetupLoadedEditorAssemblies (545ms)
				LogAssemblyErrors (0ms)
				InitializePlatformSupportModulesInManaged (9ms)
				SetLoadedEditorAssemblies (1ms)
				RefreshPlugins (1ms)
				BeforeProcessingInitializeOnLoad (116ms)
				ProcessInitializeOnLoadAttributes (295ms)
				ProcessInitializeOnLoadMethodAttributes (111ms)
				AfterProcessingInitializeOnLoad (11ms)
				EditorAssembliesLoaded (0ms)
			ExecutionOrderSort2 (0ms)
			AwakeInstancesAfterBackupRestoration (20ms)
Platform modules already initialized, skipping
Refreshing native plugins compatible for Editor in 2.84 ms, found 4 plugins.
Preloading 0 native plugins for Editor in 0.00 ms.
Unloading 5099 Unused Serialized files (Serialized files now loaded: 0)
Unloading 24 unused Assets / (309.9 KB). Loaded Objects now: 5777.
Memory consumption went from 204.3 MB to 204.0 MB.
Total: 4.708600 ms (FindLiveObjects: 0.390100 ms CreateObjectMapping: 0.338000 ms MarkObjects: 3.899000 ms  DeleteObjects: 0.080400 ms)

AssetImportParameters requested are different than current active one (requested -> active):
  custom:video-decoder-ogg-theora: a1e56fd34408186e4bbccfd4996cb3dc -> 
  custom:container-muxer-webm: aa71ff27fc2769a1b78a27578f13a17b -> 
  custom:container-demuxer-webm: 4f35f7cbe854078d1ac9338744f61a02 -> 
  custom:video-encoder-webm-vp8: eb34c28f22e8b96e1ab97ce403110664 -> 
  custom:audio-encoder-webm-vorbis: bf7c407c2cedff20999df2af8eb42d56 -> 
  custom:framework-win-MediaFoundation: 216162199b28c13a410421893ffa2e32 -> 
  custom:container-demuxer-ogg: 62fdf1f143b41e24485cea50d1cbac27 -> 
  custom:video-decoder-webm-vp8: 9c59270c3fd7afecdb556c50c9e8de78 -> 
  custom:audio-decoder-ogg-vorbis: bf7c407c2cedff20999df2af8eb42d56 -> 
========================================================================
Received Import Request.
  Time since last request: 92.351402 seconds.
  path: Assets/KrishnaPalacio/MINIFANTASY - Forgotten Plains/Sprites
  artifactKey: Guid(f18735c444d85e7439167b10f6aa36be) Importer(815301076,1909f56bfc062723c751e8b465ee728b)
Start importing Assets/KrishnaPalacio/MINIFANTASY - Forgotten Plains/Sprites using Guid(f18735c444d85e7439167b10f6aa36be) Importer(815301076,1909f56bfc062723c751e8b465ee728b)  -> (artifact id: 'e8eab0fcd9a123a058556c683e276210') in 0.012671 seconds 
========================================================================
Received Import Request.
  Time since last request: 1.280934 seconds.
  path: Assets/KrishnaPalacio/MINIFANTASY - Forgotten Plains/Sprites/Props
  artifactKey: Guid(17c9a79a9fc2b35429f793feabd23f08) Importer(815301076,1909f56bfc062723c751e8b465ee728b)
Start importing Assets/KrishnaPalacio/MINIFANTASY - Forgotten Plains/Sprites/Props using Guid(17c9a79a9fc2b35429f793feabd23f08) Importer(815301076,1909f56bfc062723c751e8b465ee728b)  -> (artifact id: 'ddd848d8a59c1d288739a838e7e8d066') in 0.004622 seconds 
========================================================================
Received Import Request.
  Time since last request: 0.030836 seconds.
  path: Assets/KrishnaPalacio/MINIFANTASY - Forgotten Plains/Sprites/Props/Props.png
  artifactKey: Guid(be785b53e8101134cb49e391918a7a82) Importer(815301076,1909f56bfc062723c751e8b465ee728b)
Start importing Assets/KrishnaPalacio/MINIFANTASY - Forgotten Plains/Sprites/Props/Props.png using Guid(be785b53e8101134cb49e391918a7a82) Importer(815301076,1909f56bfc062723c751e8b465ee728b)  -> (artifact id: '13e93a8e6f8e1cb58e524991a5adfe06') in 0.268390 seconds 
========================================================================
Received Import Request.
  Time since last request: 41.482363 seconds.
  path: Assets/Scenes/SampleScene
  artifactKey: Guid(26551bf576811cf45aba7bb26d9369d0) Importer(815301076,1909f56bfc062723c751e8b465ee728b)
Start importing Assets/Scenes/SampleScene using Guid(26551bf576811cf45aba7bb26d9369d0) Importer(815301076,1909f56bfc062723c751e8b465ee728b)  -> (artifact id: '7c34fd38e79413740191f342286ed891') in 0.004081 seconds 
========================================================================
Received Import Request.
  Time since last request: 2.905746 seconds.
  path: Assets/Scenes/SampleScene/Global Volume Profile.asset
  artifactKey: Guid(b6a41444971c9f748b2b00da1eb03334) Importer(815301076,1909f56bfc062723c751e8b465ee728b)
Start importing Assets/Scenes/SampleScene/Global Volume Profile.asset using Guid(b6a41444971c9f748b2b00da1eb03334) Importer(815301076,1909f56bfc062723c751e8b465ee728b)  -> (artifact id: '6eef9f0fdb3b788eb1e5e87ac09bc8ab') in 0.017731 seconds 
========================================================================
Received Import Request.
  Time since last request: 73.173438 seconds.
  path: Assets/Sprites/Potions.prefab
  artifactKey: Guid(9a6dbc9e80a7579468e4b5c3da30e410) Importer(815301076,1909f56bfc062723c751e8b465ee728b)
Start importing Assets/Sprites/Potions.prefab using Guid(9a6dbc9e80a7579468e4b5c3da30e410) Importer(815301076,1909f56bfc062723c751e8b465ee728b)  -> (artifact id: '06cb598c337defb8e26125c919657c93') in 0.151654 seconds 
========================================================================
Received Import Request.
  Time since last request: 34.609911 seconds.
  path: Assets/Sprites/Potions.prefab
  artifactKey: Guid(9a6dbc9e80a7579468e4b5c3da30e410) Importer(815301076,1909f56bfc062723c751e8b465ee728b)
Start importing Assets/Sprites/Potions.prefab using Guid(9a6dbc9e80a7579468e4b5c3da30e410) Importer(815301076,1909f56bfc062723c751e8b465ee728b)  -> (artifact id: 'd9eb8b869c3c524ce213118db72d67db') in 0.028522 seconds 
========================================================================
Received Import Request.
  Time since last request: 463.125450 seconds.
  path: Assets/Sprites/Potions.prefab
  artifactKey: Guid(9a6dbc9e80a7579468e4b5c3da30e410) Importer(815301076,1909f56bfc062723c751e8b465ee728b)
Start importing Assets/Sprites/Potions.prefab using Guid(9a6dbc9e80a7579468e4b5c3da30e410) Importer(815301076,1909f56bfc062723c751e8b465ee728b)  -> (artifact id: 'b74e2780d69a8f6876e3b16369acb430') in 0.027435 seconds 
========================================================================
Received Import Request.
  Time since last request: 51.495719 seconds.
  path: Assets/Sprites/Potions.prefab
  artifactKey: Guid(9a6dbc9e80a7579468e4b5c3da30e410) Importer(815301076,1909f56bfc062723c751e8b465ee728b)
Start importing Assets/Sprites/Potions.prefab using Guid(9a6dbc9e80a7579468e4b5c3da30e410) Importer(815301076,1909f56bfc062723c751e8b465ee728b)  -> (artifact id: 'a2b2f235ea58d81f299b50ec632fbb70') in 0.013743 seconds 
========================================================================
Received Import Request.
  Time since last request: 40.145296 seconds.
  path: Assets/KrishnaPalacio/MINIFANTASY - Forgotten Plains/Prefabs/Props/Cattail.prefab
  artifactKey: Guid(507dfcf51b090bd48bd9160972402852) Importer(815301076,1909f56bfc062723c751e8b465ee728b)
Start importing Assets/KrishnaPalacio/MINIFANTASY - Forgotten Plains/Prefabs/Props/Cattail.prefab using Guid(507dfcf51b090bd48bd9160972402852) Importer(815301076,1909f56bfc062723c751e8b465ee728b)  -> (artifact id: '9444d224a7aea7a135ab42348f60180b') in 0.023442 seconds 
========================================================================
Received Import Request.
  Time since last request: 0.001909 seconds.
  path: Assets/KrishnaPalacio/MINIFANTASY - Forgotten Plains/Prefabs/Props/GrassLong.prefab
  artifactKey: Guid(395806f958291e448b8557dbb80736dc) Importer(815301076,1909f56bfc062723c751e8b465ee728b)
Start importing Assets/KrishnaPalacio/MINIFANTASY - Forgotten Plains/Prefabs/Props/GrassLong.prefab using Guid(395806f958291e448b8557dbb80736dc) Importer(815301076,1909f56bfc062723c751e8b465ee728b)  -> (artifact id: 'bcd15d20c5d616852b34bd25f94d2ed7') in 0.012523 seconds 
========================================================================
Received Import Request.
  Time since last request: 0.000038 seconds.
  path: Assets/KrishnaPalacio/MINIFANTASY - Forgotten Plains/Prefabs/Props/Pillar.prefab
  artifactKey: Guid(c4a55705bf4afe6438518d8d6af4e976) Importer(815301076,1909f56bfc062723c751e8b465ee728b)
Start importing Assets/KrishnaPalacio/MINIFANTASY - Forgotten Plains/Prefabs/Props/Pillar.prefab using Guid(c4a55705bf4afe6438518d8d6af4e976) Importer(815301076,1909f56bfc062723c751e8b465ee728b)  -> (artifact id: 'ed404970ac2addded3a63b0d70978162') in 0.020275 seconds 
========================================================================
Received Import Request.
  Time since last request: 0.000018 seconds.
  path: Assets/KrishnaPalacio/MINIFANTASY - Forgotten Plains/Prefabs/Props/Tree.prefab
  artifactKey: Guid(d16432bc131ab054ca5708ca89421b5b) Importer(815301076,1909f56bfc062723c751e8b465ee728b)
Start importing Assets/KrishnaPalacio/MINIFANTASY - Forgotten Plains/Prefabs/Props/Tree.prefab using Guid(d16432bc131ab054ca5708ca89421b5b) Importer(815301076,1909f56bfc062723c751e8b465ee728b)  -> (artifact id: '5dfb7a0ee6254cb75ead3217001b7eda') in 0.013866 seconds 
========================================================================
Received Import Request.
  Time since last request: 0.000020 seconds.
  path: Assets/KrishnaPalacio/MINIFANTASY - Forgotten Plains/Prefabs/Props/Flower.prefab
  artifactKey: Guid(90ff263e94c94f0469c1ba4d7e3bff99) Importer(815301076,1909f56bfc062723c751e8b465ee728b)
Start importing Assets/KrishnaPalacio/MINIFANTASY - Forgotten Plains/Prefabs/Props/Flower.prefab using Guid(90ff263e94c94f0469c1ba4d7e3bff99) Importer(815301076,1909f56bfc062723c751e8b465ee728b)  -> (artifact id: 'c5582eacfd41f112fea31e72ef560fc6') in 0.010825 seconds 
========================================================================
Received Import Request.
  Time since last request: 4.859367 seconds.
  path: Assets/KrishnaPalacio/MINIFANTASY - Forgotten Plains/Sprites/Tileset/RedRuleTiles.png
  artifactKey: Guid(57153bc98c84b584394a27c7ed1998ae) Importer(815301076,1909f56bfc062723c751e8b465ee728b)
Start importing Assets/KrishnaPalacio/MINIFANTASY - Forgotten Plains/Sprites/Tileset/RedRuleTiles.png using Guid(57153bc98c84b584394a27c7ed1998ae) Importer(815301076,1909f56bfc062723c751e8b465ee728b)  -> (artifact id: '7f57abfff1de65e2e1538ce110312b5b') in 0.083851 seconds 
========================================================================
Received Import Request.
  Time since last request: 0.000045 seconds.
  path: Assets/KrishnaPalacio/MINIFANTASY - Forgotten Plains/Sprites/Tileset/TilesShadows.png
  artifactKey: Guid(1389a4518cee0534ea58db4eb226c532) Importer(815301076,1909f56bfc062723c751e8b465ee728b)
Start importing Assets/KrishnaPalacio/MINIFANTASY - Forgotten Plains/Sprites/Tileset/TilesShadows.png using Guid(1389a4518cee0534ea58db4eb226c532) Importer(815301076,1909f56bfc062723c751e8b465ee728b)  -> (artifact id: '37f2d0292588e34e7eadaa5cfaa699aa') in 0.045867 seconds 
========================================================================
Received Import Request.
  Time since last request: 0.000041 seconds.
  path: Assets/KrishnaPalacio/MINIFANTASY - Forgotten Plains/Sprites/Tileset/TilesExtras.png
  artifactKey: Guid(162473a0430db7841a72bcd3c2c1ca47) Importer(815301076,1909f56bfc062723c751e8b465ee728b)
Start importing Assets/KrishnaPalacio/MINIFANTASY - Forgotten Plains/Sprites/Tileset/TilesExtras.png using Guid(162473a0430db7841a72bcd3c2c1ca47) Importer(815301076,1909f56bfc062723c751e8b465ee728b)  -> (artifact id: '529c6dcca4b95a205e7052686efdf9d6') in 0.074863 seconds 
========================================================================
Received Import Request.
  Time since last request: 19.705074 seconds.
  path: Assets/KrishnaPalacio/MINIFANTASY - Forgotten Plains/Sprites/Tileset/River
  artifactKey: Guid(fbea2ecfbf8eb0147b9f407c24c2f95b) Importer(815301076,1909f56bfc062723c751e8b465ee728b)
Start importing Assets/KrishnaPalacio/MINIFANTASY - Forgotten Plains/Sprites/Tileset/River using Guid(fbea2ecfbf8eb0147b9f407c24c2f95b) Importer(815301076,1909f56bfc062723c751e8b465ee728b)  -> (artifact id: '0e695fb70b96aaa65ca9b98e577ac718') in 0.004217 seconds 
========================================================================
Received Import Request.
  Time since last request: 0.046696 seconds.
  path: Assets/KrishnaPalacio/MINIFANTASY - Forgotten Plains/Sprites/Tileset/River/River.png
  artifactKey: Guid(5fb211b3d4c3f0e4dad8d7b2d60fc3a9) Importer(815301076,1909f56bfc062723c751e8b465ee728b)
Start importing Assets/KrishnaPalacio/MINIFANTASY - Forgotten Plains/Sprites/Tileset/River/River.png using Guid(5fb211b3d4c3f0e4dad8d7b2d60fc3a9) Importer(815301076,1909f56bfc062723c751e8b465ee728b)  -> (artifact id: '5a752b88d532175100a9787b39665c80') in 0.277235 seconds 
========================================================================
Received Import Request.
  Time since last request: 1.062338 seconds.
  path: Assets/KrishnaPalacio/MINIFANTASY - Forgotten Plains/Sprites/Tileset/River/GIFs
  artifactKey: Guid(a54263575ce5dda4fbddd64bd37c3213) Importer(815301076,1909f56bfc062723c751e8b465ee728b)
Start importing Assets/KrishnaPalacio/MINIFANTASY - Forgotten Plains/Sprites/Tileset/River/GIFs using Guid(a54263575ce5dda4fbddd64bd37c3213) Importer(815301076,1909f56bfc062723c751e8b465ee728b)  -> (artifact id: '386133da92add6ec6cf4039476402587') in 0.003861 seconds 
========================================================================
Received Import Request.
  Time since last request: 0.029125 seconds.
  path: Assets/KrishnaPalacio/MINIFANTASY - Forgotten Plains/Sprites/Tileset/River/GIFs/River1.gif
  artifactKey: Guid(e38259821c75cee488a64f34313a3c6c) Importer(815301076,1909f56bfc062723c751e8b465ee728b)
Start importing Assets/KrishnaPalacio/MINIFANTASY - Forgotten Plains/Sprites/Tileset/River/GIFs/River1.gif using Guid(e38259821c75cee488a64f34313a3c6c) Importer(815301076,1909f56bfc062723c751e8b465ee728b)  -> (artifact id: '0ced1392fbc4f9bd73e3a978b3ba386f') in 0.070655 seconds 
========================================================================
Received Import Request.
  Time since last request: 22.353678 seconds.
  path: Assets/Sprites/potions.png
  artifactKey: Guid(0b56eaff868e36644b414d89faf682d4) Importer(815301076,1909f56bfc062723c751e8b465ee728b)
Start importing Assets/Sprites/potions.png using Guid(0b56eaff868e36644b414d89faf682d4) Importer(815301076,1909f56bfc062723c751e8b465ee728b)  -> (artifact id: 'bc9f9903c70c4f42f5134b5408c30f1d') in 0.327473 seconds 
========================================================================
Received Import Request.
  Time since last request: 6.343974 seconds.
  path: Assets/Sprites/Potions.prefab
  artifactKey: Guid(9a6dbc9e80a7579468e4b5c3da30e410) Importer(815301076,1909f56bfc062723c751e8b465ee728b)
Start importing Assets/Sprites/Potions.prefab using Guid(9a6dbc9e80a7579468e4b5c3da30e410) Importer(815301076,1909f56bfc062723c751e8b465ee728b)  -> (artifact id: 'f77156d0767f5e6617d5ec9a2bc7032f') in 0.034320 seconds 
========================================================================
Received Import Request.
  Time since last request: 4.473706 seconds.
  path: Assets/Sprites/potions.png
  artifactKey: Guid(0b56eaff868e36644b414d89faf682d4) Importer(815301076,1909f56bfc062723c751e8b465ee728b)
Start importing Assets/Sprites/potions.png using Guid(0b56eaff868e36644b414d89faf682d4) Importer(815301076,1909f56bfc062723c751e8b465ee728b)  -> (artifact id: '6317340289a8fdaeb358397cd1c6e48a') in 0.341467 seconds 
========================================================================
Received Import Request.
  Time since last request: 4.954912 seconds.
  path: Assets/Sprites/Potions.prefab
  artifactKey: Guid(9a6dbc9e80a7579468e4b5c3da30e410) Importer(815301076,1909f56bfc062723c751e8b465ee728b)
Start importing Assets/Sprites/Potions.prefab using Guid(9a6dbc9e80a7579468e4b5c3da30e410) Importer(815301076,1909f56bfc062723c751e8b465ee728b)  -> (artifact id: '07406787ca1d3e2eea43bd3523b7fafa') in 0.012033 seconds 
========================================================================
Received Import Request.
  Time since last request: 16.162224 seconds.
  path: Assets/Sprites/potions.png
  artifactKey: Guid(0b56eaff868e36644b414d89faf682d4) Importer(815301076,1909f56bfc062723c751e8b465ee728b)
Start importing Assets/Sprites/potions.png using Guid(0b56eaff868e36644b414d89faf682d4) Importer(815301076,1909f56bfc062723c751e8b465ee728b)  -> (artifact id: '37a2399fa4b3e804fdea04e9a6d1817d') in 0.429114 seconds 
========================================================================
Received Import Request.
  Time since last request: 6.955519 seconds.
  path: Assets/Sprites/Potions.prefab
  artifactKey: Guid(9a6dbc9e80a7579468e4b5c3da30e410) Importer(815301076,1909f56bfc062723c751e8b465ee728b)
Start importing Assets/Sprites/Potions.prefab using Guid(9a6dbc9e80a7579468e4b5c3da30e410) Importer(815301076,1909f56bfc062723c751e8b465ee728b)  -> (artifact id: '61cdc860d83ba98db28f299595a8c20a') in 0.011395 seconds 
========================================================================
Received Import Request.
  Time since last request: 17.066887 seconds.
  path: Assets/Sprites/Potions.prefab
  artifactKey: Guid(9a6dbc9e80a7579468e4b5c3da30e410) Importer(815301076,1909f56bfc062723c751e8b465ee728b)
Start importing Assets/Sprites/Potions.prefab using Guid(9a6dbc9e80a7579468e4b5c3da30e410) Importer(815301076,1909f56bfc062723c751e8b465ee728b)  -> (artifact id: '2ab7fcbf8777e3d8582867245a5f476f') in 0.009778 seconds 
========================================================================
Received Import Request.
  Time since last request: 173.207518 seconds.
  path: Assets/Sprites/New Palette.prefab
  artifactKey: Guid(84dcf108819f9a54ca1b7a3e00eb904c) Importer(815301076,1909f56bfc062723c751e8b465ee728b)
Start importing Assets/Sprites/New Palette.prefab using Guid(84dcf108819f9a54ca1b7a3e00eb904c) Importer(815301076,1909f56bfc062723c751e8b465ee728b)  -> (artifact id: '92a5bd04a76b66e8aeb17a582944a17f') in 0.012079 seconds 
========================================================================
Received Import Request.
  Time since last request: 10.392566 seconds.
  path: Assets/Sprites/New Palette.prefab
  artifactKey: Guid(84dcf108819f9a54ca1b7a3e00eb904c) Importer(815301076,1909f56bfc062723c751e8b465ee728b)
Start importing Assets/Sprites/New Palette.prefab using Guid(84dcf108819f9a54ca1b7a3e00eb904c) Importer(815301076,1909f56bfc062723c751e8b465ee728b)  -> (artifact id: '82fb8b0860f0d3446d33ca05de70fe74') in 0.109003 seconds 
========================================================================
Received Import Request.
  Time since last request: 0.000030 seconds.
  path: Assets/Sprites/potions_19.asset
  artifactKey: Guid(155ef58b022087f4c833a13147f29075) Importer(815301076,1909f56bfc062723c751e8b465ee728b)
Start importing Assets/Sprites/potions_19.asset using Guid(155ef58b022087f4c833a13147f29075) Importer(815301076,1909f56bfc062723c751e8b465ee728b)  -> (artifact id: '77b62dc47b2c732271e61fbbe86d3319') in 0.012348 seconds 
========================================================================
Received Import Request.
  Time since last request: 0.000036 seconds.
  path: Assets/Sprites/potions_16.asset
  artifactKey: Guid(2642032b58afabe489fc0410b6245f02) Importer(815301076,1909f56bfc062723c751e8b465ee728b)
Start importing Assets/Sprites/potions_16.asset using Guid(2642032b58afabe489fc0410b6245f02) Importer(815301076,1909f56bfc062723c751e8b465ee728b)  -> (artifact id: '36d676cdb705f25e13a60e6a2aed14e1') in 0.028392 seconds 
========================================================================
Received Import Request.
  Time since last request: 0.000023 seconds.
  path: Assets/Sprites/potions_9.asset
  artifactKey: Guid(81ba468e124cc6043bc0ae2aea51a3a1) Importer(815301076,1909f56bfc062723c751e8b465ee728b)
Start importing Assets/Sprites/potions_9.asset using Guid(81ba468e124cc6043bc0ae2aea51a3a1) Importer(815301076,1909f56bfc062723c751e8b465ee728b)  -> (artifact id: '749c3a078e6f43434ae4b546a176119a') in 0.020542 seconds 
========================================================================
Received Import Request.
  Time since last request: 0.000027 seconds.
  path: Assets/Sprites/potions_12.asset
  artifactKey: Guid(9d80ca883ecc79346a6512eacf77d4af) Importer(815301076,1909f56bfc062723c751e8b465ee728b)
Start importing Assets/Sprites/potions_12.asset using Guid(9d80ca883ecc79346a6512eacf77d4af) Importer(815301076,1909f56bfc062723c751e8b465ee728b)  -> (artifact id: '923fd4373449fb0dc8758a8e4c0547b8') in 0.007587 seconds 
========================================================================
Received Import Request.
  Time since last request: 0.000056 seconds.
  path: Assets/Sprites/potions_48.asset
  artifactKey: Guid(9f174a8b77213e34ea6a17e8302730bb) Importer(815301076,1909f56bfc062723c751e8b465ee728b)
Start importing Assets/Sprites/potions_48.asset using Guid(9f174a8b77213e34ea6a17e8302730bb) Importer(815301076,1909f56bfc062723c751e8b465ee728b)  -> (artifact id: '16324a7e648077805a9f43b84e60b262') in 0.007952 seconds 
========================================================================
Received Import Request.
  Time since last request: 0.000021 seconds.
  path: Assets/Sprites/potions_24.asset
  artifactKey: Guid(6a9d5e21d9fdfb540ba1b59afc375e25) Importer(815301076,1909f56bfc062723c751e8b465ee728b)
Start importing Assets/Sprites/potions_24.asset using Guid(6a9d5e21d9fdfb540ba1b59afc375e25) Importer(815301076,1909f56bfc062723c751e8b465ee728b)  -> (artifact id: '3cd40da12f499e92e94f30b459903bb7') in 0.010453 seconds 
========================================================================
Received Import Request.
  Time since last request: 0.000020 seconds.
  path: Assets/Sprites/potions_46.asset
  artifactKey: Guid(8f505acb68b6cf448a096aa382c558aa) Importer(815301076,1909f56bfc062723c751e8b465ee728b)
Start importing Assets/Sprites/potions_46.asset using Guid(8f505acb68b6cf448a096aa382c558aa) Importer(815301076,1909f56bfc062723c751e8b465ee728b)  -> (artifact id: '32474c2176fed97ff3a793e1c33f503e') in 0.010305 seconds 
========================================================================
Received Import Request.
  Time since last request: 0.000026 seconds.
  path: Assets/Sprites/potions_41.asset
  artifactKey: Guid(57ec9df109690674b903730313c0f7b7) Importer(815301076,1909f56bfc062723c751e8b465ee728b)
Start importing Assets/Sprites/potions_41.asset using Guid(57ec9df109690674b903730313c0f7b7) Importer(815301076,1909f56bfc062723c751e8b465ee728b)  -> (artifact id: '76b9a20b590f44342619d68155494163') in 0.008785 seconds 
========================================================================
Received Import Request.
  Time since last request: 0.000023 seconds.
  path: Assets/Sprites/potions_6.asset
  artifactKey: Guid(771e8496fa5d4fc40bdb5270cbf57d82) Importer(815301076,1909f56bfc062723c751e8b465ee728b)
Start importing Assets/Sprites/potions_6.asset using Guid(771e8496fa5d4fc40bdb5270cbf57d82) Importer(815301076,1909f56bfc062723c751e8b465ee728b)  -> (artifact id: '2b2e1aa3105d2002c098717e0b14a5d5') in 0.009985 seconds 
========================================================================
Received Import Request.
  Time since last request: 0.000020 seconds.
  path: Assets/Sprites/potions_29.asset
  artifactKey: Guid(e2b8f97255de5e64b874ad590f991400) Importer(815301076,1909f56bfc062723c751e8b465ee728b)
Start importing Assets/Sprites/potions_29.asset using Guid(e2b8f97255de5e64b874ad590f991400) Importer(815301076,1909f56bfc062723c751e8b465ee728b)  -> (artifact id: 'f7dab02b58f0fefc710d80bd42d02d9d') in 0.012508 seconds 
========================================================================
Received Import Request.
  Time since last request: 0.000034 seconds.
  path: Assets/Sprites/potions_23.asset
  artifactKey: Guid(3d557d22ba01e794099374c09d993e28) Importer(815301076,1909f56bfc062723c751e8b465ee728b)
Start importing Assets/Sprites/potions_23.asset using Guid(3d557d22ba01e794099374c09d993e28) Importer(815301076,1909f56bfc062723c751e8b465ee728b)  -> (artifact id: 'a6d53ec5727c3c5dcdde6e8c12f0e7a4') in 0.009854 seconds 
========================================================================
Received Import Request.
  Time since last request: 0.000033 seconds.
  path: Assets/Sprites/potions_50.asset
  artifactKey: Guid(e3b45b61d6a93cc47af9986bd5312b12) Importer(815301076,1909f56bfc062723c751e8b465ee728b)
Start importing Assets/Sprites/potions_50.asset using Guid(e3b45b61d6a93cc47af9986bd5312b12) Importer(815301076,1909f56bfc062723c751e8b465ee728b)  -> (artifact id: 'becda104ade10f88b258728e0369c10f') in 0.007778 seconds 
========================================================================
Received Import Request.
  Time since last request: 0.000035 seconds.
  path: Assets/Sprites/potions_33.asset
  artifactKey: Guid(00a982b715762f84d90486deedf2770d) Importer(815301076,1909f56bfc062723c751e8b465ee728b)
Start importing Assets/Sprites/potions_33.asset using Guid(00a982b715762f84d90486deedf2770d) Importer(815301076,1909f56bfc062723c751e8b465ee728b)  -> (artifact id: 'cf49710890b79d2aa7eab8ebbb196471') in 0.007055 seconds 
========================================================================
Received Import Request.
  Time since last request: 0.000021 seconds.
  path: Assets/Sprites/potions_8.asset
  artifactKey: Guid(3bc77f4114a80e84e8b860cfc98d5e79) Importer(815301076,1909f56bfc062723c751e8b465ee728b)
Start importing Assets/Sprites/potions_8.asset using Guid(3bc77f4114a80e84e8b860cfc98d5e79) Importer(815301076,1909f56bfc062723c751e8b465ee728b)  -> (artifact id: '6aac98bb66f4f3e37f55c2a9931d5ddf') in 0.007812 seconds 
========================================================================
Received Import Request.
  Time since last request: 0.000031 seconds.
  path: Assets/Sprites/potions_10.asset
  artifactKey: Guid(5a2c6490cb8764249bf5004ee736d289) Importer(815301076,1909f56bfc062723c751e8b465ee728b)
Start importing Assets/Sprites/potions_10.asset using Guid(5a2c6490cb8764249bf5004ee736d289) Importer(815301076,1909f56bfc062723c751e8b465ee728b)  -> (artifact id: '8ed92b6743b80a0d0acc02f7255ca49a') in 0.010379 seconds 
========================================================================
Received Import Request.
  Time since last request: 0.000024 seconds.
  path: Assets/Sprites/potions_11.asset
  artifactKey: Guid(ed25c0d3289c9b6458908105035fa95e) Importer(815301076,1909f56bfc062723c751e8b465ee728b)
Start importing Assets/Sprites/potions_11.asset using Guid(ed25c0d3289c9b6458908105035fa95e) Importer(815301076,1909f56bfc062723c751e8b465ee728b)  -> (artifact id: '8076bef5239bcc84b2522a97c1afa13e') in 0.007022 seconds 
========================================================================
Received Import Request.
  Time since last request: 0.000023 seconds.
  path: Assets/Sprites/potions_17.asset
  artifactKey: Guid(c90e2a9d72b32ea488a0c1ff2a5fcc8c) Importer(815301076,1909f56bfc062723c751e8b465ee728b)
Start importing Assets/Sprites/potions_17.asset using Guid(c90e2a9d72b32ea488a0c1ff2a5fcc8c) Importer(815301076,1909f56bfc062723c751e8b465ee728b)  -> (artifact id: 'db71a5cf7b75575092270c5136af5ae6') in 0.007143 seconds 
========================================================================
Received Import Request.
  Time since last request: 0.000025 seconds.
  path: Assets/Sprites/potions_38.asset
  artifactKey: Guid(3feaba334f9f6b14480863abc3615316) Importer(815301076,1909f56bfc062723c751e8b465ee728b)
Start importing Assets/Sprites/potions_38.asset using Guid(3feaba334f9f6b14480863abc3615316) Importer(815301076,1909f56bfc062723c751e8b465ee728b)  -> (artifact id: 'e5b5c2c1e24827d59ee288736e02dd59') in 0.007765 seconds 
========================================================================
Received Import Request.
  Time since last request: 0.000027 seconds.
  path: Assets/Sprites/potions_32.asset
  artifactKey: Guid(a2bacd3a31b9b8d4e94ddc5236ff62ee) Importer(815301076,1909f56bfc062723c751e8b465ee728b)
Start importing Assets/Sprites/potions_32.asset using Guid(a2bacd3a31b9b8d4e94ddc5236ff62ee) Importer(815301076,1909f56bfc062723c751e8b465ee728b)  -> (artifact id: '4ec34cd8776618b9524b4ad012709c3b') in 0.008077 seconds 
========================================================================
Received Import Request.
  Time since last request: 0.000023 seconds.
  path: Assets/Sprites/potions_18.asset
  artifactKey: Guid(aab774673eb365444a7f889b3abf1db4) Importer(815301076,1909f56bfc062723c751e8b465ee728b)
Start importing Assets/Sprites/potions_18.asset using Guid(aab774673eb365444a7f889b3abf1db4) Importer(815301076,1909f56bfc062723c751e8b465ee728b)  -> (artifact id: '4e0f3c85a0ec6793581d28daa14caab2') in 0.014161 seconds 
========================================================================
Received Import Request.
  Time since last request: 0.000020 seconds.
  path: Assets/Sprites/potions_36.asset
  artifactKey: Guid(e457c731fbd8a854c9ca945ac7b415c2) Importer(815301076,1909f56bfc062723c751e8b465ee728b)
Start importing Assets/Sprites/potions_36.asset using Guid(e457c731fbd8a854c9ca945ac7b415c2) Importer(815301076,1909f56bfc062723c751e8b465ee728b)  -> (artifact id: '462a7e5cb7ae3dcd79e27d6862ea722b') in 0.008204 seconds 
========================================================================
Received Import Request.
  Time since last request: 0.000021 seconds.
  path: Assets/Sprites/potions_31.asset
  artifactKey: Guid(b9b89aeda4f01be47a27d4b2fb3c24b3) Importer(815301076,1909f56bfc062723c751e8b465ee728b)
Start importing Assets/Sprites/potions_31.asset using Guid(b9b89aeda4f01be47a27d4b2fb3c24b3) Importer(815301076,1909f56bfc062723c751e8b465ee728b)  -> (artifact id: 'fa11c53d4b5606f3a06b4eb0f0b5323e') in 0.008980 seconds 
========================================================================
Received Import Request.
  Time since last request: 0.000027 seconds.
  path: Assets/Sprites/potions_37.asset
  artifactKey: Guid(5b4fb1735227ca04aaff713fb5b2e3ba) Importer(815301076,1909f56bfc062723c751e8b465ee728b)
Start importing Assets/Sprites/potions_37.asset using Guid(5b4fb1735227ca04aaff713fb5b2e3ba) Importer(815301076,1909f56bfc062723c751e8b465ee728b)  -> (artifact id: 'd32149bafb11f3736fb2b09f65bd126e') in 0.008917 seconds 
========================================================================
Received Import Request.
  Time since last request: 0.000029 seconds.
  path: Assets/Sprites/potions_43.asset
  artifactKey: Guid(b522d738a809fa443afe091235504c2b) Importer(815301076,1909f56bfc062723c751e8b465ee728b)
Start importing Assets/Sprites/potions_43.asset using Guid(b522d738a809fa443afe091235504c2b) Importer(815301076,1909f56bfc062723c751e8b465ee728b)  -> (artifact id: '86428cc52b3728a3ac5a8ee96cbc2bb3') in 0.010058 seconds 
========================================================================
Received Import Request.
  Time since last request: 17.664422 seconds.
  path: Assets/Sprites/New Palette.prefab
  artifactKey: Guid(84dcf108819f9a54ca1b7a3e00eb904c) Importer(815301076,1909f56bfc062723c751e8b465ee728b)
Start importing Assets/Sprites/New Palette.prefab using Guid(84dcf108819f9a54ca1b7a3e00eb904c) Importer(815301076,1909f56bfc062723c751e8b465ee728b)  -> (artifact id: 'c78192ef8242dd81b26fbf9a25be977b') in 0.176208 seconds 
========================================================================
Received Import Request.
  Time since last request: 9.765320 seconds.
  path: Assets/Sprites/New Palette.prefab
  artifactKey: Guid(84dcf108819f9a54ca1b7a3e00eb904c) Importer(815301076,1909f56bfc062723c751e8b465ee728b)
Start importing Assets/Sprites/New Palette.prefab using Guid(84dcf108819f9a54ca1b7a3e00eb904c) Importer(815301076,1909f56bfc062723c751e8b465ee728b)  -> (artifact id: 'f061afe5b1706cb386462ac6fd80035c') in 0.150171 seconds 
========================================================================
Received Import Request.
  Time since last request: 28.264268 seconds.
  path: Assets/Sprites/books_0.asset
  artifactKey: Guid(a20d016377fff984f9f863ff56f55af5) Importer(815301076,1909f56bfc062723c751e8b465ee728b)
Start importing Assets/Sprites/books_0.asset using Guid(a20d016377fff984f9f863ff56f55af5) Importer(815301076,1909f56bfc062723c751e8b465ee728b)  -> (artifact id: '3c3e25b3e5b0eaa09ccd0cc8e4eb3f0b') in 0.009613 seconds 
========================================================================
Received Import Request.
  Time since last request: 0.000027 seconds.
  path: Assets/Sprites/books_17.asset
  artifactKey: Guid(655cd347bada1114fbe4037126b1c292) Importer(815301076,1909f56bfc062723c751e8b465ee728b)
Start importing Assets/Sprites/books_17.asset using Guid(655cd347bada1114fbe4037126b1c292) Importer(815301076,1909f56bfc062723c751e8b465ee728b)  -> (artifact id: '60483100494930ab9945e3c2bd637e88') in 0.008161 seconds 
========================================================================
Received Import Request.
  Time since last request: 0.000022 seconds.
  path: Assets/Sprites/books_53.asset
  artifactKey: Guid(3cd4eb9629179394c9b2b480a5562ec7) Importer(815301076,1909f56bfc062723c751e8b465ee728b)
Start importing Assets/Sprites/books_53.asset using Guid(3cd4eb9629179394c9b2b480a5562ec7) Importer(815301076,1909f56bfc062723c751e8b465ee728b)  -> (artifact id: '6e1e811189f61910f1d556c6cca7344c') in 0.008815 seconds 
========================================================================
Received Import Request.
  Time since last request: 0.000035 seconds.
  path: Assets/Sprites/books_18.asset
  artifactKey: Guid(39071c6caa11770478125befef071e77) Importer(815301076,1909f56bfc062723c751e8b465ee728b)
Start importing Assets/Sprites/books_18.asset using Guid(39071c6caa11770478125befef071e77) Importer(815301076,1909f56bfc062723c751e8b465ee728b)  -> (artifact id: '71ebdb2b380fdb69f9813a898d8e42fb') in 0.013032 seconds 
========================================================================
Received Import Request.
  Time since last request: 0.000032 seconds.
  path: Assets/Sprites/books_36.asset
  artifactKey: Guid(66ddff6b176e70d4988bb50aee17d8f3) Importer(815301076,1909f56bfc062723c751e8b465ee728b)
Start importing Assets/Sprites/books_36.asset using Guid(66ddff6b176e70d4988bb50aee17d8f3) Importer(815301076,1909f56bfc062723c751e8b465ee728b)  -> (artifact id: '2ebb5783f6cc67fdd236687c56da606c') in 0.009303 seconds 
========================================================================
Received Import Request.
  Time since last request: 0.000034 seconds.
  path: Assets/Sprites/books_48.asset
  artifactKey: Guid(9566647daa8d8f549b35c6f0953f3780) Importer(815301076,1909f56bfc062723c751e8b465ee728b)
Start importing Assets/Sprites/books_48.asset using Guid(9566647daa8d8f549b35c6f0953f3780) Importer(815301076,1909f56bfc062723c751e8b465ee728b)  -> (artifact id: '7ccaedfc6580108488b075bb945ec873') in 0.025505 seconds 
========================================================================
Received Import Request.
  Time since last request: 0.000026 seconds.
  path: Assets/Sprites/books_25.asset
  artifactKey: Guid(a3cc50979b5ad244b9af47b36a83397d) Importer(815301076,1909f56bfc062723c751e8b465ee728b)
Start importing Assets/Sprites/books_25.asset using Guid(a3cc50979b5ad244b9af47b36a83397d) Importer(815301076,1909f56bfc062723c751e8b465ee728b)  -> (artifact id: '0d7a86073a656360e0602a12c76aa803') in 0.009004 seconds 
========================================================================
Received Import Request.
  Time since last request: 0.000027 seconds.
  path: Assets/Sprites/books_44.asset
  artifactKey: Guid(f46a33fe5e4da7943a901ea49b9264f3) Importer(815301076,1909f56bfc062723c751e8b465ee728b)
Start importing Assets/Sprites/books_44.asset using Guid(f46a33fe5e4da7943a901ea49b9264f3) Importer(815301076,1909f56bfc062723c751e8b465ee728b)  -> (artifact id: '60cdfe579072086f4707ed7096086692') in 0.010376 seconds 
========================================================================
Received Import Request.
  Time since last request: 0.000063 seconds.
  path: Assets/Sprites/books_41.asset
  artifactKey: Guid(75d8511c8fd367549951596a89305b12) Importer(815301076,1909f56bfc062723c751e8b465ee728b)
Start importing Assets/Sprites/books_41.asset using Guid(75d8511c8fd367549951596a89305b12) Importer(815301076,1909f56bfc062723c751e8b465ee728b)  -> (artifact id: '0f51a8d0a56d7dcab8e2c4dd91122241') in 0.008522 seconds 
========================================================================
Received Import Request.
  Time since last request: 0.000026 seconds.
  path: Assets/Sprites/books_32.asset
  artifactKey: Guid(475a10160240cc146ab23b86d4bfbf9d) Importer(815301076,1909f56bfc062723c751e8b465ee728b)
Start importing Assets/Sprites/books_32.asset using Guid(475a10160240cc146ab23b86d4bfbf9d) Importer(815301076,1909f56bfc062723c751e8b465ee728b)  -> (artifact id: '7db3e928f583e32fa1cd0047e32a1793') in 0.007438 seconds 
========================================================================
Received Import Request.
  Time since last request: 0.000044 seconds.
  path: Assets/Sprites/books_14.asset
  artifactKey: Guid(32b4c917160e4434396d5adaa5d2b109) Importer(815301076,1909f56bfc062723c751e8b465ee728b)
Start importing Assets/Sprites/books_14.asset using Guid(32b4c917160e4434396d5adaa5d2b109) Importer(815301076,1909f56bfc062723c751e8b465ee728b)  -> (artifact id: 'b7edc7ba6c1e4b99a059f713ce7d9c1d') in 0.008946 seconds 
========================================================================
Received Import Request.
  Time since last request: 0.000026 seconds.
  path: Assets/Sprites/books_15.asset
  artifactKey: Guid(7d409d47a7347a34d8c0630ce207822e) Importer(815301076,1909f56bfc062723c751e8b465ee728b)
Start importing Assets/Sprites/books_15.asset using Guid(7d409d47a7347a34d8c0630ce207822e) Importer(815301076,1909f56bfc062723c751e8b465ee728b)  -> (artifact id: 'f54b4af23a273e627613595c7136821b') in 0.008129 seconds 
========================================================================
Received Import Request.
  Time since last request: 0.000028 seconds.
  path: Assets/Sprites/books_46.asset
  artifactKey: Guid(a1fa896f1e1f06f4399106d8c60767a7) Importer(815301076,1909f56bfc062723c751e8b465ee728b)
Start importing Assets/Sprites/books_46.asset using Guid(a1fa896f1e1f06f4399106d8c60767a7) Importer(815301076,1909f56bfc062723c751e8b465ee728b)  -> (artifact id: '68901038b48b1e3ffab4d18ff2a1cd7c') in 0.008506 seconds 
========================================================================
Received Import Request.
  Time since last request: 0.000028 seconds.
  path: Assets/Sprites/books_13.asset
  artifactKey: Guid(06ca025272363ef4abd82bfb072c4468) Importer(815301076,1909f56bfc062723c751e8b465ee728b)
Start importing Assets/Sprites/books_13.asset using Guid(06ca025272363ef4abd82bfb072c4468) Importer(815301076,1909f56bfc062723c751e8b465ee728b)  -> (artifact id: '3bbe0e8ba7579d3faf925bd5cfb39635') in 0.007484 seconds 
========================================================================
Received Import Request.
  Time since last request: 0.000022 seconds.
  path: Assets/Sprites/books_35.asset
  artifactKey: Guid(eba6452f3762f9b478f51164bd869290) Importer(815301076,1909f56bfc062723c751e8b465ee728b)
Start importing Assets/Sprites/books_35.asset using Guid(eba6452f3762f9b478f51164bd869290) Importer(815301076,1909f56bfc062723c751e8b465ee728b)  -> (artifact id: 'bf16a27824f726622c74068148033914') in 0.008644 seconds 
========================================================================
Received Import Request.
  Time since last request: 0.000029 seconds.
  path: Assets/Sprites/books_31.asset
  artifactKey: Guid(bbe62b5aae9a9034d8ff3e3872b8cfe8) Importer(815301076,1909f56bfc062723c751e8b465ee728b)
Start importing Assets/Sprites/books_31.asset using Guid(bbe62b5aae9a9034d8ff3e3872b8cfe8) Importer(815301076,1909f56bfc062723c751e8b465ee728b)  -> (artifact id: '3381db675d3dd3116841c16108f566df') in 0.008089 seconds 
========================================================================
Received Import Request.
  Time since last request: 0.000033 seconds.
  path: Assets/Sprites/books_10.asset
  artifactKey: Guid(10096474212cb0f4baddc444dd1bbc60) Importer(815301076,1909f56bfc062723c751e8b465ee728b)
Start importing Assets/Sprites/books_10.asset using Guid(10096474212cb0f4baddc444dd1bbc60) Importer(815301076,1909f56bfc062723c751e8b465ee728b)  -> (artifact id: 'c3668e9331218ce14d456edf52216c32') in 0.009169 seconds 
========================================================================
Received Import Request.
  Time since last request: 0.000029 seconds.
  path: Assets/Sprites/books_4.asset
  artifactKey: Guid(21454e31fa6f9344bbc45635d05661bc) Importer(815301076,1909f56bfc062723c751e8b465ee728b)
Start importing Assets/Sprites/books_4.asset using Guid(21454e31fa6f9344bbc45635d05661bc) Importer(815301076,1909f56bfc062723c751e8b465ee728b)  -> (artifact id: 'd2e8dbf3c49db6bbcebbf6a7ef5fbcca') in 0.007546 seconds 
========================================================================
Received Import Request.
  Time since last request: 0.000020 seconds.
  path: Assets/Sprites/books_23.asset
  artifactKey: Guid(e68133eb17bfe1f47b4f4b46092a9159) Importer(815301076,1909f56bfc062723c751e8b465ee728b)
Start importing Assets/Sprites/books_23.asset using Guid(e68133eb17bfe1f47b4f4b46092a9159) Importer(815301076,1909f56bfc062723c751e8b465ee728b)  -> (artifact id: '7c59874d8d730ccec0943466eaf9e2ac') in 0.010738 seconds 
========================================================================
Received Import Request.
  Time since last request: 0.000029 seconds.
  path: Assets/Sprites/books_27.asset
  artifactKey: Guid(4401aa5a9a676c94a8994cca40c9715b) Importer(815301076,1909f56bfc062723c751e8b465ee728b)
Start importing Assets/Sprites/books_27.asset using Guid(4401aa5a9a676c94a8994cca40c9715b) Importer(815301076,1909f56bfc062723c751e8b465ee728b)  -> (artifact id: '8c001298ed8d3cd7ecb2d08d8e62fc06') in 0.008135 seconds 
========================================================================
Received Import Request.
  Time since last request: 49.575468 seconds.
  path: Assets/Sprites/books_55.asset
  artifactKey: Guid(7b52d71f57661af42be48a3dd3013b65) Importer(815301076,1909f56bfc062723c751e8b465ee728b)
Start importing Assets/Sprites/books_55.asset using Guid(7b52d71f57661af42be48a3dd3013b65) Importer(815301076,1909f56bfc062723c751e8b465ee728b)  -> (artifact id: '2bdf2429f9bec61b22bd5083aadd6189') in 0.013073 seconds 
========================================================================
Received Import Request.
  Time since last request: 1.250864 seconds.
  path: Assets/Sprites/books_56.asset
  artifactKey: Guid(470138ad41dc0db4292953fd29898fe7) Importer(815301076,1909f56bfc062723c751e8b465ee728b)
Start importing Assets/Sprites/books_56.asset using Guid(470138ad41dc0db4292953fd29898fe7) Importer(815301076,1909f56bfc062723c751e8b465ee728b)  -> (artifact id: 'ede8258bf1e2f459aa3c9d854f235ab1') in 0.009770 seconds 
========================================================================
Received Import Request.
  Time since last request: 0.000019 seconds.
  path: Assets/Sprites/books_83.asset
  artifactKey: Guid(a2d7e9e7ed0b26c4dae676da9df345ae) Importer(815301076,1909f56bfc062723c751e8b465ee728b)
Start importing Assets/Sprites/books_83.asset using Guid(a2d7e9e7ed0b26c4dae676da9df345ae) Importer(815301076,1909f56bfc062723c751e8b465ee728b)  -> (artifact id: '65f20a7b044a2fa1afdca19f6a49a1ec') in 0.008056 seconds 
========================================================================
Received Import Request.
  Time since last request: 0.000021 seconds.
  path: Assets/Sprites/books_99.asset
  artifactKey: Guid(117e87ce8e11a274e836a2381e6ff986) Importer(815301076,1909f56bfc062723c751e8b465ee728b)
Start importing Assets/Sprites/books_99.asset using Guid(117e87ce8e11a274e836a2381e6ff986) Importer(815301076,1909f56bfc062723c751e8b465ee728b)  -> (artifact id: '3bf8c9ec20e6e86f4807e541142efc04') in 0.008519 seconds 
========================================================================
Received Import Request.
  Time since last request: 0.000033 seconds.
  path: Assets/Sprites/books_89.asset
  artifactKey: Guid(27d3c0869f953d14c95780f659d525ae) Importer(815301076,1909f56bfc062723c751e8b465ee728b)
Start importing Assets/Sprites/books_89.asset using Guid(27d3c0869f953d14c95780f659d525ae) Importer(815301076,1909f56bfc062723c751e8b465ee728b)  -> (artifact id: '3e11e8b3686137704e81acd696462ce0') in 0.009548 seconds 
========================================================================
Received Import Request.
  Time since last request: 0.000024 seconds.
  path: Assets/Sprites/books_91.asset
  artifactKey: Guid(3b7424275d02c9b49b35d5fea86a1cd7) Importer(815301076,1909f56bfc062723c751e8b465ee728b)
Start importing Assets/Sprites/books_91.asset using Guid(3b7424275d02c9b49b35d5fea86a1cd7) Importer(815301076,1909f56bfc062723c751e8b465ee728b)  -> (artifact id: 'a43db6cdb4dc52c531fdc777537ac10a') in 0.011407 seconds 
========================================================================
Received Import Request.
  Time since last request: 0.000026 seconds.
  path: Assets/Sprites/books_66.asset
  artifactKey: Guid(2dd3bcd55cf039448ac7c22af6995c83) Importer(815301076,1909f56bfc062723c751e8b465ee728b)
Start importing Assets/Sprites/books_66.asset using Guid(2dd3bcd55cf039448ac7c22af6995c83) Importer(815301076,1909f56bfc062723c751e8b465ee728b)  -> (artifact id: '1e61fdc4df6d4ed51bf26ab890dfd588') in 0.008098 seconds 
========================================================================
Received Import Request.
  Time since last request: 0.000024 seconds.
  path: Assets/Sprites/books_80.asset
  artifactKey: Guid(1351d0dd209eb9f479d1651a55fa9da3) Importer(815301076,1909f56bfc062723c751e8b465ee728b)
Start importing Assets/Sprites/books_80.asset using Guid(1351d0dd209eb9f479d1651a55fa9da3) Importer(815301076,1909f56bfc062723c751e8b465ee728b)  -> (artifact id: '596d1a7e70cd15aa557aba491dc80d68') in 0.010781 seconds 
========================================================================
Received Import Request.
  Time since last request: 0.000076 seconds.
  path: Assets/Sprites/books_69.asset
  artifactKey: Guid(13f794ace8102014cae6805e089e256c) Importer(815301076,1909f56bfc062723c751e8b465ee728b)
Start importing Assets/Sprites/books_69.asset using Guid(13f794ace8102014cae6805e089e256c) Importer(815301076,1909f56bfc062723c751e8b465ee728b)  -> (artifact id: '182bd20448cf3d3161860d8808a05b96') in 0.011411 seconds 
========================================================================
Received Import Request.
  Time since last request: 0.000023 seconds.
  path: Assets/Sprites/books_60.asset
  artifactKey: Guid(23ced9154e15c704a8603f3b43a89ac9) Importer(815301076,1909f56bfc062723c751e8b465ee728b)
Start importing Assets/Sprites/books_60.asset using Guid(23ced9154e15c704a8603f3b43a89ac9) Importer(815301076,1909f56bfc062723c751e8b465ee728b)  -> (artifact id: '95e9ab3233af88c71acbee0045c5f737') in 0.010318 seconds 
========================================================================
Received Import Request.
  Time since last request: 0.000023 seconds.
  path: Assets/Sprites/books_73.asset
  artifactKey: Guid(6304b649bf02063478c3377e2f02e865) Importer(815301076,1909f56bfc062723c751e8b465ee728b)
Start importing Assets/Sprites/books_73.asset using Guid(6304b649bf02063478c3377e2f02e865) Importer(815301076,1909f56bfc062723c751e8b465ee728b)  -> (artifact id: 'c0003edd87020136290cfa8550e4b051') in 0.008651 seconds 
========================================================================
Received Import Request.
  Time since last request: 0.000024 seconds.
  path: Assets/Sprites/books_81.asset
  artifactKey: Guid(3e0ce58f5eee95f49b58b0ae7395c395) Importer(815301076,1909f56bfc062723c751e8b465ee728b)
Start importing Assets/Sprites/books_81.asset using Guid(3e0ce58f5eee95f49b58b0ae7395c395) Importer(815301076,1909f56bfc062723c751e8b465ee728b)  -> (artifact id: '69d2b6656c6c292bab76c8f33667ed2d') in 0.009548 seconds 
========================================================================
Received Import Request.
  Time since last request: 0.000019 seconds.
  path: Assets/Sprites/books_76.asset
  artifactKey: Guid(8caeb40097be6e4449e3ca8ecc3f48f7) Importer(815301076,1909f56bfc062723c751e8b465ee728b)
Start importing Assets/Sprites/books_76.asset using Guid(8caeb40097be6e4449e3ca8ecc3f48f7) Importer(815301076,1909f56bfc062723c751e8b465ee728b)  -> (artifact id: '0b877943db3a5a4e31ab98d98518218d') in 0.035111 seconds 
========================================================================
Received Import Request.
  Time since last request: 0.000031 seconds.
  path: Assets/Sprites/books_74.asset
  artifactKey: Guid(88d97252a27a73a4099db5315b8d3227) Importer(815301076,1909f56bfc062723c751e8b465ee728b)
Start importing Assets/Sprites/books_74.asset using Guid(88d97252a27a73a4099db5315b8d3227) Importer(815301076,1909f56bfc062723c751e8b465ee728b)  -> (artifact id: 'a78c0c2d756c93cdeaa72e23ea32be94') in 0.008080 seconds 
========================================================================
Received Import Request.
  Time since last request: 0.000022 seconds.
  path: Assets/Sprites/books_86.asset
  artifactKey: Guid(83230de0d528b5745a875d9986aeca50) Importer(815301076,1909f56bfc062723c751e8b465ee728b)
Start importing Assets/Sprites/books_86.asset using Guid(83230de0d528b5745a875d9986aeca50) Importer(815301076,1909f56bfc062723c751e8b465ee728b)  -> (artifact id: '2844952197d1ecfbe5da55b7467bb765') in 0.010538 seconds 
========================================================================
Received Prepare
Registering precompiled user dll's ...
Registered in 0.005485 seconds.
Begin MonoManager ReloadAssembly
Symbol file LoadedFromMemory doesn't match image E:\git\GoshaWeb\Library\PackageCache\com.unity.visualscripting@1.8.0\Editor\VisualScripting.Core\Dependencies\YamlDotNet\Unity.VisualScripting.YamlDotNet.dll
Symbol file LoadedFromMemory doesn't match image E:\git\GoshaWeb\Library\PackageCache\com.unity.visualscripting@1.8.0\Editor\VisualScripting.Core\Dependencies\DotNetZip\Unity.VisualScripting.IonicZip.dll
Native extension for WindowsStandalone target not found
Refreshing native plugins compatible for Editor in 1.36 ms, found 4 plugins.
Preloading 0 native plugins for Editor in 0.00 ms.
Mono: successfully reloaded assembly
- Completed reload, in  1.874 seconds
Domain Reload Profiling:
	ReloadAssembly (1875ms)
		BeginReloadAssembly (236ms)
			ExecutionOrderSort (0ms)
			DisableScriptedObjects (13ms)
			BackupInstance (0ms)
			ReleaseScriptingObjects (0ms)
			CreateAndSetChildDomain (51ms)
		EndReloadAssembly (1524ms)
			LoadAssemblies (182ms)
			RebuildTransferFunctionScriptingTraits (0ms)
			SetupTypeCache (399ms)
			ReleaseScriptCaches (2ms)
			RebuildScriptCaches (88ms)
			SetupLoadedEditorAssemblies (584ms)
				LogAssemblyErrors (0ms)
				InitializePlatformSupportModulesInManaged (8ms)
				SetLoadedEditorAssemblies (1ms)
				RefreshPlugins (1ms)
				BeforeProcessingInitializeOnLoad (118ms)
				ProcessInitializeOnLoadAttributes (314ms)
				ProcessInitializeOnLoadMethodAttributes (129ms)
				AfterProcessingInitializeOnLoad (13ms)
				EditorAssembliesLoaded (0ms)
			ExecutionOrderSort2 (0ms)
			AwakeInstancesAfterBackupRestoration (22ms)
Platform modules already initialized, skipping
Refreshing native plugins compatible for Editor in 3.50 ms, found 4 plugins.
Preloading 0 native plugins for Editor in 0.00 ms.
Unloading 5100 Unused Serialized files (Serialized files now loaded: 0)
Unloading 24 unused Assets / (309.9 KB). Loaded Objects now: 5882.
Memory consumption went from 205.5 MB to 205.2 MB.
Total: 4.476000 ms (FindLiveObjects: 0.402200 ms CreateObjectMapping: 0.318300 ms MarkObjects: 3.672800 ms  DeleteObjects: 0.081800 ms)

AssetImportParameters requested are different than current active one (requested -> active):
  custom:video-decoder-ogg-theora: a1e56fd34408186e4bbccfd4996cb3dc -> 
  custom:container-muxer-webm: aa71ff27fc2769a1b78a27578f13a17b -> 
  custom:container-demuxer-webm: 4f35f7cbe854078d1ac9338744f61a02 -> 
  custom:video-encoder-webm-vp8: eb34c28f22e8b96e1ab97ce403110664 -> 
  custom:audio-encoder-webm-vorbis: bf7c407c2cedff20999df2af8eb42d56 -> 
  custom:framework-win-MediaFoundation: 216162199b28c13a410421893ffa2e32 -> 
  custom:container-demuxer-ogg: 62fdf1f143b41e24485cea50d1cbac27 -> 
  custom:video-decoder-webm-vp8: 9c59270c3fd7afecdb556c50c9e8de78 -> 
  custom:audio-decoder-ogg-vorbis: bf7c407c2cedff20999df2af8eb42d56 -> 
Editor requested this worker to shutdown with reason: Scaling down because of idle timeout
AssetImportWorker is now disconnected from the server
Process exiting
Exiting without the bug reporter. Application will terminate with return code 0