Using pre-set license
Built from '2021.3/staging' branch; Version is '2021.3.22f1 (b6c551784ba3) revision 11978065'; Using compiler version '192829333'; Build Type 'Release'
OS: 'Windows 10  (10.0.19045) 64bit Professional' Language: 'ru' Physical Memory: 8044 MB
BatchMode: 1, IsHumanControllingUs: 0, StartBugReporterOnCrash: 0, Is64bit: 1, IsPro: 1

COMMAND LINE ARGUMENTS:
C:\Program Files\Unity\Hub\Editor\2021.3.22f1\Editor\Unity.exe
-adb2
-batchMode
-noUpm
-name
AssetImportWorker1
-projectPath
C:/Users/student216-4/Documents/GitHub/GoshaWeb
-logFile
Logs/AssetImportWorker1.log
-srvPort
57430
Successfully changed project path to: C:/Users/student216-4/Documents/GitHub/GoshaWeb
C:/Users/student216-4/Documents/GitHub/GoshaWeb
[UnityMemory] Configuration Parameters - Can be set up in boot.config
    "memorysetup-bucket-allocator-granularity=16"
    "memorysetup-bucket-allocator-bucket-count=8"
    "memorysetup-bucket-allocator-block-size=33554432"
    "memorysetup-bucket-allocator-block-count=8"
    "memorysetup-main-allocator-block-size=16777216"
    "memorysetup-thread-allocator-block-size=16777216"
    "memorysetup-gfx-main-allocator-block-size=16777216"
    "memorysetup-gfx-thread-allocator-block-size=16777216"
    "memorysetup-cache-allocator-block-size=4194304"
    "memorysetup-typetree-allocator-block-size=2097152"
    "memorysetup-profiler-bucket-allocator-granularity=16"
    "memorysetup-profiler-bucket-allocator-bucket-count=8"
    "memorysetup-profiler-bucket-allocator-block-size=33554432"
    "memorysetup-profiler-bucket-allocator-block-count=8"
    "memorysetup-profiler-allocator-block-size=16777216"
    "memorysetup-profiler-editor-allocator-block-size=1048576"
    "memorysetup-temp-allocator-size-main=16777216"
    "memorysetup-job-temp-allocator-block-size=2097152"
    "memorysetup-job-temp-allocator-block-size-background=1048576"
    "memorysetup-job-temp-allocator-reduction-small-platforms=262144"
    "memorysetup-temp-allocator-size-background-worker=32768"
    "memorysetup-temp-allocator-size-job-worker=262144"
    "memorysetup-temp-allocator-size-preload-manager=33554432"
    "memorysetup-temp-allocator-size-nav-mesh-worker=65536"
    "memorysetup-temp-allocator-size-audio-worker=65536"
    "memorysetup-temp-allocator-size-cloud-worker=32768"
    "memorysetup-temp-allocator-size-gi-baking-worker=262144"
    "memorysetup-temp-allocator-size-gfx=262144"
Player connection [6480] Host "[IP] 10.10.77.104 [Port] 0 [Flags] 2 [Guid] 4098132352 [EditorId] 4098132352 [Version] 1048832 [Id] WindowsEditor(7,PC-216-04) [Debug] 1 [PackageName] WindowsEditor [ProjectName] Editor" joined multi-casting on [225.0.0.222:54997]...

Player connection [6480] Host "[IP] 10.10.77.104 [Port] 0 [Flags] 2 [Guid] 4098132352 [EditorId] 4098132352 [Version] 1048832 [Id] WindowsEditor(7,PC-216-04) [Debug] 1 [PackageName] WindowsEditor [ProjectName] Editor" joined alternative multi-casting on [225.0.0.222:34997]...

Refreshing native plugins compatible for Editor in 129.14 ms, found 4 plugins.
Preloading 0 native plugins for Editor in 0.00 ms.
Initialize engine version: 2021.3.22f1 (b6c551784ba3)
[Subsystems] Discovering subsystems at path C:/Program Files/Unity/Hub/Editor/2021.3.22f1/Editor/Data/Resources/UnitySubsystems
[Subsystems] Discovering subsystems at path C:/Users/student216-4/Documents/GitHub/GoshaWeb/Assets
GfxDevice: creating device client; threaded=0; jobified=0
Direct3D:
    Version:  Direct3D 11.0 [level 11.0]
    Renderer: NVIDIA GeForce GT 730 (ID=0x1287)
    Vendor:   NVIDIA
    VRAM:     4052 MB
    Driver:   27.21.14.5671
Initialize mono
Mono path[0] = 'C:/Program Files/Unity/Hub/Editor/2021.3.22f1/Editor/Data/Managed'
Mono path[1] = 'C:/Program Files/Unity/Hub/Editor/2021.3.22f1/Editor/Data/MonoBleedingEdge/lib/mono/unityjit-win32'
Mono config path = 'C:/Program Files/Unity/Hub/Editor/2021.3.22f1/Editor/Data/MonoBleedingEdge/etc'
Using monoOptions --debugger-agent=transport=dt_socket,embedding=1,server=y,suspend=n,address=127.0.0.1:56444
Begin MonoManager ReloadAssembly
Registering precompiled unity dll's ...
Register platform support module: C:/Program Files/Unity/Hub/Editor/2021.3.22f1/Editor/Data/PlaybackEngines/WebGLSupport/UnityEditor.WebGL.Extensions.dll
Register platform support module: C:/Program Files/Unity/Hub/Editor/2021.3.22f1/Editor/Data/PlaybackEngines/WindowsStandaloneSupport/UnityEditor.WindowsStandalone.Extensions.dll
Registered in 0.006634 seconds.
Native extension for WindowsStandalone target not found
Native extension for WebGL target not found
Refreshing native plugins compatible for Editor in 127.72 ms, found 4 plugins.
Preloading 0 native plugins for Editor in 0.00 ms.
Mono: successfully reloaded assembly
- Completed reload, in  0.665 seconds
Domain Reload Profiling:
	ReloadAssembly (666ms)
		BeginReloadAssembly (82ms)
			ExecutionOrderSort (0ms)
			DisableScriptedObjects (0ms)
			BackupInstance (0ms)
			ReleaseScriptingObjects (0ms)
			CreateAndSetChildDomain (1ms)
		EndReloadAssembly (485ms)
			LoadAssemblies (81ms)
			RebuildTransferFunctionScriptingTraits (0ms)
			SetupTypeCache (110ms)
			ReleaseScriptCaches (0ms)
			RebuildScriptCaches (29ms)
			SetupLoadedEditorAssemblies (297ms)
				LogAssemblyErrors (0ms)
				InitializePlatformSupportModulesInManaged (8ms)
				SetLoadedEditorAssemblies (0ms)
				RefreshPlugins (128ms)
				BeforeProcessingInitializeOnLoad (1ms)
				ProcessInitializeOnLoadAttributes (117ms)
				ProcessInitializeOnLoadMethodAttributes (42ms)
				AfterProcessingInitializeOnLoad (0ms)
				EditorAssembliesLoaded (0ms)
			ExecutionOrderSort2 (0ms)
			AwakeInstancesAfterBackupRestoration (0ms)
Platform modules already initialized, skipping
Registering precompiled user dll's ...
Registered in 0.005552 seconds.
Begin MonoManager ReloadAssembly
Symbol file LoadedFromMemory doesn't match image C:\Users\student216-4\Documents\GitHub\GoshaWeb\Library\PackageCache\com.unity.visualscripting@1.8.0\Editor\VisualScripting.Core\Dependencies\YamlDotNet\Unity.VisualScripting.YamlDotNet.dll
Symbol file LoadedFromMemory doesn't match image C:\Users\student216-4\Documents\GitHub\GoshaWeb\Library\PackageCache\com.unity.visualscripting@1.8.0\Editor\VisualScripting.Core\Dependencies\DotNetZip\Unity.VisualScripting.IonicZip.dll
Native extension for WindowsStandalone target not found
Native extension for WebGL target not found
Refreshing native plugins compatible for Editor in 135.64 ms, found 4 plugins.
Preloading 0 native plugins for Editor in 0.00 ms.
Mono: successfully reloaded assembly
- Completed reload, in  1.310 seconds
Domain Reload Profiling:
	ReloadAssembly (1311ms)
		BeginReloadAssembly (120ms)
			ExecutionOrderSort (0ms)
			DisableScriptedObjects (6ms)
			BackupInstance (0ms)
			ReleaseScriptingObjects (0ms)
			CreateAndSetChildDomain (18ms)
		EndReloadAssembly (1075ms)
			LoadAssemblies (95ms)
			RebuildTransferFunctionScriptingTraits (0ms)
			SetupTypeCache (270ms)
			ReleaseScriptCaches (1ms)
			RebuildScriptCaches (69ms)
			SetupLoadedEditorAssemblies (600ms)
				LogAssemblyErrors (0ms)
				InitializePlatformSupportModulesInManaged (6ms)
				SetLoadedEditorAssemblies (0ms)
				RefreshPlugins (136ms)
				BeforeProcessingInitializeOnLoad (124ms)
				ProcessInitializeOnLoadAttributes (237ms)
				ProcessInitializeOnLoadMethodAttributes (90ms)
				AfterProcessingInitializeOnLoad (6ms)
				EditorAssembliesLoaded (0ms)
			ExecutionOrderSort2 (0ms)
			AwakeInstancesAfterBackupRestoration (5ms)
Platform modules already initialized, skipping
========================================================================
Worker process is ready to serve import requests
Launched and connected shader compiler UnityShaderCompiler.exe after 0.04 seconds
Refreshing native plugins compatible for Editor in 1.96 ms, found 4 plugins.
Preloading 0 native plugins for Editor in 0.00 ms.
Unloading 5245 Unused Serialized files (Serialized files now loaded: 0)
Unloading 40 unused Assets / (0.7 MB). Loaded Objects now: 5699.
Memory consumption went from 209.5 MB to 208.8 MB.
Total: 4.061800 ms (FindLiveObjects: 0.459500 ms CreateObjectMapping: 0.349100 ms MarkObjects: 2.933600 ms  DeleteObjects: 0.318800 ms)

AssetImportParameters requested are different than current active one (requested -> active):
  custom:video-decoder-ogg-theora: a1e56fd34408186e4bbccfd4996cb3dc -> 
  custom:container-muxer-webm: aa71ff27fc2769a1b78a27578f13a17b -> 
  custom:container-demuxer-webm: 4f35f7cbe854078d1ac9338744f61a02 -> 
  custom:video-encoder-webm-vp8: eb34c28f22e8b96e1ab97ce403110664 -> 
  custom:audio-encoder-webm-vorbis: bf7c407c2cedff20999df2af8eb42d56 -> 
  custom:framework-win-MediaFoundation: 216162199b28c13a410421893ffa2e32 -> 
  custom:container-demuxer-ogg: 62fdf1f143b41e24485cea50d1cbac27 -> 
  custom:video-decoder-webm-vp8: 9c59270c3fd7afecdb556c50c9e8de78 -> 
  custom:audio-decoder-ogg-vorbis: bf7c407c2cedff20999df2af8eb42d56 -> 
========================================================================
Received Prepare
Registering precompiled user dll's ...
Registered in 0.005013 seconds.
Begin MonoManager ReloadAssembly
Symbol file LoadedFromMemory doesn't match image C:\Users\student216-4\Documents\GitHub\GoshaWeb\Library\PackageCache\com.unity.visualscripting@1.8.0\Editor\VisualScripting.Core\Dependencies\YamlDotNet\Unity.VisualScripting.YamlDotNet.dll
Symbol file LoadedFromMemory doesn't match image C:\Users\student216-4\Documents\GitHub\GoshaWeb\Library\PackageCache\com.unity.visualscripting@1.8.0\Editor\VisualScripting.Core\Dependencies\DotNetZip\Unity.VisualScripting.IonicZip.dll
Native extension for WindowsStandalone target not found
Native extension for WebGL target not found
Refreshing native plugins compatible for Editor in 1.03 ms, found 4 plugins.
Preloading 0 native plugins for Editor in 0.00 ms.
Mono: successfully reloaded assembly
- Completed reload, in  1.063 seconds
Domain Reload Profiling:
	ReloadAssembly (1063ms)
		BeginReloadAssembly (143ms)
			ExecutionOrderSort (0ms)
			DisableScriptedObjects (8ms)
			BackupInstance (0ms)
			ReleaseScriptingObjects (0ms)
			CreateAndSetChildDomain (38ms)
		EndReloadAssembly (830ms)
			LoadAssemblies (99ms)
			RebuildTransferFunctionScriptingTraits (0ms)
			SetupTypeCache (246ms)
			ReleaseScriptCaches (2ms)
			RebuildScriptCaches (52ms)
			SetupLoadedEditorAssemblies (399ms)
				LogAssemblyErrors (0ms)
				InitializePlatformSupportModulesInManaged (6ms)
				SetLoadedEditorAssemblies (0ms)
				RefreshPlugins (1ms)
				BeforeProcessingInitializeOnLoad (94ms)
				ProcessInitializeOnLoadAttributes (209ms)
				ProcessInitializeOnLoadMethodAttributes (80ms)
				AfterProcessingInitializeOnLoad (7ms)
				EditorAssembliesLoaded (0ms)
			ExecutionOrderSort2 (0ms)
			AwakeInstancesAfterBackupRestoration (7ms)
Platform modules already initialized, skipping
Refreshing native plugins compatible for Editor in 3.00 ms, found 4 plugins.
Preloading 0 native plugins for Editor in 0.00 ms.
Unloading 5100 Unused Serialized files (Serialized files now loaded: 0)
Unloading 27 unused Assets / (0.7 MB). Loaded Objects now: 5702.
Memory consumption went from 199.6 MB to 198.9 MB.
Total: 8.199300 ms (FindLiveObjects: 1.092300 ms CreateObjectMapping: 0.867700 ms MarkObjects: 5.233000 ms  DeleteObjects: 1.005100 ms)

AssetImportParameters requested are different than current active one (requested -> active):
  custom:video-decoder-ogg-theora: a1e56fd34408186e4bbccfd4996cb3dc -> 
  custom:container-muxer-webm: aa71ff27fc2769a1b78a27578f13a17b -> 
  custom:container-demuxer-webm: 4f35f7cbe854078d1ac9338744f61a02 -> 
  custom:video-encoder-webm-vp8: eb34c28f22e8b96e1ab97ce403110664 -> 
  custom:audio-encoder-webm-vorbis: bf7c407c2cedff20999df2af8eb42d56 -> 
  custom:framework-win-MediaFoundation: 216162199b28c13a410421893ffa2e32 -> 
  custom:container-demuxer-ogg: 62fdf1f143b41e24485cea50d1cbac27 -> 
  custom:video-decoder-webm-vp8: 9c59270c3fd7afecdb556c50c9e8de78 -> 
  custom:audio-decoder-ogg-vorbis: bf7c407c2cedff20999df2af8eb42d56 -> 
========================================================================
Received Prepare
Registering precompiled user dll's ...
Registered in 0.006246 seconds.
Begin MonoManager ReloadAssembly
Symbol file LoadedFromMemory doesn't match image C:\Users\student216-4\Documents\GitHub\GoshaWeb\Library\PackageCache\com.unity.visualscripting@1.8.0\Editor\VisualScripting.Core\Dependencies\YamlDotNet\Unity.VisualScripting.YamlDotNet.dll
Symbol file LoadedFromMemory doesn't match image C:\Users\student216-4\Documents\GitHub\GoshaWeb\Library\PackageCache\com.unity.visualscripting@1.8.0\Editor\VisualScripting.Core\Dependencies\DotNetZip\Unity.VisualScripting.IonicZip.dll
Native extension for WindowsStandalone target not found
Native extension for WebGL target not found
Refreshing native plugins compatible for Editor in 1.24 ms, found 4 plugins.
Preloading 0 native plugins for Editor in 0.00 ms.
Mono: successfully reloaded assembly
- Completed reload, in  1.206 seconds
Domain Reload Profiling:
	ReloadAssembly (1206ms)
		BeginReloadAssembly (143ms)
			ExecutionOrderSort (0ms)
			DisableScriptedObjects (7ms)
			BackupInstance (0ms)
			ReleaseScriptingObjects (0ms)
			CreateAndSetChildDomain (37ms)
		EndReloadAssembly (959ms)
			LoadAssemblies (104ms)
			RebuildTransferFunctionScriptingTraits (0ms)
			SetupTypeCache (281ms)
			ReleaseScriptCaches (3ms)
			RebuildScriptCaches (63ms)
			SetupLoadedEditorAssemblies (455ms)
				LogAssemblyErrors (0ms)
				InitializePlatformSupportModulesInManaged (8ms)
				SetLoadedEditorAssemblies (0ms)
				RefreshPlugins (1ms)
				BeforeProcessingInitializeOnLoad (101ms)
				ProcessInitializeOnLoadAttributes (244ms)
				ProcessInitializeOnLoadMethodAttributes (92ms)
				AfterProcessingInitializeOnLoad (8ms)
				EditorAssembliesLoaded (0ms)
			ExecutionOrderSort2 (0ms)
			AwakeInstancesAfterBackupRestoration (7ms)
Platform modules already initialized, skipping
Refreshing native plugins compatible for Editor in 2.74 ms, found 4 plugins.
Preloading 0 native plugins for Editor in 0.00 ms.
Unloading 5100 Unused Serialized files (Serialized files now loaded: 0)
Unloading 27 unused Assets / (0.7 MB). Loaded Objects now: 5705.
Memory consumption went from 199.6 MB to 198.9 MB.
Total: 4.230300 ms (FindLiveObjects: 0.498700 ms CreateObjectMapping: 0.494200 ms MarkObjects: 2.913500 ms  DeleteObjects: 0.322900 ms)

AssetImportParameters requested are different than current active one (requested -> active):
  custom:video-decoder-ogg-theora: a1e56fd34408186e4bbccfd4996cb3dc -> 
  custom:container-muxer-webm: aa71ff27fc2769a1b78a27578f13a17b -> 
  custom:container-demuxer-webm: 4f35f7cbe854078d1ac9338744f61a02 -> 
  custom:video-encoder-webm-vp8: eb34c28f22e8b96e1ab97ce403110664 -> 
  custom:audio-encoder-webm-vorbis: bf7c407c2cedff20999df2af8eb42d56 -> 
  custom:framework-win-MediaFoundation: 216162199b28c13a410421893ffa2e32 -> 
  custom:container-demuxer-ogg: 62fdf1f143b41e24485cea50d1cbac27 -> 
  custom:video-decoder-webm-vp8: 9c59270c3fd7afecdb556c50c9e8de78 -> 
  custom:audio-decoder-ogg-vorbis: bf7c407c2cedff20999df2af8eb42d56 -> 
========================================================================
Received Import Request.
  Time since last request: 87133.505302 seconds.
  path: Assets/Sprites/barempty.png
  artifactKey: Guid(fdc075174f290804f966cab922a99d0f) Importer(815301076,1909f56bfc062723c751e8b465ee728b)
Start importing Assets/Sprites/barempty.png using Guid(fdc075174f290804f966cab922a99d0f) Importer(815301076,1909f56bfc062723c751e8b465ee728b)  -> (artifact id: '908669128bc9b213e5a16ed5631d25a9') in 0.190004 seconds 
========================================================================
Received Import Request.
  Time since last request: 0.000023 seconds.
  path: Assets/Sprites/Fox Sprite Sheet 2.png
  artifactKey: Guid(842de7542e4df4c4cbf1e1ae52b4500b) Importer(815301076,1909f56bfc062723c751e8b465ee728b)
Start importing Assets/Sprites/Fox Sprite Sheet 2.png using Guid(842de7542e4df4c4cbf1e1ae52b4500b) Importer(815301076,1909f56bfc062723c751e8b465ee728b)  -> (artifact id: '11c923d7ff95865912852c65ae40c772') in 0.088401 seconds 
========================================================================
Received Import Request.
  Time since last request: 0.000029 seconds.
  path: Assets/Sprites/Barr.png
  artifactKey: Guid(005485b66ba2eaf47ac35ebaf878d293) Importer(815301076,1909f56bfc062723c751e8b465ee728b)
Start importing Assets/Sprites/Barr.png using Guid(005485b66ba2eaf47ac35ebaf878d293) Importer(815301076,1909f56bfc062723c751e8b465ee728b)  -> (artifact id: 'b2eb3e4de48fda1c0441c6d608b0b7c5') in 0.026419 seconds 
========================================================================
Received Import Request.
  Time since last request: 1.637610 seconds.
  path: Assets/Sprites/ScreenEffects/Blood Cloud Blood Overlay V3.png
  artifactKey: Guid(83db1a9648d6427429dcfd1cdb21eddb) Importer(815301076,1909f56bfc062723c751e8b465ee728b)
Start importing Assets/Sprites/ScreenEffects/Blood Cloud Blood Overlay V3.png using Guid(83db1a9648d6427429dcfd1cdb21eddb) Importer(815301076,1909f56bfc062723c751e8b465ee728b)  -> (artifact id: 'cb0e2ca3939c61055a00c8a5c4565ed7') in 0.688143 seconds 
========================================================================
Received Import Request.
  Time since last request: 0.000051 seconds.
  path: Assets/Sprites/ScreenEffects/Cult Blood Overlay.png
  artifactKey: Guid(11d6a49c2a3ee3a4a9a7a36de66e44ad) Importer(815301076,1909f56bfc062723c751e8b465ee728b)
Start importing Assets/Sprites/ScreenEffects/Cult Blood Overlay.png using Guid(11d6a49c2a3ee3a4a9a7a36de66e44ad) Importer(815301076,1909f56bfc062723c751e8b465ee728b)  -> (artifact id: '8d3d0c18c135089c25a2d922aeb54511') in 0.322974 seconds 
========================================================================
Received Import Request.
  Time since last request: 0.000046 seconds.
  path: Assets/Sprites/ScreenEffects/Infected Damage Overlay.png
  artifactKey: Guid(ce4a5973ba7bc5e46aef939ae2ca0d38) Importer(815301076,1909f56bfc062723c751e8b465ee728b)
Start importing Assets/Sprites/ScreenEffects/Infected Damage Overlay.png using Guid(ce4a5973ba7bc5e46aef939ae2ca0d38) Importer(815301076,1909f56bfc062723c751e8b465ee728b)  -> (artifact id: 'c5a6090c48755f1094168e1bc8d186c3') in 0.218182 seconds 
========================================================================
Received Import Request.
  Time since last request: 0.000026 seconds.
  path: Assets/Sprites/ScreenEffects/Blur True Corruption Blood Overlay V2.png
  artifactKey: Guid(343d6614a69f3134ba36bea7d90b2dc4) Importer(815301076,1909f56bfc062723c751e8b465ee728b)
Start importing Assets/Sprites/ScreenEffects/Blur True Corruption Blood Overlay V2.png using Guid(343d6614a69f3134ba36bea7d90b2dc4) Importer(815301076,1909f56bfc062723c751e8b465ee728b)  -> (artifact id: '7063bbad6640d73c2206106dc939ba0f') in 0.223114 seconds 
========================================================================
Received Import Request.
  Time since last request: 0.000035 seconds.
  path: Assets/Sprites/ScreenEffects/blurry Blood Smear Overlay.png
  artifactKey: Guid(2b69659438b4ff6478fe916e46404696) Importer(815301076,1909f56bfc062723c751e8b465ee728b)
Start importing Assets/Sprites/ScreenEffects/blurry Blood Smear Overlay.png using Guid(2b69659438b4ff6478fe916e46404696) Importer(815301076,1909f56bfc062723c751e8b465ee728b)  -> (artifact id: 'e385f6c1d9f49793c4febfa79cbe35dc') in 0.152615 seconds 
========================================================================
Received Import Request.
  Time since last request: 0.000018 seconds.
  path: Assets/Sprites/ScreenEffects/EVIL Blood Overlay V2.png
  artifactKey: Guid(2c68453d87f90d5408818eac4998c0ca) Importer(815301076,1909f56bfc062723c751e8b465ee728b)
Start importing Assets/Sprites/ScreenEffects/EVIL Blood Overlay V2.png using Guid(2c68453d87f90d5408818eac4998c0ca) Importer(815301076,1909f56bfc062723c751e8b465ee728b)  -> (artifact id: '5f07cd9f2ccfd9fe849268e91d4a2b04') in 0.247175 seconds 
========================================================================
Received Import Request.
  Time since last request: 0.000026 seconds.
  path: Assets/Sprites/ScreenEffects/debris2 Blood Overlay.png
  artifactKey: Guid(c2cb5808ba7f2fc4d8d8441389b49d18) Importer(815301076,1909f56bfc062723c751e8b465ee728b)
Start importing Assets/Sprites/ScreenEffects/debris2 Blood Overlay.png using Guid(c2cb5808ba7f2fc4d8d8441389b49d18) Importer(815301076,1909f56bfc062723c751e8b465ee728b)  -> (artifact id: 'dcc99dae9057e3d1e635fb4d9f2ba320') in 0.199401 seconds 
========================================================================
Received Import Request.
  Time since last request: 0.000040 seconds.
  path: Assets/Sprites/ScreenEffects/Bloody Debris Overlay.png
  artifactKey: Guid(44b45b10d331b3444b2dca748407afd6) Importer(815301076,1909f56bfc062723c751e8b465ee728b)
Start importing Assets/Sprites/ScreenEffects/Bloody Debris Overlay.png using Guid(44b45b10d331b3444b2dca748407afd6) Importer(815301076,1909f56bfc062723c751e8b465ee728b)  -> (artifact id: 'b3ee375b4b9cbe599e52ab68601c7241') in 0.196594 seconds 
========================================================================
Received Import Request.
  Time since last request: 0.000029 seconds.
  path: Assets/Sprites/ScreenEffects/blurry Blood Smear Overlay V3.png
  artifactKey: Guid(5ffd73cfedb01594bb16bcdcd49be6f1) Importer(815301076,1909f56bfc062723c751e8b465ee728b)
Start importing Assets/Sprites/ScreenEffects/blurry Blood Smear Overlay V3.png using Guid(5ffd73cfedb01594bb16bcdcd49be6f1) Importer(815301076,1909f56bfc062723c751e8b465ee728b)  -> (artifact id: 'b67436b986066db25ce9e6fced9f869a') in 0.160676 seconds 
========================================================================
Received Import Request.
  Time since last request: 0.000029 seconds.
  path: Assets/Sprites/ScreenEffects/blurry Blood Overlay V3.png
  artifactKey: Guid(22b3f60fe2e1e2843bc3252a81c8d296) Importer(815301076,1909f56bfc062723c751e8b465ee728b)
Start importing Assets/Sprites/ScreenEffects/blurry Blood Overlay V3.png using Guid(22b3f60fe2e1e2843bc3252a81c8d296) Importer(815301076,1909f56bfc062723c751e8b465ee728b)  -> (artifact id: '6c62d7877261ba9b46a86c2c18d394cb') in 0.136481 seconds 
========================================================================
Received Import Request.
  Time since last request: 0.000020 seconds.
  path: Assets/Sprites/ScreenEffects/Infected Damage Overlay V 2.png
  artifactKey: Guid(45383b3e0a533fd49b8e7dd1a9cf4347) Importer(815301076,1909f56bfc062723c751e8b465ee728b)
Start importing Assets/Sprites/ScreenEffects/Infected Damage Overlay V 2.png using Guid(45383b3e0a533fd49b8e7dd1a9cf4347) Importer(815301076,1909f56bfc062723c751e8b465ee728b)  -> (artifact id: '5a5b1cb08839aa01f90ee0cbc7410153') in 0.205579 seconds 
========================================================================
Received Import Request.
  Time since last request: 0.000020 seconds.
  path: Assets/Sprites/ScreenEffects/Blur True Corruption Blood Overlay V3.png
  artifactKey: Guid(6838a5fa2e30ea541ab6d3fa6575897c) Importer(815301076,1909f56bfc062723c751e8b465ee728b)
Start importing Assets/Sprites/ScreenEffects/Blur True Corruption Blood Overlay V3.png using Guid(6838a5fa2e30ea541ab6d3fa6575897c) Importer(815301076,1909f56bfc062723c751e8b465ee728b)  -> (artifact id: '2f8a310126459832fc8d51a968583c63') in 0.203426 seconds 
========================================================================
Received Import Request.
  Time since last request: 0.000027 seconds.
  path: Assets/Sprites/ScreenEffects/EVIL Blood Overlay.png
  artifactKey: Guid(13c71bb406082df42b0acfe2a7d7b2f8) Importer(815301076,1909f56bfc062723c751e8b465ee728b)
Start importing Assets/Sprites/ScreenEffects/EVIL Blood Overlay.png using Guid(13c71bb406082df42b0acfe2a7d7b2f8) Importer(815301076,1909f56bfc062723c751e8b465ee728b)  -> (artifact id: '4288e658d1d42943b8df27465b15764b') in 0.240302 seconds 
========================================================================
Received Import Request.
  Time since last request: 0.000024 seconds.
  path: Assets/Sprites/ScreenEffects/debris2 Blood Overlay V2.png
  artifactKey: Guid(4b2ea1c98791784428a010ae01cbcd48) Importer(815301076,1909f56bfc062723c751e8b465ee728b)
Start importing Assets/Sprites/ScreenEffects/debris2 Blood Overlay V2.png using Guid(4b2ea1c98791784428a010ae01cbcd48) Importer(815301076,1909f56bfc062723c751e8b465ee728b)  -> (artifact id: 'f4ba39e4aa3bbd29fed7ace3a72be46b') in 0.150395 seconds 
========================================================================
Received Import Request.
  Time since last request: 3571.086172 seconds.
  path: Assets/Sprites/Fox/Dash/Dash1.png
  artifactKey: Guid(99f808d75c260004f8eb22027d3aa37c) Importer(815301076,1909f56bfc062723c751e8b465ee728b)
Start importing Assets/Sprites/Fox/Dash/Dash1.png using Guid(99f808d75c260004f8eb22027d3aa37c) Importer(815301076,1909f56bfc062723c751e8b465ee728b)  -> (artifact id: 'a1a78bb94c4e9239245769bb7181fccf') in 1.047767 seconds 
========================================================================
Received Import Request.
  Time since last request: 95.418720 seconds.
  path: Assets/Sprites/Fox/Dash/jump2.png
  artifactKey: Guid(95470959cb2a9934fbd67683d39d7b3d) Importer(815301076,1909f56bfc062723c751e8b465ee728b)
Start importing Assets/Sprites/Fox/Dash/jump2.png using Guid(95470959cb2a9934fbd67683d39d7b3d) Importer(815301076,1909f56bfc062723c751e8b465ee728b)  -> (artifact id: '5222baf9dc76d677eab58add3204550d') in 0.301899 seconds 
========================================================================
Received Import Request.
  Time since last request: 0.000030 seconds.
  path: Assets/Sprites/Fox/Dash/jump6.png
  artifactKey: Guid(c9c0e7ed9c0c35741aa160db52b58d60) Importer(815301076,1909f56bfc062723c751e8b465ee728b)
Start importing Assets/Sprites/Fox/Dash/jump6.png using Guid(c9c0e7ed9c0c35741aa160db52b58d60) Importer(815301076,1909f56bfc062723c751e8b465ee728b)  -> (artifact id: '28d0f0fe580ca1aca4869f294d6e7d16') in 0.034858 seconds 
========================================================================
Received Import Request.
  Time since last request: 0.000038 seconds.
  path: Assets/Sprites/Fox/Dash/jump9.png
  artifactKey: Guid(ad9012c86174d134eae9763b502d0529) Importer(815301076,1909f56bfc062723c751e8b465ee728b)
Start importing Assets/Sprites/Fox/Dash/jump9.png using Guid(ad9012c86174d134eae9763b502d0529) Importer(815301076,1909f56bfc062723c751e8b465ee728b)  -> (artifact id: '885244d15d8dc02cce105f7f0d79e002') in 0.047770 seconds 
========================================================================
Received Import Request.
  Time since last request: 0.000021 seconds.
  path: Assets/Sprites/Fox/Dash/jump11.png
  artifactKey: Guid(3f232f4b609b4984fab82220ffba6cd8) Importer(815301076,1909f56bfc062723c751e8b465ee728b)
Start importing Assets/Sprites/Fox/Dash/jump11.png using Guid(3f232f4b609b4984fab82220ffba6cd8) Importer(815301076,1909f56bfc062723c751e8b465ee728b)  -> (artifact id: '32cc2b15e5b9e789b951f33408dc8a61') in 0.035357 seconds 
========================================================================
Received Import Request.
  Time since last request: 0.000022 seconds.
  path: Assets/Sprites/Fox/Dash/jump5.png
  artifactKey: Guid(73c0530995ea03d4a92b7781d06ee9bf) Importer(815301076,1909f56bfc062723c751e8b465ee728b)
Start importing Assets/Sprites/Fox/Dash/jump5.png using Guid(73c0530995ea03d4a92b7781d06ee9bf) Importer(815301076,1909f56bfc062723c751e8b465ee728b)  -> (artifact id: 'c89a4fdff2e0e476c15ba1e5b19c8fb7') in 0.042075 seconds 
========================================================================
Received Import Request.
  Time since last request: 0.000021 seconds.
  path: Assets/Sprites/Fox/Dash/jump10.png
  artifactKey: Guid(70db94e8d143d1047a00f371197b536e) Importer(815301076,1909f56bfc062723c751e8b465ee728b)
Start importing Assets/Sprites/Fox/Dash/jump10.png using Guid(70db94e8d143d1047a00f371197b536e) Importer(815301076,1909f56bfc062723c751e8b465ee728b)  -> (artifact id: 'bbbe63b9cb407826d6c2203df2cfb810') in 0.029465 seconds 
========================================================================
Received Import Request.
  Time since last request: 0.000021 seconds.
  path: Assets/Sprites/Fox/Dash/jump8.png
  artifactKey: Guid(e314907f7ca24654884af9a564cb7d20) Importer(815301076,1909f56bfc062723c751e8b465ee728b)
Start importing Assets/Sprites/Fox/Dash/jump8.png using Guid(e314907f7ca24654884af9a564cb7d20) Importer(815301076,1909f56bfc062723c751e8b465ee728b)  -> (artifact id: '43098a7dcfa7513538e8cdb0887d2d24') in 0.038280 seconds 
========================================================================
Received Import Request.
  Time since last request: 0.000024 seconds.
  path: Assets/Sprites/Fox/Dash/jump4.png
  artifactKey: Guid(5fd589e257a34cb478c3d462b40ced29) Importer(815301076,1909f56bfc062723c751e8b465ee728b)
Start importing Assets/Sprites/Fox/Dash/jump4.png using Guid(5fd589e257a34cb478c3d462b40ced29) Importer(815301076,1909f56bfc062723c751e8b465ee728b)  -> (artifact id: '57ff694f4d6622b0e496e696a75b3f42') in 0.035836 seconds 
========================================================================
Received Import Request.
  Time since last request: 0.000030 seconds.
  path: Assets/Sprites/Fox/Dash/jump7.png
  artifactKey: Guid(94c2df715103add44b37a74275f2ea61) Importer(815301076,1909f56bfc062723c751e8b465ee728b)
Start importing Assets/Sprites/Fox/Dash/jump7.png using Guid(94c2df715103add44b37a74275f2ea61) Importer(815301076,1909f56bfc062723c751e8b465ee728b)  -> (artifact id: 'a4bde97b02dee94d64df793aa5c18f11') in 0.032510 seconds 
========================================================================
Received Import Request.
  Time since last request: 0.000024 seconds.
  path: Assets/Sprites/Fox/Dash/jump3.png
  artifactKey: Guid(f79ae25a1c76da94aad9d34a60e77f60) Importer(815301076,1909f56bfc062723c751e8b465ee728b)
Start importing Assets/Sprites/Fox/Dash/jump3.png using Guid(f79ae25a1c76da94aad9d34a60e77f60) Importer(815301076,1909f56bfc062723c751e8b465ee728b)  -> (artifact id: '47a3693432b980551c7a665b3a96c889') in 0.028772 seconds 
Editor requested this worker to shutdown with reason: Scaling down because of idle timeout
AssetImportWorker is now disconnected from the server
Process exiting
Exiting without the bug reporter. Application will terminate with return code 0